ARM GAS  C:\Users\ramanatg\AppData\Local\Temp\ccGArMzf.s 			page 1


   1              		.cpu cortex-m0
   2              		.fpu softvfp
   3              		.eabi_attribute 20, 1
   4              		.eabi_attribute 21, 1
   5              		.eabi_attribute 23, 3
   6              		.eabi_attribute 24, 1
   7              		.eabi_attribute 25, 1
   8              		.eabi_attribute 26, 1
   9              		.eabi_attribute 30, 2
  10              		.eabi_attribute 34, 0
  11              		.eabi_attribute 18, 4
  12              		.code	16
  13              		.file	"BLE_custom.c"
  14              		.text
  15              	.Ltext0:
  16              		.cfi_sections	.debug_frame
  17              		.section	.text.CyBle_CustomInit,"ax",%progbits
  18              		.align	2
  19              		.global	CyBle_CustomInit
  20              		.code	16
  21              		.thumb_func
  22              		.type	CyBle_CustomInit, %function
  23              	CyBle_CustomInit:
  24              	.LFB2:
  25              		.file 1 "Generated_Source\\PSoC4\\BLE_custom.c"
   1:Generated_Source\PSoC4/BLE_custom.c **** /***************************************************************************//**
   2:Generated_Source\PSoC4/BLE_custom.c **** * \file CYBLE_custom.c
   3:Generated_Source\PSoC4/BLE_custom.c **** * \version 3.10
   4:Generated_Source\PSoC4/BLE_custom.c **** * 
   5:Generated_Source\PSoC4/BLE_custom.c **** * \brief
   6:Generated_Source\PSoC4/BLE_custom.c **** *  Contains the source code for the Custom Service.
   7:Generated_Source\PSoC4/BLE_custom.c **** * 
   8:Generated_Source\PSoC4/BLE_custom.c **** ********************************************************************************
   9:Generated_Source\PSoC4/BLE_custom.c **** * \copyright
  10:Generated_Source\PSoC4/BLE_custom.c **** * Copyright 2014-2016, Cypress Semiconductor Corporation.  All rights reserved.
  11:Generated_Source\PSoC4/BLE_custom.c **** * You may use this file only in accordance with the license, terms, conditions,
  12:Generated_Source\PSoC4/BLE_custom.c **** * disclaimers, and limitations in the end user license agreement accompanying
  13:Generated_Source\PSoC4/BLE_custom.c **** * the software package with which this file was provided.
  14:Generated_Source\PSoC4/BLE_custom.c **** *******************************************************************************/
  15:Generated_Source\PSoC4/BLE_custom.c **** 
  16:Generated_Source\PSoC4/BLE_custom.c **** 
  17:Generated_Source\PSoC4/BLE_custom.c **** #include "BLE_eventHandler.h"
  18:Generated_Source\PSoC4/BLE_custom.c **** 
  19:Generated_Source\PSoC4/BLE_custom.c **** #ifdef CYBLE_CUSTOM_SERVER
  20:Generated_Source\PSoC4/BLE_custom.c **** 
  21:Generated_Source\PSoC4/BLE_custom.c **** /* If any custom service with custom characterisctis is defined in the
  22:Generated_Source\PSoC4/BLE_custom.c **** * customizer's GUI their handles will be present in this array.
  23:Generated_Source\PSoC4/BLE_custom.c **** */
  24:Generated_Source\PSoC4/BLE_custom.c **** /* This array contains attribute handles for the defined Custom Services and their characteristics 
  25:Generated_Source\PSoC4/BLE_custom.c ****    The array index definitions are located in the CYBLE_custom.h file. */
  26:Generated_Source\PSoC4/BLE_custom.c **** const CYBLE_CUSTOMS_T cyBle_customs[0x01u] = {
  27:Generated_Source\PSoC4/BLE_custom.c **** 
  28:Generated_Source\PSoC4/BLE_custom.c ****     /* Eddystone-URL Configuration service */
  29:Generated_Source\PSoC4/BLE_custom.c ****     {
  30:Generated_Source\PSoC4/BLE_custom.c ****         0x000Cu, /* Handle of the Eddystone-URL Configuration service */ 
  31:Generated_Source\PSoC4/BLE_custom.c ****         {
  32:Generated_Source\PSoC4/BLE_custom.c **** 
ARM GAS  C:\Users\ramanatg\AppData\Local\Temp\ccGArMzf.s 			page 2


  33:Generated_Source\PSoC4/BLE_custom.c ****             /* Lock State characteristic */
  34:Generated_Source\PSoC4/BLE_custom.c ****             {
  35:Generated_Source\PSoC4/BLE_custom.c ****                 0x000Eu, /* Handle of the Lock State characteristic */ 
  36:Generated_Source\PSoC4/BLE_custom.c ****                 
  37:Generated_Source\PSoC4/BLE_custom.c ****                 /* Array of Descriptors handles */
  38:Generated_Source\PSoC4/BLE_custom.c ****                 {
  39:Generated_Source\PSoC4/BLE_custom.c ****                     CYBLE_GATT_INVALID_ATTR_HANDLE_VALUE, 
  40:Generated_Source\PSoC4/BLE_custom.c ****                 }, 
  41:Generated_Source\PSoC4/BLE_custom.c ****             },
  42:Generated_Source\PSoC4/BLE_custom.c **** 
  43:Generated_Source\PSoC4/BLE_custom.c ****             /* Lock characteristic */
  44:Generated_Source\PSoC4/BLE_custom.c ****             {
  45:Generated_Source\PSoC4/BLE_custom.c ****                 0x0010u, /* Handle of the Lock characteristic */ 
  46:Generated_Source\PSoC4/BLE_custom.c ****                 
  47:Generated_Source\PSoC4/BLE_custom.c ****                 /* Array of Descriptors handles */
  48:Generated_Source\PSoC4/BLE_custom.c ****                 {
  49:Generated_Source\PSoC4/BLE_custom.c ****                     CYBLE_GATT_INVALID_ATTR_HANDLE_VALUE, 
  50:Generated_Source\PSoC4/BLE_custom.c ****                 }, 
  51:Generated_Source\PSoC4/BLE_custom.c ****             },
  52:Generated_Source\PSoC4/BLE_custom.c **** 
  53:Generated_Source\PSoC4/BLE_custom.c ****             /* Unlock characteristic */
  54:Generated_Source\PSoC4/BLE_custom.c ****             {
  55:Generated_Source\PSoC4/BLE_custom.c ****                 0x0012u, /* Handle of the Unlock characteristic */ 
  56:Generated_Source\PSoC4/BLE_custom.c ****                 
  57:Generated_Source\PSoC4/BLE_custom.c ****                 /* Array of Descriptors handles */
  58:Generated_Source\PSoC4/BLE_custom.c ****                 {
  59:Generated_Source\PSoC4/BLE_custom.c ****                     CYBLE_GATT_INVALID_ATTR_HANDLE_VALUE, 
  60:Generated_Source\PSoC4/BLE_custom.c ****                 }, 
  61:Generated_Source\PSoC4/BLE_custom.c ****             },
  62:Generated_Source\PSoC4/BLE_custom.c **** 
  63:Generated_Source\PSoC4/BLE_custom.c ****             /* URI Data characteristic */
  64:Generated_Source\PSoC4/BLE_custom.c ****             {
  65:Generated_Source\PSoC4/BLE_custom.c ****                 0x0014u, /* Handle of the URI Data characteristic */ 
  66:Generated_Source\PSoC4/BLE_custom.c ****                 
  67:Generated_Source\PSoC4/BLE_custom.c ****                 /* Array of Descriptors handles */
  68:Generated_Source\PSoC4/BLE_custom.c ****                 {
  69:Generated_Source\PSoC4/BLE_custom.c ****                     CYBLE_GATT_INVALID_ATTR_HANDLE_VALUE, 
  70:Generated_Source\PSoC4/BLE_custom.c ****                 }, 
  71:Generated_Source\PSoC4/BLE_custom.c ****             },
  72:Generated_Source\PSoC4/BLE_custom.c **** 
  73:Generated_Source\PSoC4/BLE_custom.c ****             /* URI Flags characteristic */
  74:Generated_Source\PSoC4/BLE_custom.c ****             {
  75:Generated_Source\PSoC4/BLE_custom.c ****                 0x0016u, /* Handle of the URI Flags characteristic */ 
  76:Generated_Source\PSoC4/BLE_custom.c ****                 
  77:Generated_Source\PSoC4/BLE_custom.c ****                 /* Array of Descriptors handles */
  78:Generated_Source\PSoC4/BLE_custom.c ****                 {
  79:Generated_Source\PSoC4/BLE_custom.c ****                     CYBLE_GATT_INVALID_ATTR_HANDLE_VALUE, 
  80:Generated_Source\PSoC4/BLE_custom.c ****                 }, 
  81:Generated_Source\PSoC4/BLE_custom.c ****             },
  82:Generated_Source\PSoC4/BLE_custom.c **** 
  83:Generated_Source\PSoC4/BLE_custom.c ****             /* Advertised Tx Power Levels characteristic */
  84:Generated_Source\PSoC4/BLE_custom.c ****             {
  85:Generated_Source\PSoC4/BLE_custom.c ****                 0x0018u, /* Handle of the Advertised Tx Power Levels characteristic */ 
  86:Generated_Source\PSoC4/BLE_custom.c ****                 
  87:Generated_Source\PSoC4/BLE_custom.c ****                 /* Array of Descriptors handles */
  88:Generated_Source\PSoC4/BLE_custom.c ****                 {
  89:Generated_Source\PSoC4/BLE_custom.c ****                     CYBLE_GATT_INVALID_ATTR_HANDLE_VALUE, 
ARM GAS  C:\Users\ramanatg\AppData\Local\Temp\ccGArMzf.s 			page 3


  90:Generated_Source\PSoC4/BLE_custom.c ****                 }, 
  91:Generated_Source\PSoC4/BLE_custom.c ****             },
  92:Generated_Source\PSoC4/BLE_custom.c **** 
  93:Generated_Source\PSoC4/BLE_custom.c ****             /* Tx Power Mode characteristic */
  94:Generated_Source\PSoC4/BLE_custom.c ****             {
  95:Generated_Source\PSoC4/BLE_custom.c ****                 0x001Au, /* Handle of the Tx Power Mode characteristic */ 
  96:Generated_Source\PSoC4/BLE_custom.c ****                 
  97:Generated_Source\PSoC4/BLE_custom.c ****                 /* Array of Descriptors handles */
  98:Generated_Source\PSoC4/BLE_custom.c ****                 {
  99:Generated_Source\PSoC4/BLE_custom.c ****                     CYBLE_GATT_INVALID_ATTR_HANDLE_VALUE, 
 100:Generated_Source\PSoC4/BLE_custom.c ****                 }, 
 101:Generated_Source\PSoC4/BLE_custom.c ****             },
 102:Generated_Source\PSoC4/BLE_custom.c **** 
 103:Generated_Source\PSoC4/BLE_custom.c ****             /* Beacon Period characteristic */
 104:Generated_Source\PSoC4/BLE_custom.c ****             {
 105:Generated_Source\PSoC4/BLE_custom.c ****                 0x001Cu, /* Handle of the Beacon Period characteristic */ 
 106:Generated_Source\PSoC4/BLE_custom.c ****                 
 107:Generated_Source\PSoC4/BLE_custom.c ****                 /* Array of Descriptors handles */
 108:Generated_Source\PSoC4/BLE_custom.c ****                 {
 109:Generated_Source\PSoC4/BLE_custom.c ****                     CYBLE_GATT_INVALID_ATTR_HANDLE_VALUE, 
 110:Generated_Source\PSoC4/BLE_custom.c ****                 }, 
 111:Generated_Source\PSoC4/BLE_custom.c ****             },
 112:Generated_Source\PSoC4/BLE_custom.c **** 
 113:Generated_Source\PSoC4/BLE_custom.c ****             /* Reset characteristic */
 114:Generated_Source\PSoC4/BLE_custom.c ****             {
 115:Generated_Source\PSoC4/BLE_custom.c ****                 0x001Eu, /* Handle of the Reset characteristic */ 
 116:Generated_Source\PSoC4/BLE_custom.c ****                 
 117:Generated_Source\PSoC4/BLE_custom.c ****                 /* Array of Descriptors handles */
 118:Generated_Source\PSoC4/BLE_custom.c ****                 {
 119:Generated_Source\PSoC4/BLE_custom.c ****                     CYBLE_GATT_INVALID_ATTR_HANDLE_VALUE, 
 120:Generated_Source\PSoC4/BLE_custom.c ****                 }, 
 121:Generated_Source\PSoC4/BLE_custom.c ****             },
 122:Generated_Source\PSoC4/BLE_custom.c ****         }, 
 123:Generated_Source\PSoC4/BLE_custom.c ****     },
 124:Generated_Source\PSoC4/BLE_custom.c **** };
 125:Generated_Source\PSoC4/BLE_custom.c **** 
 126:Generated_Source\PSoC4/BLE_custom.c **** 
 127:Generated_Source\PSoC4/BLE_custom.c **** #endif /* (CYBLE_CUSTOM_SERVER) */
 128:Generated_Source\PSoC4/BLE_custom.c **** 
 129:Generated_Source\PSoC4/BLE_custom.c **** #ifdef CYBLE_CUSTOM_CLIENT
 130:Generated_Source\PSoC4/BLE_custom.c ****     
 131:Generated_Source\PSoC4/BLE_custom.c **** 
 132:Generated_Source\PSoC4/BLE_custom.c **** static uint16 cyBle_customDisServIndex;
 133:Generated_Source\PSoC4/BLE_custom.c **** static uint16 cyBle_customDisCharIndex;
 134:Generated_Source\PSoC4/BLE_custom.c **** 
 135:Generated_Source\PSoC4/BLE_custom.c **** #endif /* (CYBLE_CUSTOM_CLIENT) */
 136:Generated_Source\PSoC4/BLE_custom.c **** 
 137:Generated_Source\PSoC4/BLE_custom.c **** 
 138:Generated_Source\PSoC4/BLE_custom.c **** /****************************************************************************** 
 139:Generated_Source\PSoC4/BLE_custom.c **** * Function Name: CyBle_CustomInit
 140:Generated_Source\PSoC4/BLE_custom.c **** ***************************************************************************//**
 141:Generated_Source\PSoC4/BLE_custom.c **** * 
 142:Generated_Source\PSoC4/BLE_custom.c **** *  This function initializes Custom Service.
 143:Generated_Source\PSoC4/BLE_custom.c **** * 
 144:Generated_Source\PSoC4/BLE_custom.c **** * \return
 145:Generated_Source\PSoC4/BLE_custom.c **** *  None
 146:Generated_Source\PSoC4/BLE_custom.c **** * 
ARM GAS  C:\Users\ramanatg\AppData\Local\Temp\ccGArMzf.s 			page 4


 147:Generated_Source\PSoC4/BLE_custom.c **** ******************************************************************************/
 148:Generated_Source\PSoC4/BLE_custom.c **** void CyBle_CustomInit(void)
 149:Generated_Source\PSoC4/BLE_custom.c **** {
  26              		.loc 1 149 0
  27              		.cfi_startproc
 150:Generated_Source\PSoC4/BLE_custom.c ****     
 151:Generated_Source\PSoC4/BLE_custom.c **** #ifdef CYBLE_CUSTOM_CLIENT
 152:Generated_Source\PSoC4/BLE_custom.c **** 
 153:Generated_Source\PSoC4/BLE_custom.c ****     uint16 locServIndex;
 154:Generated_Source\PSoC4/BLE_custom.c ****     uint16 locCharIndex;
 155:Generated_Source\PSoC4/BLE_custom.c ****     uint16 locDescIndex;
 156:Generated_Source\PSoC4/BLE_custom.c ****     
 157:Generated_Source\PSoC4/BLE_custom.c ****     for(locServIndex = 0u; locServIndex < CYBLE_CUSTOMC_SERVICE_COUNT; locServIndex++)
 158:Generated_Source\PSoC4/BLE_custom.c ****     {
 159:Generated_Source\PSoC4/BLE_custom.c ****         if(cyBle_serverInfo[CYBLE_SRVI_CUSTOMS + locServIndex].range.startHandle == CYBLE_GATT_INVA
 160:Generated_Source\PSoC4/BLE_custom.c ****         {
 161:Generated_Source\PSoC4/BLE_custom.c ****             for(locCharIndex = 0u; locCharIndex < cyBle_customCServ[locServIndex].charCount; locCha
 162:Generated_Source\PSoC4/BLE_custom.c ****             {
 163:Generated_Source\PSoC4/BLE_custom.c ****                 cyBle_customCServ[locServIndex].customServChar[locCharIndex].
 164:Generated_Source\PSoC4/BLE_custom.c ****                     customServCharHandle = 0u;
 165:Generated_Source\PSoC4/BLE_custom.c ****                 
 166:Generated_Source\PSoC4/BLE_custom.c ****                 for(locDescIndex = 0u; locDescIndex < 
 167:Generated_Source\PSoC4/BLE_custom.c ****                     cyBle_customCServ[locServIndex].customServChar[locCharIndex].descCount; 
 168:Generated_Source\PSoC4/BLE_custom.c ****                         locDescIndex++)
 169:Generated_Source\PSoC4/BLE_custom.c ****                 {
 170:Generated_Source\PSoC4/BLE_custom.c ****                     cyBle_customCServ[locServIndex].customServChar[locCharIndex].
 171:Generated_Source\PSoC4/BLE_custom.c ****                         customServCharDesc[locDescIndex].descHandle = 0u;
 172:Generated_Source\PSoC4/BLE_custom.c ****                 }
 173:Generated_Source\PSoC4/BLE_custom.c ****             }
 174:Generated_Source\PSoC4/BLE_custom.c ****         }
 175:Generated_Source\PSoC4/BLE_custom.c ****     }
 176:Generated_Source\PSoC4/BLE_custom.c **** 
 177:Generated_Source\PSoC4/BLE_custom.c **** #endif /* (CYBLE_CUSTOM_CLIENT) */
 178:Generated_Source\PSoC4/BLE_custom.c **** }
  28              		.loc 1 178 0
  29              		@ sp needed
  30 0000 7047     		bx	lr
  31              		.cfi_endproc
  32              	.LFE2:
  33              		.size	CyBle_CustomInit, .-CyBle_CustomInit
  34              		.global	cyBle_customs
  35 0002 C046     		.section	.rodata
  36              		.align	2
  37              		.type	cyBle_customs, %object
  38              		.size	cyBle_customs, 38
  39              	cyBle_customs:
  40 0000 0C00     		.short	12
  41 0002 0E00     		.short	14
  42 0004 0000     		.short	0
  43 0006 1000     		.short	16
  44 0008 0000     		.short	0
  45 000a 1200     		.short	18
  46 000c 0000     		.short	0
  47 000e 1400     		.short	20
  48 0010 0000     		.short	0
  49 0012 1600     		.short	22
  50 0014 0000     		.short	0
ARM GAS  C:\Users\ramanatg\AppData\Local\Temp\ccGArMzf.s 			page 5


  51 0016 1800     		.short	24
  52 0018 0000     		.short	0
  53 001a 1A00     		.short	26
  54 001c 0000     		.short	0
  55 001e 1C00     		.short	28
  56 0020 0000     		.short	0
  57 0022 1E00     		.short	30
  58 0024 0000     		.short	0
  59 0026 0000     		.text
  60              	.Letext0:
  61              		.file 2 "Generated_Source\\PSoC4\\cytypes.h"
  62              		.file 3 "Generated_Source\\PSoC4\\BLE_StackGatt.h"
  63              		.file 4 "Generated_Source\\PSoC4\\BLE_custom.h"
  64              		.file 5 "Generated_Source\\PSoC4\\BLE_Stack.h"
  65              		.section	.debug_info,"",%progbits
  66              	.Ldebug_info0:
  67 0000 08030000 		.4byte	0x308
  68 0004 0400     		.2byte	0x4
  69 0006 00000000 		.4byte	.Ldebug_abbrev0
  70 000a 04       		.byte	0x4
  71 000b 01       		.uleb128 0x1
  72 000c 84090000 		.4byte	.LASF87
  73 0010 01       		.byte	0x1
  74 0011 73020000 		.4byte	.LASF88
  75 0015 94040000 		.4byte	.LASF89
  76 0019 00000000 		.4byte	.Ldebug_ranges0+0
  77 001d 00000000 		.4byte	0
  78 0021 00000000 		.4byte	.Ldebug_line0
  79 0025 02       		.uleb128 0x2
  80 0026 01       		.byte	0x1
  81 0027 06       		.byte	0x6
  82 0028 88040000 		.4byte	.LASF0
  83 002c 02       		.uleb128 0x2
  84 002d 01       		.byte	0x1
  85 002e 08       		.byte	0x8
  86 002f 0F040000 		.4byte	.LASF1
  87 0033 02       		.uleb128 0x2
  88 0034 02       		.byte	0x2
  89 0035 05       		.byte	0x5
  90 0036 B7000000 		.4byte	.LASF2
  91 003a 02       		.uleb128 0x2
  92 003b 02       		.byte	0x2
  93 003c 07       		.byte	0x7
  94 003d C0060000 		.4byte	.LASF3
  95 0041 02       		.uleb128 0x2
  96 0042 04       		.byte	0x4
  97 0043 05       		.byte	0x5
  98 0044 C3020000 		.4byte	.LASF4
  99 0048 02       		.uleb128 0x2
 100 0049 04       		.byte	0x4
 101 004a 07       		.byte	0x7
 102 004b A1050000 		.4byte	.LASF5
 103 004f 02       		.uleb128 0x2
 104 0050 08       		.byte	0x8
 105 0051 05       		.byte	0x5
 106 0052 05010000 		.4byte	.LASF6
 107 0056 02       		.uleb128 0x2
ARM GAS  C:\Users\ramanatg\AppData\Local\Temp\ccGArMzf.s 			page 6


 108 0057 08       		.byte	0x8
 109 0058 07       		.byte	0x7
 110 0059 97020000 		.4byte	.LASF7
 111 005d 03       		.uleb128 0x3
 112 005e 04       		.byte	0x4
 113 005f 05       		.byte	0x5
 114 0060 696E7400 		.ascii	"int\000"
 115 0064 02       		.uleb128 0x2
 116 0065 04       		.byte	0x4
 117 0066 07       		.byte	0x7
 118 0067 79050000 		.4byte	.LASF8
 119 006b 04       		.uleb128 0x4
 120 006c 7B010000 		.4byte	.LASF79
 121 0070 02       		.byte	0x2
 122 0071 9901     		.2byte	0x199
 123 0073 3A000000 		.4byte	0x3a
 124 0077 02       		.uleb128 0x2
 125 0078 04       		.byte	0x4
 126 0079 04       		.byte	0x4
 127 007a 2B020000 		.4byte	.LASF9
 128 007e 02       		.uleb128 0x2
 129 007f 08       		.byte	0x8
 130 0080 04       		.byte	0x4
 131 0081 91070000 		.4byte	.LASF10
 132 0085 02       		.uleb128 0x2
 133 0086 01       		.byte	0x1
 134 0087 08       		.byte	0x8
 135 0088 9F060000 		.4byte	.LASF11
 136 008c 02       		.uleb128 0x2
 137 008d 04       		.byte	0x4
 138 008e 07       		.byte	0x7
 139 008f DB000000 		.4byte	.LASF12
 140 0093 05       		.uleb128 0x5
 141 0094 01       		.byte	0x1
 142 0095 05       		.byte	0x5
 143 0096 4201     		.2byte	0x142
 144 0098 50020000 		.4byte	0x250
 145 009c 06       		.uleb128 0x6
 146 009d D5010000 		.4byte	.LASF13
 147 00a1 00       		.sleb128 0
 148 00a2 06       		.uleb128 0x6
 149 00a3 4A010000 		.4byte	.LASF14
 150 00a7 01       		.sleb128 1
 151 00a8 06       		.uleb128 0x6
 152 00a9 FA080000 		.4byte	.LASF15
 153 00ad 02       		.sleb128 2
 154 00ae 06       		.uleb128 0x6
 155 00af D0070000 		.4byte	.LASF16
 156 00b3 03       		.sleb128 3
 157 00b4 06       		.uleb128 0x6
 158 00b5 24010000 		.4byte	.LASF17
 159 00b9 04       		.sleb128 4
 160 00ba 06       		.uleb128 0x6
 161 00bb 55030000 		.4byte	.LASF18
 162 00bf 05       		.sleb128 5
 163 00c0 06       		.uleb128 0x6
 164 00c1 3E000000 		.4byte	.LASF19
ARM GAS  C:\Users\ramanatg\AppData\Local\Temp\ccGArMzf.s 			page 7


 165 00c5 06       		.sleb128 6
 166 00c6 06       		.uleb128 0x6
 167 00c7 2E080000 		.4byte	.LASF20
 168 00cb 20       		.sleb128 32
 169 00cc 06       		.uleb128 0x6
 170 00cd B3050000 		.4byte	.LASF21
 171 00d1 21       		.sleb128 33
 172 00d2 06       		.uleb128 0x6
 173 00d3 00000000 		.4byte	.LASF22
 174 00d7 22       		.sleb128 34
 175 00d8 06       		.uleb128 0x6
 176 00d9 71030000 		.4byte	.LASF23
 177 00dd 23       		.sleb128 35
 178 00de 06       		.uleb128 0x6
 179 00df 5D050000 		.4byte	.LASF24
 180 00e3 24       		.sleb128 36
 181 00e4 06       		.uleb128 0x6
 182 00e5 C1000000 		.4byte	.LASF25
 183 00e9 25       		.sleb128 37
 184 00ea 06       		.uleb128 0x6
 185 00eb 0C030000 		.4byte	.LASF26
 186 00ef 26       		.sleb128 38
 187 00f0 06       		.uleb128 0x6
 188 00f1 ED020000 		.4byte	.LASF27
 189 00f5 27       		.sleb128 39
 190 00f6 06       		.uleb128 0x6
 191 00f7 71000000 		.4byte	.LASF28
 192 00fb 28       		.sleb128 40
 193 00fc 06       		.uleb128 0x6
 194 00fd EB050000 		.4byte	.LASF29
 195 0101 29       		.sleb128 41
 196 0102 06       		.uleb128 0x6
 197 0103 4F060000 		.4byte	.LASF30
 198 0107 2A       		.sleb128 42
 199 0108 06       		.uleb128 0x6
 200 0109 31070000 		.4byte	.LASF31
 201 010d 2B       		.sleb128 43
 202 010e 06       		.uleb128 0x6
 203 010f 2B060000 		.4byte	.LASF32
 204 0113 2C       		.sleb128 44
 205 0114 06       		.uleb128 0x6
 206 0115 4A020000 		.4byte	.LASF33
 207 0119 2D       		.sleb128 45
 208 011a 06       		.uleb128 0x6
 209 011b 93000000 		.4byte	.LASF34
 210 011f 2E       		.sleb128 46
 211 0120 06       		.uleb128 0x6
 212 0121 7E0A0000 		.4byte	.LASF35
 213 0125 2F       		.sleb128 47
 214 0126 06       		.uleb128 0x6
 215 0127 E4000000 		.4byte	.LASF36
 216 012b 30       		.sleb128 48
 217 012c 06       		.uleb128 0x6
 218 012d C5030000 		.4byte	.LASF37
 219 0131 31       		.sleb128 49
 220 0132 06       		.uleb128 0x6
 221 0133 D3060000 		.4byte	.LASF38
ARM GAS  C:\Users\ramanatg\AppData\Local\Temp\ccGArMzf.s 			page 8


 222 0137 32       		.sleb128 50
 223 0138 06       		.uleb128 0x6
 224 0139 78060000 		.4byte	.LASF39
 225 013d 33       		.sleb128 51
 226 013e 06       		.uleb128 0x6
 227 013f 57000000 		.4byte	.LASF40
 228 0143 C000     		.sleb128 64
 229 0145 06       		.uleb128 0x6
 230 0146 86050000 		.4byte	.LASF41
 231 014a C100     		.sleb128 65
 232 014c 06       		.uleb128 0x6
 233 014d 600A0000 		.4byte	.LASF42
 234 0151 C200     		.sleb128 66
 235 0153 06       		.uleb128 0x6
 236 0154 5D010000 		.4byte	.LASF43
 237 0158 C300     		.sleb128 67
 238 015a 06       		.uleb128 0x6
 239 015b B8080000 		.4byte	.LASF44
 240 015f C400     		.sleb128 68
 241 0161 06       		.uleb128 0x6
 242 0162 52080000 		.4byte	.LASF45
 243 0166 C500     		.sleb128 69
 244 0168 06       		.uleb128 0x6
 245 0169 97080000 		.4byte	.LASF46
 246 016d C600     		.sleb128 70
 247 016f 06       		.uleb128 0x6
 248 0170 6A040000 		.4byte	.LASF47
 249 0174 C700     		.sleb128 71
 250 0176 06       		.uleb128 0x6
 251 0177 36050000 		.4byte	.LASF48
 252 017b C800     		.sleb128 72
 253 017d 06       		.uleb128 0x6
 254 017e 31020000 		.4byte	.LASF49
 255 0182 C900     		.sleb128 73
 256 0184 06       		.uleb128 0x6
 257 0185 F4060000 		.4byte	.LASF50
 258 0189 CA00     		.sleb128 74
 259 018b 06       		.uleb128 0x6
 260 018c 95010000 		.4byte	.LASF51
 261 0190 CB00     		.sleb128 75
 262 0192 06       		.uleb128 0x6
 263 0193 1C050000 		.4byte	.LASF52
 264 0197 CC00     		.sleb128 76
 265 0199 06       		.uleb128 0x6
 266 019a 24000000 		.4byte	.LASF53
 267 019e CD00     		.sleb128 77
 268 01a0 06       		.uleb128 0x6
 269 01a1 79080000 		.4byte	.LASF54
 270 01a5 CE00     		.sleb128 78
 271 01a7 06       		.uleb128 0x6
 272 01a8 2C040000 		.4byte	.LASF55
 273 01ac CF00     		.sleb128 79
 274 01ae 06       		.uleb128 0x6
 275 01af 65090000 		.4byte	.LASF56
 276 01b3 D000     		.sleb128 80
 277 01b5 06       		.uleb128 0x6
 278 01b6 12070000 		.4byte	.LASF57
ARM GAS  C:\Users\ramanatg\AppData\Local\Temp\ccGArMzf.s 			page 9


 279 01ba D100     		.sleb128 81
 280 01bc 06       		.uleb128 0x6
 281 01bd 34030000 		.4byte	.LASF58
 282 01c1 D200     		.sleb128 82
 283 01c3 06       		.uleb128 0x6
 284 01c4 CC020000 		.4byte	.LASF59
 285 01c8 D300     		.sleb128 83
 286 01ca 06       		.uleb128 0x6
 287 01cb B4010000 		.4byte	.LASF60
 288 01cf D400     		.sleb128 84
 289 01d1 06       		.uleb128 0x6
 290 01d2 3C0A0000 		.4byte	.LASF61
 291 01d6 D500     		.sleb128 85
 292 01d8 06       		.uleb128 0x6
 293 01d9 43090000 		.4byte	.LASF62
 294 01dd D600     		.sleb128 86
 295 01df 06       		.uleb128 0x6
 296 01e0 1A090000 		.4byte	.LASF63
 297 01e4 D700     		.sleb128 87
 298 01e6 06       		.uleb128 0x6
 299 01e7 08060000 		.4byte	.LASF64
 300 01eb D800     		.sleb128 88
 301 01ed 06       		.uleb128 0x6
 302 01ee E9030000 		.4byte	.LASF65
 303 01f2 F000     		.sleb128 112
 304 01f4 06       		.uleb128 0x6
 305 01f5 08080000 		.4byte	.LASF66
 306 01f9 F100     		.sleb128 113
 307 01fb 06       		.uleb128 0x6
 308 01fc A4060000 		.4byte	.LASF67
 309 0200 F200     		.sleb128 114
 310 0202 06       		.uleb128 0x6
 311 0203 EC010000 		.4byte	.LASF68
 312 0207 F300     		.sleb128 115
 313 0209 06       		.uleb128 0x6
 314 020a A7030000 		.4byte	.LASF69
 315 020e F400     		.sleb128 116
 316 0210 06       		.uleb128 0x6
 317 0211 CA050000 		.4byte	.LASF70
 318 0215 F500     		.sleb128 117
 319 0217 06       		.uleb128 0x6
 320 0218 0A020000 		.4byte	.LASF71
 321 021c F600     		.sleb128 118
 322 021e 06       		.uleb128 0x6
 323 021f E9070000 		.4byte	.LASF72
 324 0223 F700     		.sleb128 119
 325 0225 06       		.uleb128 0x6
 326 0226 6E070000 		.4byte	.LASF73
 327 022a F800     		.sleb128 120
 328 022c 06       		.uleb128 0x6
 329 022d 98070000 		.4byte	.LASF74
 330 0231 F900     		.sleb128 121
 331 0233 06       		.uleb128 0x6
 332 0234 D6080000 		.4byte	.LASF75
 333 0238 FA00     		.sleb128 122
 334 023a 06       		.uleb128 0x6
 335 023b 50070000 		.4byte	.LASF76
ARM GAS  C:\Users\ramanatg\AppData\Local\Temp\ccGArMzf.s 			page 10


 336 023f FA01     		.sleb128 250
 337 0241 06       		.uleb128 0x6
 338 0242 4B040000 		.4byte	.LASF77
 339 0246 FB01     		.sleb128 251
 340 0248 06       		.uleb128 0x6
 341 0249 0C090000 		.4byte	.LASF78
 342 024d FF01     		.sleb128 255
 343 024f 00       		.byte	0
 344 0250 04       		.uleb128 0x4
 345 0251 120A0000 		.4byte	.LASF80
 346 0255 03       		.byte	0x3
 347 0256 9201     		.2byte	0x192
 348 0258 6B000000 		.4byte	0x6b
 349 025c 07       		.uleb128 0x7
 350 025d 04       		.byte	0x4
 351 025e 04       		.byte	0x4
 352 025f 57       		.byte	0x57
 353 0260 7D020000 		.4byte	0x27d
 354 0264 08       		.uleb128 0x8
 355 0265 BB070000 		.4byte	.LASF81
 356 0269 04       		.byte	0x4
 357 026a 5A       		.byte	0x5a
 358 026b 50020000 		.4byte	0x250
 359 026f 00       		.byte	0
 360 0270 08       		.uleb128 0x8
 361 0271 82010000 		.4byte	.LASF82
 362 0275 04       		.byte	0x4
 363 0276 5C       		.byte	0x5c
 364 0277 7D020000 		.4byte	0x27d
 365 027b 02       		.byte	0x2
 366 027c 00       		.byte	0
 367 027d 09       		.uleb128 0x9
 368 027e 50020000 		.4byte	0x250
 369 0282 8D020000 		.4byte	0x28d
 370 0286 0A       		.uleb128 0xa
 371 0287 8C000000 		.4byte	0x8c
 372 028b 00       		.byte	0
 373 028c 00       		.byte	0
 374 028d 0B       		.uleb128 0xb
 375 028e AE020000 		.4byte	.LASF83
 376 0292 04       		.byte	0x4
 377 0293 5E       		.byte	0x5e
 378 0294 5C020000 		.4byte	0x25c
 379 0298 07       		.uleb128 0x7
 380 0299 26       		.byte	0x26
 381 029a 04       		.byte	0x4
 382 029b 61       		.byte	0x61
 383 029c B9020000 		.4byte	0x2b9
 384 02a0 08       		.uleb128 0x8
 385 02a1 13010000 		.4byte	.LASF84
 386 02a5 04       		.byte	0x4
 387 02a6 64       		.byte	0x64
 388 02a7 50020000 		.4byte	0x250
 389 02ab 00       		.byte	0
 390 02ac 08       		.uleb128 0x8
 391 02ad 1D040000 		.4byte	.LASF85
 392 02b1 04       		.byte	0x4
ARM GAS  C:\Users\ramanatg\AppData\Local\Temp\ccGArMzf.s 			page 11


 393 02b2 67       		.byte	0x67
 394 02b3 B9020000 		.4byte	0x2b9
 395 02b7 02       		.byte	0x2
 396 02b8 00       		.byte	0
 397 02b9 09       		.uleb128 0x9
 398 02ba 8D020000 		.4byte	0x28d
 399 02be C9020000 		.4byte	0x2c9
 400 02c2 0A       		.uleb128 0xa
 401 02c3 8C000000 		.4byte	0x8c
 402 02c7 08       		.byte	0x8
 403 02c8 00       		.byte	0
 404 02c9 0B       		.uleb128 0xb
 405 02ca 97030000 		.4byte	.LASF86
 406 02ce 04       		.byte	0x4
 407 02cf 69       		.byte	0x69
 408 02d0 98020000 		.4byte	0x298
 409 02d4 0C       		.uleb128 0xc
 410 02d5 39010000 		.4byte	.LASF90
 411 02d9 01       		.byte	0x1
 412 02da 94       		.byte	0x94
 413 02db 00000000 		.4byte	.LFB2
 414 02df 02000000 		.4byte	.LFE2-.LFB2
 415 02e3 01       		.uleb128 0x1
 416 02e4 9C       		.byte	0x9c
 417 02e5 09       		.uleb128 0x9
 418 02e6 C9020000 		.4byte	0x2c9
 419 02ea F5020000 		.4byte	0x2f5
 420 02ee 0A       		.uleb128 0xa
 421 02ef 8C000000 		.4byte	0x8c
 422 02f3 00       		.byte	0
 423 02f4 00       		.byte	0
 424 02f5 0D       		.uleb128 0xd
 425 02f6 2E0A0000 		.4byte	.LASF91
 426 02fa 01       		.byte	0x1
 427 02fb 1A       		.byte	0x1a
 428 02fc 06030000 		.4byte	0x306
 429 0300 05       		.uleb128 0x5
 430 0301 03       		.byte	0x3
 431 0302 00000000 		.4byte	cyBle_customs
 432 0306 0E       		.uleb128 0xe
 433 0307 E5020000 		.4byte	0x2e5
 434 030b 00       		.byte	0
 435              		.section	.debug_abbrev,"",%progbits
 436              	.Ldebug_abbrev0:
 437 0000 01       		.uleb128 0x1
 438 0001 11       		.uleb128 0x11
 439 0002 01       		.byte	0x1
 440 0003 25       		.uleb128 0x25
 441 0004 0E       		.uleb128 0xe
 442 0005 13       		.uleb128 0x13
 443 0006 0B       		.uleb128 0xb
 444 0007 03       		.uleb128 0x3
 445 0008 0E       		.uleb128 0xe
 446 0009 1B       		.uleb128 0x1b
 447 000a 0E       		.uleb128 0xe
 448 000b 55       		.uleb128 0x55
 449 000c 17       		.uleb128 0x17
ARM GAS  C:\Users\ramanatg\AppData\Local\Temp\ccGArMzf.s 			page 12


 450 000d 11       		.uleb128 0x11
 451 000e 01       		.uleb128 0x1
 452 000f 10       		.uleb128 0x10
 453 0010 17       		.uleb128 0x17
 454 0011 00       		.byte	0
 455 0012 00       		.byte	0
 456 0013 02       		.uleb128 0x2
 457 0014 24       		.uleb128 0x24
 458 0015 00       		.byte	0
 459 0016 0B       		.uleb128 0xb
 460 0017 0B       		.uleb128 0xb
 461 0018 3E       		.uleb128 0x3e
 462 0019 0B       		.uleb128 0xb
 463 001a 03       		.uleb128 0x3
 464 001b 0E       		.uleb128 0xe
 465 001c 00       		.byte	0
 466 001d 00       		.byte	0
 467 001e 03       		.uleb128 0x3
 468 001f 24       		.uleb128 0x24
 469 0020 00       		.byte	0
 470 0021 0B       		.uleb128 0xb
 471 0022 0B       		.uleb128 0xb
 472 0023 3E       		.uleb128 0x3e
 473 0024 0B       		.uleb128 0xb
 474 0025 03       		.uleb128 0x3
 475 0026 08       		.uleb128 0x8
 476 0027 00       		.byte	0
 477 0028 00       		.byte	0
 478 0029 04       		.uleb128 0x4
 479 002a 16       		.uleb128 0x16
 480 002b 00       		.byte	0
 481 002c 03       		.uleb128 0x3
 482 002d 0E       		.uleb128 0xe
 483 002e 3A       		.uleb128 0x3a
 484 002f 0B       		.uleb128 0xb
 485 0030 3B       		.uleb128 0x3b
 486 0031 05       		.uleb128 0x5
 487 0032 49       		.uleb128 0x49
 488 0033 13       		.uleb128 0x13
 489 0034 00       		.byte	0
 490 0035 00       		.byte	0
 491 0036 05       		.uleb128 0x5
 492 0037 04       		.uleb128 0x4
 493 0038 01       		.byte	0x1
 494 0039 0B       		.uleb128 0xb
 495 003a 0B       		.uleb128 0xb
 496 003b 3A       		.uleb128 0x3a
 497 003c 0B       		.uleb128 0xb
 498 003d 3B       		.uleb128 0x3b
 499 003e 05       		.uleb128 0x5
 500 003f 01       		.uleb128 0x1
 501 0040 13       		.uleb128 0x13
 502 0041 00       		.byte	0
 503 0042 00       		.byte	0
 504 0043 06       		.uleb128 0x6
 505 0044 28       		.uleb128 0x28
 506 0045 00       		.byte	0
ARM GAS  C:\Users\ramanatg\AppData\Local\Temp\ccGArMzf.s 			page 13


 507 0046 03       		.uleb128 0x3
 508 0047 0E       		.uleb128 0xe
 509 0048 1C       		.uleb128 0x1c
 510 0049 0D       		.uleb128 0xd
 511 004a 00       		.byte	0
 512 004b 00       		.byte	0
 513 004c 07       		.uleb128 0x7
 514 004d 13       		.uleb128 0x13
 515 004e 01       		.byte	0x1
 516 004f 0B       		.uleb128 0xb
 517 0050 0B       		.uleb128 0xb
 518 0051 3A       		.uleb128 0x3a
 519 0052 0B       		.uleb128 0xb
 520 0053 3B       		.uleb128 0x3b
 521 0054 0B       		.uleb128 0xb
 522 0055 01       		.uleb128 0x1
 523 0056 13       		.uleb128 0x13
 524 0057 00       		.byte	0
 525 0058 00       		.byte	0
 526 0059 08       		.uleb128 0x8
 527 005a 0D       		.uleb128 0xd
 528 005b 00       		.byte	0
 529 005c 03       		.uleb128 0x3
 530 005d 0E       		.uleb128 0xe
 531 005e 3A       		.uleb128 0x3a
 532 005f 0B       		.uleb128 0xb
 533 0060 3B       		.uleb128 0x3b
 534 0061 0B       		.uleb128 0xb
 535 0062 49       		.uleb128 0x49
 536 0063 13       		.uleb128 0x13
 537 0064 38       		.uleb128 0x38
 538 0065 0B       		.uleb128 0xb
 539 0066 00       		.byte	0
 540 0067 00       		.byte	0
 541 0068 09       		.uleb128 0x9
 542 0069 01       		.uleb128 0x1
 543 006a 01       		.byte	0x1
 544 006b 49       		.uleb128 0x49
 545 006c 13       		.uleb128 0x13
 546 006d 01       		.uleb128 0x1
 547 006e 13       		.uleb128 0x13
 548 006f 00       		.byte	0
 549 0070 00       		.byte	0
 550 0071 0A       		.uleb128 0xa
 551 0072 21       		.uleb128 0x21
 552 0073 00       		.byte	0
 553 0074 49       		.uleb128 0x49
 554 0075 13       		.uleb128 0x13
 555 0076 2F       		.uleb128 0x2f
 556 0077 0B       		.uleb128 0xb
 557 0078 00       		.byte	0
 558 0079 00       		.byte	0
 559 007a 0B       		.uleb128 0xb
 560 007b 16       		.uleb128 0x16
 561 007c 00       		.byte	0
 562 007d 03       		.uleb128 0x3
 563 007e 0E       		.uleb128 0xe
ARM GAS  C:\Users\ramanatg\AppData\Local\Temp\ccGArMzf.s 			page 14


 564 007f 3A       		.uleb128 0x3a
 565 0080 0B       		.uleb128 0xb
 566 0081 3B       		.uleb128 0x3b
 567 0082 0B       		.uleb128 0xb
 568 0083 49       		.uleb128 0x49
 569 0084 13       		.uleb128 0x13
 570 0085 00       		.byte	0
 571 0086 00       		.byte	0
 572 0087 0C       		.uleb128 0xc
 573 0088 2E       		.uleb128 0x2e
 574 0089 00       		.byte	0
 575 008a 3F       		.uleb128 0x3f
 576 008b 19       		.uleb128 0x19
 577 008c 03       		.uleb128 0x3
 578 008d 0E       		.uleb128 0xe
 579 008e 3A       		.uleb128 0x3a
 580 008f 0B       		.uleb128 0xb
 581 0090 3B       		.uleb128 0x3b
 582 0091 0B       		.uleb128 0xb
 583 0092 27       		.uleb128 0x27
 584 0093 19       		.uleb128 0x19
 585 0094 11       		.uleb128 0x11
 586 0095 01       		.uleb128 0x1
 587 0096 12       		.uleb128 0x12
 588 0097 06       		.uleb128 0x6
 589 0098 40       		.uleb128 0x40
 590 0099 18       		.uleb128 0x18
 591 009a 9742     		.uleb128 0x2117
 592 009c 19       		.uleb128 0x19
 593 009d 00       		.byte	0
 594 009e 00       		.byte	0
 595 009f 0D       		.uleb128 0xd
 596 00a0 34       		.uleb128 0x34
 597 00a1 00       		.byte	0
 598 00a2 03       		.uleb128 0x3
 599 00a3 0E       		.uleb128 0xe
 600 00a4 3A       		.uleb128 0x3a
 601 00a5 0B       		.uleb128 0xb
 602 00a6 3B       		.uleb128 0x3b
 603 00a7 0B       		.uleb128 0xb
 604 00a8 49       		.uleb128 0x49
 605 00a9 13       		.uleb128 0x13
 606 00aa 3F       		.uleb128 0x3f
 607 00ab 19       		.uleb128 0x19
 608 00ac 02       		.uleb128 0x2
 609 00ad 18       		.uleb128 0x18
 610 00ae 00       		.byte	0
 611 00af 00       		.byte	0
 612 00b0 0E       		.uleb128 0xe
 613 00b1 26       		.uleb128 0x26
 614 00b2 00       		.byte	0
 615 00b3 49       		.uleb128 0x49
 616 00b4 13       		.uleb128 0x13
 617 00b5 00       		.byte	0
 618 00b6 00       		.byte	0
 619 00b7 00       		.byte	0
 620              		.section	.debug_aranges,"",%progbits
ARM GAS  C:\Users\ramanatg\AppData\Local\Temp\ccGArMzf.s 			page 15


 621 0000 1C000000 		.4byte	0x1c
 622 0004 0200     		.2byte	0x2
 623 0006 00000000 		.4byte	.Ldebug_info0
 624 000a 04       		.byte	0x4
 625 000b 00       		.byte	0
 626 000c 0000     		.2byte	0
 627 000e 0000     		.2byte	0
 628 0010 00000000 		.4byte	.LFB2
 629 0014 02000000 		.4byte	.LFE2-.LFB2
 630 0018 00000000 		.4byte	0
 631 001c 00000000 		.4byte	0
 632              		.section	.debug_ranges,"",%progbits
 633              	.Ldebug_ranges0:
 634 0000 00000000 		.4byte	.LFB2
 635 0004 02000000 		.4byte	.LFE2
 636 0008 00000000 		.4byte	0
 637 000c 00000000 		.4byte	0
 638              		.section	.debug_line,"",%progbits
 639              	.Ldebug_line0:
 640 0000 92000000 		.section	.debug_str,"MS",%progbits,1
 640      02007900 
 640      00000201 
 640      FB0E0D00 
 640      01010101 
 641              	.LASF22:
 642 0000 4359424C 		.ascii	"CYBLE_EVT_GAP_PASSKEY_ENTRY_REQUEST\000"
 642      455F4556 
 642      545F4741 
 642      505F5041 
 642      53534B45 
 643              	.LASF53:
 644 0024 4359424C 		.ascii	"CYBLE_EVT_GATTC_WRITE_RSP\000"
 644      455F4556 
 644      545F4741 
 644      5454435F 
 644      57524954 
 645              	.LASF19:
 646 003e 4359424C 		.ascii	"CYBLE_EVT_MEMORY_REQUEST\000"
 646      455F4556 
 646      545F4D45 
 646      4D4F5259 
 646      5F524551 
 647              	.LASF40:
 648 0057 4359424C 		.ascii	"CYBLE_EVT_GATTC_ERROR_RSP\000"
 648      455F4556 
 648      545F4741 
 648      5454435F 
 648      4552524F 
 649              	.LASF28:
 650 0071 4359424C 		.ascii	"CYBLE_EVT_GAP_DEVICE_DISCONNECTED\000"
 650      455F4556 
 650      545F4741 
 650      505F4445 
 650      56494345 
 651              	.LASF34:
 652 0093 4359424C 		.ascii	"CYBLE_EVT_GAP_KEYPRESS_NOTIFICATION\000"
 652      455F4556 
ARM GAS  C:\Users\ramanatg\AppData\Local\Temp\ccGArMzf.s 			page 16


 652      545F4741 
 652      505F4B45 
 652      59505245 
 653              	.LASF2:
 654 00b7 73686F72 		.ascii	"short int\000"
 654      7420696E 
 654      7400
 655              	.LASF25:
 656 00c1 4359424C 		.ascii	"CYBLE_EVT_GAP_AUTH_FAILED\000"
 656      455F4556 
 656      545F4741 
 656      505F4155 
 656      54485F46 
 657              	.LASF12:
 658 00db 73697A65 		.ascii	"sizetype\000"
 658      74797065 
 658      00
 659              	.LASF36:
 660 00e4 4359424C 		.ascii	"CYBLE_EVT_GAP_DATA_LENGTH_CHANGE\000"
 660      455F4556 
 660      545F4741 
 660      505F4441 
 660      54415F4C 
 661              	.LASF6:
 662 0105 6C6F6E67 		.ascii	"long long int\000"
 662      206C6F6E 
 662      6720696E 
 662      7400
 663              	.LASF84:
 664 0113 63757374 		.ascii	"customServHandle\000"
 664      6F6D5365 
 664      72764861 
 664      6E646C65 
 664      00
 665              	.LASF17:
 666 0124 4359424C 		.ascii	"CYBLE_EVT_HCI_STATUS\000"
 666      455F4556 
 666      545F4843 
 666      495F5354 
 666      41545553 
 667              	.LASF90:
 668 0139 4379426C 		.ascii	"CyBle_CustomInit\000"
 668      655F4375 
 668      73746F6D 
 668      496E6974 
 668      00
 669              	.LASF14:
 670 014a 4359424C 		.ascii	"CYBLE_EVT_STACK_ON\000"
 670      455F4556 
 670      545F5354 
 670      41434B5F 
 670      4F4E00
 671              	.LASF43:
 672 015d 4359424C 		.ascii	"CYBLE_EVT_GATTS_XCNHG_MTU_REQ\000"
 672      455F4556 
 672      545F4741 
 672      5454535F 
ARM GAS  C:\Users\ramanatg\AppData\Local\Temp\ccGArMzf.s 			page 17


 672      58434E48 
 673              	.LASF79:
 674 017b 75696E74 		.ascii	"uint16\000"
 674      313600
 675              	.LASF82:
 676 0182 63757374 		.ascii	"customServCharDesc\000"
 676      6F6D5365 
 676      72764368 
 676      61724465 
 676      736300
 677              	.LASF51:
 678 0195 4359424C 		.ascii	"CYBLE_EVT_GATTC_READ_MULTI_RSP\000"
 678      455F4556 
 678      545F4741 
 678      5454435F 
 678      52454144 
 679              	.LASF60:
 680 01b4 4359424C 		.ascii	"CYBLE_EVT_GATTS_HANDLE_VALUE_CNF\000"
 680      455F4556 
 680      545F4741 
 680      5454535F 
 680      48414E44 
 681              	.LASF13:
 682 01d5 4359424C 		.ascii	"CYBLE_EVT_HOST_INVALID\000"
 682      455F4556 
 682      545F484F 
 682      53545F49 
 682      4E56414C 
 683              	.LASF68:
 684 01ec 4359424C 		.ascii	"CYBLE_EVT_L2CAP_CBFC_CONN_IND\000"
 684      455F4556 
 684      545F4C32 
 684      4341505F 
 684      43424643 
 685              	.LASF71:
 686 020a 4359424C 		.ascii	"CYBLE_EVT_L2CAP_CBFC_DISCONN_CNF\000"
 686      455F4556 
 686      545F4C32 
 686      4341505F 
 686      43424643 
 687              	.LASF9:
 688 022b 666C6F61 		.ascii	"float\000"
 688      7400
 689              	.LASF49:
 690 0231 4359424C 		.ascii	"CYBLE_EVT_GATTC_READ_RSP\000"
 690      455F4556 
 690      545F4741 
 690      5454435F 
 690      52454144 
 691              	.LASF33:
 692 024a 4359424C 		.ascii	"CYBLE_EVT_GAP_NUMERIC_COMPARISON_REQUEST\000"
 692      455F4556 
 692      545F4741 
 692      505F4E55 
 692      4D455249 
 693              	.LASF88:
 694 0273 47656E65 		.ascii	"Generated_Source\\PSoC4\\BLE_custom.c\000"
ARM GAS  C:\Users\ramanatg\AppData\Local\Temp\ccGArMzf.s 			page 18


 694      72617465 
 694      645F536F 
 694      75726365 
 694      5C50536F 
 695              	.LASF7:
 696 0297 6C6F6E67 		.ascii	"long long unsigned int\000"
 696      206C6F6E 
 696      6720756E 
 696      7369676E 
 696      65642069 
 697              	.LASF83:
 698 02ae 4359424C 		.ascii	"CYBLE_CUSTOMS_INFO_T\000"
 698      455F4355 
 698      53544F4D 
 698      535F494E 
 698      464F5F54 
 699              	.LASF4:
 700 02c3 6C6F6E67 		.ascii	"long int\000"
 700      20696E74 
 700      00
 701              	.LASF59:
 702 02cc 4359424C 		.ascii	"CYBLE_EVT_GATTC_HANDLE_VALUE_IND\000"
 702      455F4556 
 702      545F4741 
 702      5454435F 
 702      48414E44 
 703              	.LASF27:
 704 02ed 4359424C 		.ascii	"CYBLE_EVT_GAP_DEVICE_CONNECTED\000"
 704      455F4556 
 704      545F4741 
 704      505F4445 
 704      56494345 
 705              	.LASF26:
 706 030c 4359424C 		.ascii	"CYBLE_EVT_GAPP_ADVERTISEMENT_START_STOP\000"
 706      455F4556 
 706      545F4741 
 706      50505F41 
 706      44564552 
 707              	.LASF58:
 708 0334 4359424C 		.ascii	"CYBLE_EVT_GATTC_HANDLE_VALUE_NTF\000"
 708      455F4556 
 708      545F4741 
 708      5454435F 
 708      48414E44 
 709              	.LASF18:
 710 0355 4359424C 		.ascii	"CYBLE_EVT_STACK_BUSY_STATUS\000"
 710      455F4556 
 710      545F5354 
 710      41434B5F 
 710      42555359 
 711              	.LASF23:
 712 0371 4359424C 		.ascii	"CYBLE_EVT_GAP_PASSKEY_DISPLAY_REQUEST\000"
 712      455F4556 
 712      545F4741 
 712      505F5041 
 712      53534B45 
 713              	.LASF86:
ARM GAS  C:\Users\ramanatg\AppData\Local\Temp\ccGArMzf.s 			page 19


 714 0397 4359424C 		.ascii	"CYBLE_CUSTOMS_T\000"
 714      455F4355 
 714      53544F4D 
 714      535F5400 
 715              	.LASF69:
 716 03a7 4359424C 		.ascii	"CYBLE_EVT_L2CAP_CBFC_CONN_CNF\000"
 716      455F4556 
 716      545F4C32 
 716      4341505F 
 716      43424643 
 717              	.LASF37:
 718 03c5 4359424C 		.ascii	"CYBLE_EVT_GAP_ENHANCE_CONN_COMPLETE\000"
 718      455F4556 
 718      545F4741 
 718      505F454E 
 718      48414E43 
 719              	.LASF65:
 720 03e9 4359424C 		.ascii	"CYBLE_EVT_L2CAP_CONN_PARAM_UPDATE_REQ\000"
 720      455F4556 
 720      545F4C32 
 720      4341505F 
 720      434F4E4E 
 721              	.LASF1:
 722 040f 756E7369 		.ascii	"unsigned char\000"
 722      676E6564 
 722      20636861 
 722      7200
 723              	.LASF85:
 724 041d 63757374 		.ascii	"customServInfo\000"
 724      6F6D5365 
 724      7276496E 
 724      666F00
 725              	.LASF55:
 726 042c 4359424C 		.ascii	"CYBLE_EVT_GATTS_PREP_WRITE_REQ\000"
 726      455F4556 
 726      545F4741 
 726      5454535F 
 726      50524550 
 727              	.LASF77:
 728 044b 4359424C 		.ascii	"CYBLE_EVT_LE_PING_AUTH_TIMEOUT\000"
 728      455F4556 
 728      545F4C45 
 728      5F50494E 
 728      475F4155 
 729              	.LASF47:
 730 046a 4359424C 		.ascii	"CYBLE_EVT_GATTC_FIND_INFO_RSP\000"
 730      455F4556 
 730      545F4741 
 730      5454435F 
 730      46494E44 
 731              	.LASF0:
 732 0488 7369676E 		.ascii	"signed char\000"
 732      65642063 
 732      68617200 
 733              	.LASF89:
 734 0494 433A5C50 		.ascii	"C:\\Program Files (x86)\\Cypress\\CYALKIT-E02 Solar"
 734      726F6772 
ARM GAS  C:\Users\ramanatg\AppData\Local\Temp\ccGArMzf.s 			page 20


 734      616D2046 
 734      696C6573 
 734      20287838 
 735 04c4 2D506F77 		.ascii	"-Powered BLE Sensor Beacon RDK\\1.0\\Firmware\\BLE\\"
 735      65726564 
 735      20424C45 
 735      2053656E 
 735      736F7220 
 736 04f4 536F6C61 		.ascii	"Solar_BLE_Sensor\\Solar_BLE_Sensor.cydsn\000"
 736      725F424C 
 736      455F5365 
 736      6E736F72 
 736      5C536F6C 
 737              	.LASF52:
 738 051c 4359424C 		.ascii	"CYBLE_EVT_GATTS_WRITE_REQ\000"
 738      455F4556 
 738      545F4741 
 738      5454535F 
 738      57524954 
 739              	.LASF48:
 740 0536 4359424C 		.ascii	"CYBLE_EVT_GATTC_FIND_BY_TYPE_VALUE_RSP\000"
 740      455F4556 
 740      545F4741 
 740      5454435F 
 740      46494E44 
 741              	.LASF24:
 742 055d 4359424C 		.ascii	"CYBLE_EVT_GAP_AUTH_COMPLETE\000"
 742      455F4556 
 742      545F4741 
 742      505F4155 
 742      54485F43 
 743              	.LASF8:
 744 0579 756E7369 		.ascii	"unsigned int\000"
 744      676E6564 
 744      20696E74 
 744      00
 745              	.LASF41:
 746 0586 4359424C 		.ascii	"CYBLE_EVT_GATT_CONNECT_IND\000"
 746      455F4556 
 746      545F4741 
 746      54545F43 
 746      4F4E4E45 
 747              	.LASF5:
 748 05a1 6C6F6E67 		.ascii	"long unsigned int\000"
 748      20756E73 
 748      69676E65 
 748      6420696E 
 748      7400
 749              	.LASF21:
 750 05b3 4359424C 		.ascii	"CYBLE_EVT_GAP_AUTH_REQ\000"
 750      455F4556 
 750      545F4741 
 750      505F4155 
 750      54485F52 
 751              	.LASF70:
 752 05ca 4359424C 		.ascii	"CYBLE_EVT_L2CAP_CBFC_DISCONN_IND\000"
 752      455F4556 
ARM GAS  C:\Users\ramanatg\AppData\Local\Temp\ccGArMzf.s 			page 21


 752      545F4C32 
 752      4341505F 
 752      43424643 
 753              	.LASF29:
 754 05eb 4359424C 		.ascii	"CYBLE_EVT_GAP_ENCRYPT_CHANGE\000"
 754      455F4556 
 754      545F4741 
 754      505F454E 
 754      43525950 
 755              	.LASF64:
 756 0608 4359424C 		.ascii	"CYBLE_EVT_GATTC_LONG_PROCEDURE_END\000"
 756      455F4556 
 756      545F4741 
 756      5454435F 
 756      4C4F4E47 
 757              	.LASF32:
 758 062b 4359424C 		.ascii	"CYBLE_EVT_GAP_KEYINFO_EXCHNGE_CMPLT\000"
 758      455F4556 
 758      545F4741 
 758      505F4B45 
 758      59494E46 
 759              	.LASF30:
 760 064f 4359424C 		.ascii	"CYBLE_EVT_GAP_CONNECTION_UPDATE_COMPLETE\000"
 760      455F4556 
 760      545F4741 
 760      505F434F 
 760      4E4E4543 
 761              	.LASF39:
 762 0678 4359424C 		.ascii	"CYBLE_EVT_GAP_SMP_NEGOTIATED_AUTH_INFO\000"
 762      455F4556 
 762      545F4741 
 762      505F534D 
 762      505F4E45 
 763              	.LASF11:
 764 069f 63686172 		.ascii	"char\000"
 764      00
 765              	.LASF67:
 766 06a4 4359424C 		.ascii	"CYBLE_EVT_L2CAP_COMMAND_REJ\000"
 766      455F4556 
 766      545F4C32 
 766      4341505F 
 766      434F4D4D 
 767              	.LASF3:
 768 06c0 73686F72 		.ascii	"short unsigned int\000"
 768      7420756E 
 768      7369676E 
 768      65642069 
 768      6E7400
 769              	.LASF38:
 770 06d3 4359424C 		.ascii	"CYBLE_EVT_GAPC_DIRECT_ADV_REPORT\000"
 770      455F4556 
 770      545F4741 
 770      50435F44 
 770      49524543 
 771              	.LASF50:
 772 06f4 4359424C 		.ascii	"CYBLE_EVT_GATTC_READ_BLOB_RSP\000"
 772      455F4556 
ARM GAS  C:\Users\ramanatg\AppData\Local\Temp\ccGArMzf.s 			page 22


 772      545F4741 
 772      5454435F 
 772      52454144 
 773              	.LASF57:
 774 0712 4359424C 		.ascii	"CYBLE_EVT_GATTC_EXEC_WRITE_RSP\000"
 774      455F4556 
 774      545F4741 
 774      5454435F 
 774      45584543 
 775              	.LASF31:
 776 0731 4359424C 		.ascii	"CYBLE_EVT_GAPC_SCAN_START_STOP\000"
 776      455F4556 
 776      545F4741 
 776      50435F53 
 776      43414E5F 
 777              	.LASF76:
 778 0750 4359424C 		.ascii	"CYBLE_EVT_PENDING_FLASH_WRITE\000"
 778      455F4556 
 778      545F5045 
 778      4E44494E 
 778      475F464C 
 779              	.LASF73:
 780 076e 4359424C 		.ascii	"CYBLE_EVT_L2CAP_CBFC_RX_CREDIT_IND\000"
 780      455F4556 
 780      545F4C32 
 780      4341505F 
 780      43424643 
 781              	.LASF10:
 782 0791 646F7562 		.ascii	"double\000"
 782      6C6500
 783              	.LASF74:
 784 0798 4359424C 		.ascii	"CYBLE_EVT_L2CAP_CBFC_TX_CREDIT_IND\000"
 784      455F4556 
 784      545F4C32 
 784      4341505F 
 784      43424643 
 785              	.LASF81:
 786 07bb 63757374 		.ascii	"customServCharHandle\000"
 786      6F6D5365 
 786      72764368 
 786      61724861 
 786      6E646C65 
 787              	.LASF16:
 788 07d0 4359424C 		.ascii	"CYBLE_EVT_HARDWARE_ERROR\000"
 788      455F4556 
 788      545F4841 
 788      52445741 
 788      52455F45 
 789              	.LASF72:
 790 07e9 4359424C 		.ascii	"CYBLE_EVT_L2CAP_CBFC_DATA_READ\000"
 790      455F4556 
 790      545F4C32 
 790      4341505F 
 790      43424643 
 791              	.LASF66:
 792 0808 4359424C 		.ascii	"CYBLE_EVT_L2CAP_CONN_PARAM_UPDATE_RSP\000"
 792      455F4556 
ARM GAS  C:\Users\ramanatg\AppData\Local\Temp\ccGArMzf.s 			page 23


 792      545F4C32 
 792      4341505F 
 792      434F4E4E 
 793              	.LASF20:
 794 082e 4359424C 		.ascii	"CYBLE_EVT_GAPC_SCAN_PROGRESS_RESULT\000"
 794      455F4556 
 794      545F4741 
 794      50435F53 
 794      43414E5F 
 795              	.LASF45:
 796 0852 4359424C 		.ascii	"CYBLE_EVT_GATTC_READ_BY_GROUP_TYPE_RSP\000"
 796      455F4556 
 796      545F4741 
 796      5454435F 
 796      52454144 
 797              	.LASF54:
 798 0879 4359424C 		.ascii	"CYBLE_EVT_GATTS_WRITE_CMD_REQ\000"
 798      455F4556 
 798      545F4741 
 798      5454535F 
 798      57524954 
 799              	.LASF46:
 800 0897 4359424C 		.ascii	"CYBLE_EVT_GATTC_READ_BY_TYPE_RSP\000"
 800      455F4556 
 800      545F4741 
 800      5454435F 
 800      52454144 
 801              	.LASF44:
 802 08b8 4359424C 		.ascii	"CYBLE_EVT_GATTC_XCHNG_MTU_RSP\000"
 802      455F4556 
 802      545F4741 
 802      5454435F 
 802      5843484E 
 803              	.LASF75:
 804 08d6 4359424C 		.ascii	"CYBLE_EVT_L2CAP_CBFC_DATA_WRITE_IND\000"
 804      455F4556 
 804      545F4C32 
 804      4341505F 
 804      43424643 
 805              	.LASF15:
 806 08fa 4359424C 		.ascii	"CYBLE_EVT_TIMEOUT\000"
 806      455F4556 
 806      545F5449 
 806      4D454F55 
 806      5400
 807              	.LASF78:
 808 090c 4359424C 		.ascii	"CYBLE_EVT_MAX\000"
 808      455F4556 
 808      545F4D41 
 808      5800
 809              	.LASF63:
 810 091a 4359424C 		.ascii	"CYBLE_EVT_GATTS_READ_CHAR_VAL_ACCESS_REQ\000"
 810      455F4556 
 810      545F4741 
 810      5454535F 
 810      52454144 
 811              	.LASF62:
ARM GAS  C:\Users\ramanatg\AppData\Local\Temp\ccGArMzf.s 			page 24


 812 0943 4359424C 		.ascii	"CYBLE_EVT_GATTC_STOP_CMD_COMPLETE\000"
 812      455F4556 
 812      545F4741 
 812      5454435F 
 812      53544F50 
 813              	.LASF56:
 814 0965 4359424C 		.ascii	"CYBLE_EVT_GATTS_EXEC_WRITE_REQ\000"
 814      455F4556 
 814      545F4741 
 814      5454535F 
 814      45584543 
 815              	.LASF87:
 816 0984 474E5520 		.ascii	"GNU C 4.9.3 20150303 (release) [ARM/embedded-4_9-br"
 816      4320342E 
 816      392E3320 
 816      32303135 
 816      30333033 
 817 09b7 616E6368 		.ascii	"anch revision 221220] -mcpu=cortex-m0 -mthumb -g -O"
 817      20726576 
 817      6973696F 
 817      6E203232 
 817      31323230 
 818 09ea 33202D66 		.ascii	"3 -ffunction-sections -ffat-lto-objects\000"
 818      66756E63 
 818      74696F6E 
 818      2D736563 
 818      74696F6E 
 819              	.LASF80:
 820 0a12 4359424C 		.ascii	"CYBLE_GATT_DB_ATTR_HANDLE_T\000"
 820      455F4741 
 820      54545F44 
 820      425F4154 
 820      54525F48 
 821              	.LASF91:
 822 0a2e 6379426C 		.ascii	"cyBle_customs\000"
 822      655F6375 
 822      73746F6D 
 822      7300
 823              	.LASF61:
 824 0a3c 4359424C 		.ascii	"CYBLE_EVT_GATTS_DATA_SIGNED_CMD_REQ\000"
 824      455F4556 
 824      545F4741 
 824      5454535F 
 824      44415441 
 825              	.LASF42:
 826 0a60 4359424C 		.ascii	"CYBLE_EVT_GATT_DISCONNECT_IND\000"
 826      455F4556 
 826      545F4741 
 826      54545F44 
 826      4953434F 
 827              	.LASF35:
 828 0a7e 4359424C 		.ascii	"CYBLE_EVT_GAP_OOB_GENERATED_NOTIFICATION\000"
 828      455F4556 
 828      545F4741 
 828      505F4F4F 
 828      425F4745 
 829              		.ident	"GCC: (GNU Tools for ARM Embedded Processors) 4.9.3 20150303 (release) [ARM/embedded-4_9-br
ARM GAS  C:\Users\ramanatg\AppData\Local\Temp\ccGArMzf.s 			page 25


