--------------- Build Started: 07/06/2024 11:51:49 Project: Solar_BLE_Sensor, Configuration: ARM GCC 4.9-2015-q1-update Debug ---------------
cydsfit.exe -.appdatapath "C:\Users\ramanatg\AppData\Local\Cypress Semiconductor\PSoC Creator\4.0" -.fdsnotice -.fdswarpdepfile=warp_dependencies.txt -.fdselabdepfile=elab_dependencies.txt -.fdsbldfile=generated_files.txt -.fdsreffile=referenced_files.txt -p D:\Research\GitHubRepos\smart-sensing\cypress-solar-ble\Solar_BLE_Sensor\Solar_BLE_Sensor.cydsn\Solar_BLE_Sensor.cyprj -d CYBLE-022001-00 -s D:\Research\GitHubRepos\smart-sensing\cypress-solar-ble\Solar_BLE_Sensor\Solar_BLE_Sensor.cydsn\Generated_Source\PSoC4 -- -yv2 -q10 -ygs -o2 -v3 -.fftcfgtype=LE
Elaborating Design...
HDL Generation...
Synthesis...
Tech Mapping...
Analog Placement...
Analog Routing...
Analog Code Generation...
Digital Placement...
Digital Routing...
Bitstream Generation...
Bitstream Verification...
Static timing analysis...
API Generation...
Dependency Generation...
Cleanup...
arm-none-eabi-gcc.exe -mcpu=cortex-m0 -mthumb -I. -IGenerated_Source\PSoC4 -Wa,-alh=.\CortexM0\ARM_GCC_493\Debug/main.lst -g -D DEBUG -Wall -ffunction-sections -O3 -ffat-lto-objects -c main.c -o .\CortexM0\ARM_GCC_493\Debug\main.o
arm-none-eabi-gcc.exe -mcpu=cortex-m0 -mthumb -I. -IGenerated_Source\PSoC4 -Wa,-alh=.\CortexM0\ARM_GCC_493\Debug/WriteUserSFlash.lst -g -D DEBUG -Wall -ffunction-sections -O3 -ffat-lto-objects -c WriteUserSFlash.c -o .\CortexM0\ARM_GCC_493\Debug\WriteUserSFlash.o
arm-none-eabi-gcc.exe -mcpu=cortex-m0 -mthumb -I. -IGenerated_Source\PSoC4 -Wa,-alh=.\CortexM0\ARM_GCC_493\Debug/ConfigRW.lst -g -D DEBUG -Wall -ffunction-sections -O3 -ffat-lto-objects -c ConfigRW.c -o .\CortexM0\ARM_GCC_493\Debug\ConfigRW.o
arm-none-eabi-gcc.exe -mcpu=cortex-m0 -mthumb -I. -IGenerated_Source\PSoC4 -Wa,-alh=.\CortexM0\ARM_GCC_493\Debug/UartCmd.lst -g -D DEBUG -Wall -ffunction-sections -O3 -ffat-lto-objects -c UartCmd.c -o .\CortexM0\ARM_GCC_493\Debug\UartCmd.o
arm-none-eabi-gcc.exe -mcpu=cortex-m0 -mthumb -I. -IGenerated_Source\PSoC4 -Wa,-alh=.\CortexM0\ARM_GCC_493\Debug/Eddystone.lst -g -D DEBUG -Wall -ffunction-sections -O3 -ffat-lto-objects -c Eddystone.c -o .\CortexM0\ARM_GCC_493\Debug\Eddystone.o
arm-none-eabi-gcc.exe -mcpu=cortex-m0 -mthumb -I. -IGenerated_Source\PSoC4 -Wa,-alh=.\CortexM0\ARM_GCC_493\Debug/cyfitter_cfg.lst -g -D DEBUG -Wall -ffunction-sections -O3 -ffat-lto-objects -c Generated_Source\PSoC4\cyfitter_cfg.c -o .\CortexM0\ARM_GCC_493\Debug\cyfitter_cfg.o
arm-none-eabi-gcc.exe -mcpu=cortex-m0 -mthumb -I. -IGenerated_Source\PSoC4 -Wa,-alh=.\CortexM0\ARM_GCC_493\Debug/cymetadata.lst -g -D DEBUG -Wall -ffunction-sections -O3 -ffat-lto-objects -c Generated_Source\PSoC4\cymetadata.c -o .\CortexM0\ARM_GCC_493\Debug\cymetadata.o
arm-none-eabi-gcc.exe -mcpu=cortex-m0 -mthumb -I. -IGenerated_Source\PSoC4 -Wa,-alh=.\CortexM0\ARM_GCC_493\Debug/BLE.lst -g -D DEBUG -Wall -ffunction-sections -O3 -ffat-lto-objects -c Generated_Source\PSoC4\BLE.c -o .\CortexM0\ARM_GCC_493\Debug\BLE.o
arm-none-eabi-gcc.exe -mcpu=cortex-m0 -mthumb -I. -IGenerated_Source\PSoC4 -Wa,-alh=.\CortexM0\ARM_GCC_493\Debug/BLE_gatt.lst -g -D DEBUG -Wall -ffunction-sections -O3 -ffat-lto-objects -c Generated_Source\PSoC4\BLE_gatt.c -o .\CortexM0\ARM_GCC_493\Debug\BLE_gatt.o
arm-none-eabi-gcc.exe -mcpu=cortex-m0 -mthumb -I. -IGenerated_Source\PSoC4 -Wa,-alh=.\CortexM0\ARM_GCC_493\Debug/BLE_eventHandler.lst -g -D DEBUG -Wall -ffunction-sections -O3 -ffat-lto-objects -c Generated_Source\PSoC4\BLE_eventHandler.c -o .\CortexM0\ARM_GCC_493\Debug\BLE_eventHandler.o
arm-none-eabi-gcc.exe -mcpu=cortex-m0 -mthumb -I. -IGenerated_Source\PSoC4 -Wa,-alh=.\CortexM0\ARM_GCC_493\Debug/BLE_HAL_INT.lst -g -D DEBUG -Wall -ffunction-sections -O3 -ffat-lto-objects -c Generated_Source\PSoC4\BLE_HAL_INT.c -o .\CortexM0\ARM_GCC_493\Debug\BLE_HAL_INT.o
arm-none-eabi-gcc.exe -mcpu=cortex-m0 -mthumb -I. -IGenerated_Source\PSoC4 -Wa,-alh=.\CortexM0\ARM_GCC_493\Debug/BLE_HAL_PVT.lst -g -D DEBUG -Wall -ffunction-sections -O3 -ffat-lto-objects -c Generated_Source\PSoC4\BLE_HAL_PVT.c -o .\CortexM0\ARM_GCC_493\Debug\BLE_HAL_PVT.o
arm-none-eabi-gcc.exe -mcpu=cortex-m0 -mthumb -I. -IGenerated_Source\PSoC4 -Wa,-alh=.\CortexM0\ARM_GCC_493\Debug/BLE_custom.lst -g -D DEBUG -Wall -ffunction-sections -O3 -ffat-lto-objects -c Generated_Source\PSoC4\BLE_custom.c -o .\CortexM0\ARM_GCC_493\Debug\BLE_custom.o
arm-none-eabi-gcc.exe -mcpu=cortex-m0 -mthumb -I. -IGenerated_Source\PSoC4 -Wa,-alh=.\CortexM0\ARM_GCC_493\Debug/UART.lst -g -D DEBUG -Wall -ffunction-sections -O3 -ffat-lto-objects -c Generated_Source\PSoC4\UART.c -o .\CortexM0\ARM_GCC_493\Debug\UART.o
arm-none-eabi-gcc.exe -mcpu=cortex-m0 -mthumb -I. -IGenerated_Source\PSoC4 -Wa,-alh=.\CortexM0\ARM_GCC_493\Debug/UART_SPI_UART.lst -g -D DEBUG -Wall -ffunction-sections -O3 -ffat-lto-objects -c Generated_Source\PSoC4\UART_SPI_UART.c -o .\CortexM0\ARM_GCC_493\Debug\UART_SPI_UART.o
arm-none-eabi-gcc.exe -mcpu=cortex-m0 -mthumb -I. -IGenerated_Source\PSoC4 -Wa,-alh=.\CortexM0\ARM_GCC_493\Debug/UART_SPI_UART_INT.lst -g -D DEBUG -Wall -ffunction-sections -O3 -ffat-lto-objects -c Generated_Source\PSoC4\UART_SPI_UART_INT.c -o .\CortexM0\ARM_GCC_493\Debug\UART_SPI_UART_INT.o
arm-none-eabi-gcc.exe -mcpu=cortex-m0 -mthumb -I. -IGenerated_Source\PSoC4 -Wa,-alh=.\CortexM0\ARM_GCC_493\Debug/UART_PM.lst -g -D DEBUG -Wall -ffunction-sections -O3 -ffat-lto-objects -c Generated_Source\PSoC4\UART_PM.c -o .\CortexM0\ARM_GCC_493\Debug\UART_PM.o
arm-none-eabi-gcc.exe -mcpu=cortex-m0 -mthumb -I. -IGenerated_Source\PSoC4 -Wa,-alh=.\CortexM0\ARM_GCC_493\Debug/UART_UART.lst -g -D DEBUG -Wall -ffunction-sections -O3 -ffat-lto-objects -c Generated_Source\PSoC4\UART_UART.c -o .\CortexM0\ARM_GCC_493\Debug\UART_UART.o
arm-none-eabi-gcc.exe -mcpu=cortex-m0 -mthumb -I. -IGenerated_Source\PSoC4 -Wa,-alh=.\CortexM0\ARM_GCC_493\Debug/UART_BOOT.lst -g -D DEBUG -Wall -ffunction-sections -O3 -ffat-lto-objects -c Generated_Source\PSoC4\UART_BOOT.c -o .\CortexM0\ARM_GCC_493\Debug\UART_BOOT.o
arm-none-eabi-gcc.exe -mcpu=cortex-m0 -mthumb -I. -IGenerated_Source\PSoC4 -Wa,-alh=.\CortexM0\ARM_GCC_493\Debug/UART_UART_BOOT.lst -g -D DEBUG -Wall -ffunction-sections -O3 -ffat-lto-objects -c Generated_Source\PSoC4\UART_UART_BOOT.c -o .\CortexM0\ARM_GCC_493\Debug\UART_UART_BOOT.o
arm-none-eabi-gcc.exe -mcpu=cortex-m0 -mthumb -I. -IGenerated_Source\PSoC4 -Wa,-alh=.\CortexM0\ARM_GCC_493\Debug/USB_Detect.lst -g -D DEBUG -Wall -ffunction-sections -O3 -ffat-lto-objects -c Generated_Source\PSoC4\USB_Detect.c -o .\CortexM0\ARM_GCC_493\Debug\USB_Detect.o
arm-none-eabi-gcc.exe -mcpu=cortex-m0 -mthumb -I. -IGenerated_Source\PSoC4 -Wa,-alh=.\CortexM0\ARM_GCC_493\Debug/USB_Detect_PM.lst -g -D DEBUG -Wall -ffunction-sections -O3 -ffat-lto-objects -c Generated_Source\PSoC4\USB_Detect_PM.c -o .\CortexM0\ARM_GCC_493\Debug\USB_Detect_PM.o
arm-none-eabi-gcc.exe -mcpu=cortex-m0 -mthumb -I. -IGenerated_Source\PSoC4 -Wa,-alh=.\CortexM0\ARM_GCC_493\Debug/WDT_Interrupt.lst -g -D DEBUG -Wall -ffunction-sections -O3 -ffat-lto-objects -c Generated_Source\PSoC4\WDT_Interrupt.c -o .\CortexM0\ARM_GCC_493\Debug\WDT_Interrupt.o
arm-none-eabi-gcc.exe -mcpu=cortex-m0 -mthumb -I. -IGenerated_Source\PSoC4 -Wa,-alh=.\CortexM0\ARM_GCC_493\Debug/I2CM.lst -g -D DEBUG -Wall -ffunction-sections -O3 -ffat-lto-objects -c Generated_Source\PSoC4\I2CM.c -o .\CortexM0\ARM_GCC_493\Debug\I2CM.o
arm-none-eabi-gcc.exe -mcpu=cortex-m0 -mthumb -I. -IGenerated_Source\PSoC4 -Wa,-alh=.\CortexM0\ARM_GCC_493\Debug/I2CM_I2C_INT.lst -g -D DEBUG -Wall -ffunction-sections -O3 -ffat-lto-objects -c Generated_Source\PSoC4\I2CM_I2C_INT.c -o .\CortexM0\ARM_GCC_493\Debug\I2CM_I2C_INT.o
arm-none-eabi-gcc.exe -mcpu=cortex-m0 -mthumb -I. -IGenerated_Source\PSoC4 -Wa,-alh=.\CortexM0\ARM_GCC_493\Debug/I2CM_I2C.lst -g -D DEBUG -Wall -ffunction-sections -O3 -ffat-lto-objects -c Generated_Source\PSoC4\I2CM_I2C.c -o .\CortexM0\ARM_GCC_493\Debug\I2CM_I2C.o
arm-none-eabi-gcc.exe -mcpu=cortex-m0 -mthumb -I. -IGenerated_Source\PSoC4 -Wa,-alh=.\CortexM0\ARM_GCC_493\Debug/I2CM_I2C_BOOT.lst -g -D DEBUG -Wall -ffunction-sections -O3 -ffat-lto-objects -c Generated_Source\PSoC4\I2CM_I2C_BOOT.c -o .\CortexM0\ARM_GCC_493\Debug\I2CM_I2C_BOOT.o
arm-none-eabi-gcc.exe -mcpu=cortex-m0 -mthumb -I. -IGenerated_Source\PSoC4 -Wa,-alh=.\CortexM0\ARM_GCC_493\Debug/I2CM_I2C_MASTER.lst -g -D DEBUG -Wall -ffunction-sections -O3 -ffat-lto-objects -c Generated_Source\PSoC4\I2CM_I2C_MASTER.c -o .\CortexM0\ARM_GCC_493\Debug\I2CM_I2C_MASTER.o
arm-none-eabi-gcc.exe -mcpu=cortex-m0 -mthumb -I. -IGenerated_Source\PSoC4 -Wa,-alh=.\CortexM0\ARM_GCC_493\Debug/I2CM_PM.lst -g -D DEBUG -Wall -ffunction-sections -O3 -ffat-lto-objects -c Generated_Source\PSoC4\I2CM_PM.c -o .\CortexM0\ARM_GCC_493\Debug\I2CM_PM.o
arm-none-eabi-gcc.exe -mcpu=cortex-m0 -mthumb -I. -IGenerated_Source\PSoC4 -Wa,-alh=.\CortexM0\ARM_GCC_493\Debug/I2CM_BOOT.lst -g -D DEBUG -Wall -ffunction-sections -O3 -ffat-lto-objects -c Generated_Source\PSoC4\I2CM_BOOT.c -o .\CortexM0\ARM_GCC_493\Debug\I2CM_BOOT.o
arm-none-eabi-gcc.exe -mcpu=cortex-m0 -mthumb -I. -IGenerated_Source\PSoC4 -Wa,-alh=.\CortexM0\ARM_GCC_493\Debug/Debug_1.lst -g -D DEBUG -Wall -ffunction-sections -O3 -ffat-lto-objects -c Generated_Source\PSoC4\Debug_1.c -o .\CortexM0\ARM_GCC_493\Debug\Debug_1.o
arm-none-eabi-gcc.exe -mcpu=cortex-m0 -mthumb -I. -IGenerated_Source\PSoC4 -Wa,-alh=.\CortexM0\ARM_GCC_493\Debug/Debug_1_PM.lst -g -D DEBUG -Wall -ffunction-sections -O3 -ffat-lto-objects -c Generated_Source\PSoC4\Debug_1_PM.c -o .\CortexM0\ARM_GCC_493\Debug\Debug_1_PM.o
arm-none-eabi-gcc.exe -mcpu=cortex-m0 -mthumb -I. -IGenerated_Source\PSoC4 -Wa,-alh=.\CortexM0\ARM_GCC_493\Debug/BLE_bless_isr.lst -g -D DEBUG -Wall -ffunction-sections -O3 -ffat-lto-objects -c Generated_Source\PSoC4\BLE_bless_isr.c -o .\CortexM0\ARM_GCC_493\Debug\BLE_bless_isr.o
arm-none-eabi-gcc.exe -mcpu=cortex-m0 -mthumb -I. -IGenerated_Source\PSoC4 -Wa,-alh=.\CortexM0\ARM_GCC_493\Debug/UART_SCBCLK.lst -g -D DEBUG -Wall -ffunction-sections -O3 -ffat-lto-objects -c Generated_Source\PSoC4\UART_SCBCLK.c -o .\CortexM0\ARM_GCC_493\Debug\UART_SCBCLK.o
arm-none-eabi-gcc.exe -mcpu=cortex-m0 -mthumb -I. -IGenerated_Source\PSoC4 -Wa,-alh=.\CortexM0\ARM_GCC_493\Debug/UART_tx.lst -g -D DEBUG -Wall -ffunction-sections -O3 -ffat-lto-objects -c Generated_Source\PSoC4\UART_tx.c -o .\CortexM0\ARM_GCC_493\Debug\UART_tx.o
arm-none-eabi-gcc.exe -mcpu=cortex-m0 -mthumb -I. -IGenerated_Source\PSoC4 -Wa,-alh=.\CortexM0\ARM_GCC_493\Debug/UART_tx_PM.lst -g -D DEBUG -Wall -ffunction-sections -O3 -ffat-lto-objects -c Generated_Source\PSoC4\UART_tx_PM.c -o .\CortexM0\ARM_GCC_493\Debug\UART_tx_PM.o
arm-none-eabi-gcc.exe -mcpu=cortex-m0 -mthumb -I. -IGenerated_Source\PSoC4 -Wa,-alh=.\CortexM0\ARM_GCC_493\Debug/UART_rx.lst -g -D DEBUG -Wall -ffunction-sections -O3 -ffat-lto-objects -c Generated_Source\PSoC4\UART_rx.c -o .\CortexM0\ARM_GCC_493\Debug\UART_rx.o
arm-none-eabi-gcc.exe -mcpu=cortex-m0 -mthumb -I. -IGenerated_Source\PSoC4 -Wa,-alh=.\CortexM0\ARM_GCC_493\Debug/UART_rx_PM.lst -g -D DEBUG -Wall -ffunction-sections -O3 -ffat-lto-objects -c Generated_Source\PSoC4\UART_rx_PM.c -o .\CortexM0\ARM_GCC_493\Debug\UART_rx_PM.o
arm-none-eabi-gcc.exe -mcpu=cortex-m0 -mthumb -I. -IGenerated_Source\PSoC4 -Wa,-alh=.\CortexM0\ARM_GCC_493\Debug/I2CM_SCBCLK.lst -g -D DEBUG -Wall -ffunction-sections -O3 -ffat-lto-objects -c Generated_Source\PSoC4\I2CM_SCBCLK.c -o .\CortexM0\ARM_GCC_493\Debug\I2CM_SCBCLK.o
arm-none-eabi-gcc.exe -mcpu=cortex-m0 -mthumb -I. -IGenerated_Source\PSoC4 -Wa,-alh=.\CortexM0\ARM_GCC_493\Debug/I2CM_sda.lst -g -D DEBUG -Wall -ffunction-sections -O3 -ffat-lto-objects -c Generated_Source\PSoC4\I2CM_sda.c -o .\CortexM0\ARM_GCC_493\Debug\I2CM_sda.o
arm-none-eabi-gcc.exe -mcpu=cortex-m0 -mthumb -I. -IGenerated_Source\PSoC4 -Wa,-alh=.\CortexM0\ARM_GCC_493\Debug/I2CM_sda_PM.lst -g -D DEBUG -Wall -ffunction-sections -O3 -ffat-lto-objects -c Generated_Source\PSoC4\I2CM_sda_PM.c -o .\CortexM0\ARM_GCC_493\Debug\I2CM_sda_PM.o
arm-none-eabi-gcc.exe -mcpu=cortex-m0 -mthumb -I. -IGenerated_Source\PSoC4 -Wa,-alh=.\CortexM0\ARM_GCC_493\Debug/I2CM_scl.lst -g -D DEBUG -Wall -ffunction-sections -O3 -ffat-lto-objects -c Generated_Source\PSoC4\I2CM_scl.c -o .\CortexM0\ARM_GCC_493\Debug\I2CM_scl.o
arm-none-eabi-gcc.exe -mcpu=cortex-m0 -mthumb -I. -IGenerated_Source\PSoC4 -Wa,-alh=.\CortexM0\ARM_GCC_493\Debug/I2CM_scl_PM.lst -g -D DEBUG -Wall -ffunction-sections -O3 -ffat-lto-objects -c Generated_Source\PSoC4\I2CM_scl_PM.c -o .\CortexM0\ARM_GCC_493\Debug\I2CM_scl_PM.o
arm-none-eabi-gcc.exe -mcpu=cortex-m0 -mthumb -I. -IGenerated_Source\PSoC4 -Wa,-alh=.\CortexM0\ARM_GCC_493\Debug/I2CM_SCB_IRQ.lst -g -D DEBUG -Wall -ffunction-sections -O3 -ffat-lto-objects -c Generated_Source\PSoC4\I2CM_SCB_IRQ.c -o .\CortexM0\ARM_GCC_493\Debug\I2CM_SCB_IRQ.o
arm-none-eabi-gcc.exe -mcpu=cortex-m0 -mthumb -I. -IGenerated_Source\PSoC4 -Wa,-alh=.\CortexM0\ARM_GCC_493\Debug/Cm0Start.lst -g -D DEBUG -Wall -ffunction-sections -O3 -ffat-lto-objects -c Generated_Source\PSoC4\Cm0Start.c -o .\CortexM0\ARM_GCC_493\Debug\Cm0Start.o
arm-none-eabi-gcc.exe -mcpu=cortex-m0 -mthumb -I. -IGenerated_Source\PSoC4 -Wa,-alh=.\CortexM0\ARM_GCC_493\Debug/CyFlash.lst -g -D DEBUG -Wall -ffunction-sections -O3 -ffat-lto-objects -c Generated_Source\PSoC4\CyFlash.c -o .\CortexM0\ARM_GCC_493\Debug\CyFlash.o
arm-none-eabi-gcc.exe -mcpu=cortex-m0 -mthumb -I. -IGenerated_Source\PSoC4 -Wa,-alh=.\CortexM0\ARM_GCC_493\Debug/CyLib.lst -g -D DEBUG -Wall -ffunction-sections -O3 -ffat-lto-objects -c Generated_Source\PSoC4\CyLib.c -o .\CortexM0\ARM_GCC_493\Debug\CyLib.o
arm-none-eabi-gcc.exe -mcpu=cortex-m0 -mthumb -I. -IGenerated_Source\PSoC4 -Wa,-alh=.\CortexM0\ARM_GCC_493\Debug/cyPm.lst -g -D DEBUG -Wall -ffunction-sections -O3 -ffat-lto-objects -c Generated_Source\PSoC4\cyPm.c -o .\CortexM0\ARM_GCC_493\Debug\cyPm.o
arm-none-eabi-gcc.exe -mcpu=cortex-m0 -mthumb -I. -IGenerated_Source\PSoC4 -Wa,-alh=.\CortexM0\ARM_GCC_493\Debug/cyutils.lst -g -D DEBUG -Wall -ffunction-sections -O3 -ffat-lto-objects -c Generated_Source\PSoC4\cyutils.c -o .\CortexM0\ARM_GCC_493\Debug\cyutils.o
arm-none-eabi-gcc.exe -mcpu=cortex-m0 -mthumb -I. -IGenerated_Source\PSoC4 -Wa,-alh=.\CortexM0\ARM_GCC_493\Debug/CyLFClk.lst -g -D DEBUG -Wall -ffunction-sections -O3 -ffat-lto-objects -c Generated_Source\PSoC4\CyLFClk.c -o .\CortexM0\ARM_GCC_493\Debug\CyLFClk.o
arm-none-eabi-as.exe -mcpu=cortex-m0 -mthumb -I. -IGenerated_Source\PSoC4 -alh=.\CortexM0\ARM_GCC_493\Debug/CyBootAsmGnu.lst -g -W -o .\CortexM0\ARM_GCC_493\Debug\CyBootAsmGnu.o Generated_Source\PSoC4\CyBootAsmGnu.s
arm-none-eabi-ar.exe -rs .\CortexM0\ARM_GCC_493\Debug\Solar_BLE_Sensor.a .\CortexM0\ARM_GCC_493\Debug\cyfitter_cfg.o .\CortexM0\ARM_GCC_493\Debug\BLE.o .\CortexM0\ARM_GCC_493\Debug\BLE_gatt.o .\CortexM0\ARM_GCC_493\Debug\BLE_eventHandler.o .\CortexM0\ARM_GCC_493\Debug\BLE_HAL_INT.o .\CortexM0\ARM_GCC_493\Debug\BLE_HAL_PVT.o .\CortexM0\ARM_GCC_493\Debug\BLE_custom.o .\CortexM0\ARM_GCC_493\Debug\UART.o .\CortexM0\ARM_GCC_493\Debug\UART_SPI_UART.o .\CortexM0\ARM_GCC_493\Debug\UART_SPI_UART_INT.o .\CortexM0\ARM_GCC_493\Debug\UART_PM.o .\CortexM0\ARM_GCC_493\Debug\UART_UART.o .\CortexM0\ARM_GCC_493\Debug\UART_BOOT.o .\CortexM0\ARM_GCC_493\Debug\UART_UART_BOOT.o .\CortexM0\ARM_GCC_493\Debug\USB_Detect.o .\CortexM0\ARM_GCC_493\Debug\USB_Detect_PM.o .\CortexM0\ARM_GCC_493\Debug\WDT_Interrupt.o .\CortexM0\ARM_GCC_493\Debug\I2CM.o .\CortexM0\ARM_GCC_493\Debug\I2CM_I2C_INT.o .\CortexM0\ARM_GCC_493\Debug\I2CM_I2C.o .\CortexM0\ARM_GCC_493\Debug\I2CM_I2C_BOOT.o .\CortexM0\ARM_GCC_493\Debug\I2CM_I2C_MASTER.o .\CortexM0\ARM_GCC_493\Debug\I2CM_PM.o .\CortexM0\ARM_GCC_493\Debug\I2CM_BOOT.o .\CortexM0\ARM_GCC_493\Debug\Debug_1.o .\CortexM0\ARM_GCC_493\Debug\Debug_1_PM.o .\CortexM0\ARM_GCC_493\Debug\BLE_bless_isr.o .\CortexM0\ARM_GCC_493\Debug\UART_SCBCLK.o .\CortexM0\ARM_GCC_493\Debug\UART_tx.o .\CortexM0\ARM_GCC_493\Debug\UART_tx_PM.o .\CortexM0\ARM_GCC_493\Debug\UART_rx.o .\CortexM0\ARM_GCC_493\Debug\UART_rx_PM.o .\CortexM0\ARM_GCC_493\Debug\I2CM_SCBCLK.o .\CortexM0\ARM_GCC_493\Debug\I2CM_sda.o .\CortexM0\ARM_GCC_493\Debug\I2CM_sda_PM.o .\CortexM0\ARM_GCC_493\Debug\I2CM_scl.o .\CortexM0\ARM_GCC_493\Debug\I2CM_scl_PM.o .\CortexM0\ARM_GCC_493\Debug\I2CM_SCB_IRQ.o .\CortexM0\ARM_GCC_493\Debug\CyFlash.o .\CortexM0\ARM_GCC_493\Debug\CyLib.o .\CortexM0\ARM_GCC_493\Debug\cyPm.o .\CortexM0\ARM_GCC_493\Debug\cyutils.o .\CortexM0\ARM_GCC_493\Debug\CyLFClk.o .\CortexM0\ARM_GCC_493\Debug\CyBootAsmGnu.o
arm-none-eabi-ar.exe: creating .\CortexM0\ARM_GCC_493\Debug\Solar_BLE_Sensor.a
arm-none-eabi-gcc.exe -Wl,--start-group -o .\CortexM0\ARM_GCC_493\Debug\Solar_BLE_Sensor.elf .\CortexM0\ARM_GCC_493\Debug\main.o .\CortexM0\ARM_GCC_493\Debug\WriteUserSFlash.o .\CortexM0\ARM_GCC_493\Debug\ConfigRW.o .\CortexM0\ARM_GCC_493\Debug\UartCmd.o .\CortexM0\ARM_GCC_493\Debug\Eddystone.o .\CortexM0\ARM_GCC_493\Debug\cymetadata.o .\CortexM0\ARM_GCC_493\Debug\Cm0Start.o .\CortexM0\ARM_GCC_493\Debug\Solar_BLE_Sensor.a "C:\Program Files (x86)\Cypress\PSoC Creator\4.0\PSoC Creator\psoc\content\cycomponentlibraryupdates\CyComponentLibraryUpdates.cylib\BLE_v3_30\Library\gccCyBLEStack_BLE_SOC_PERIPHERAL.a" "C:\Program Files (x86)\Cypress\PSoC Creator\4.0\PSoC Creator\psoc\content\cycomponentlibrary\CyComponentLibrary.cylib\CortexM0\ARM_GCC_493\Debug\CyComponentLibrary.a" -mcpu=cortex-m0 -mthumb -g -ffunction-sections -O3 -ffat-lto-objects -L Generated_Source\PSoC4 -Wl,-Map,.\CortexM0\ARM_GCC_493\Debug/Solar_BLE_Sensor.map -T D:\Research\GitHubRepos\smart-sensing\cypress-solar-ble\Solar_BLE_Sensor\Solar_BLE_Sensor.cydsn\Generated_Source\PSoC4\cm0gcc.ld -specs=nano.specs -Wl,--gc-sections -Wl,--end-group
cyelftool.exe -C D:\Research\GitHubRepos\smart-sensing\cypress-solar-ble\Solar_BLE_Sensor\Solar_BLE_Sensor.cydsn\CortexM0\ARM_GCC_493\Debug\Solar_BLE_Sensor.elf --flash_row_size 128 --flash_size 131072
cyelftool.exe -S D:\Research\GitHubRepos\smart-sensing\cypress-solar-ble\Solar_BLE_Sensor\Solar_BLE_Sensor.cydsn\CortexM0\ARM_GCC_493\Debug\Solar_BLE_Sensor.elf
Flash used: 104675 of 131072 bytes (79.9%).
SRAM used: 11096 of 16384 bytes (67.7%). Stack: 2048 bytes. Heap: 128 bytes.
--------------- Build Succeeded: 07/06/2024 11:52:40 ---------------
