ARM GAS  C:\Users\ramanatg\AppData\Local\Temp\ccIPTPo0.s 			page 1


   1              		.cpu cortex-m0
   2              		.fpu softvfp
   3              		.eabi_attribute 20, 1
   4              		.eabi_attribute 21, 1
   5              		.eabi_attribute 23, 3
   6              		.eabi_attribute 24, 1
   7              		.eabi_attribute 25, 1
   8              		.eabi_attribute 26, 1
   9              		.eabi_attribute 30, 2
  10              		.eabi_attribute 34, 0
  11              		.eabi_attribute 18, 4
  12              		.code	16
  13              		.file	"UART.c"
  14              		.text
  15              	.Ltext0:
  16              		.cfi_sections	.debug_frame
  17              		.section	.text.UART_Init,"ax",%progbits
  18              		.align	2
  19              		.global	UART_Init
  20              		.code	16
  21              		.thumb_func
  22              		.type	UART_Init, %function
  23              	UART_Init:
  24              	.LFB2:
  25              		.file 1 "Generated_Source\\PSoC4\\UART.c"
   1:Generated_Source\PSoC4/UART.c **** /***************************************************************************//**
   2:Generated_Source\PSoC4/UART.c **** * \file UART.c
   3:Generated_Source\PSoC4/UART.c **** * \version 3.20
   4:Generated_Source\PSoC4/UART.c **** *
   5:Generated_Source\PSoC4/UART.c **** * \brief
   6:Generated_Source\PSoC4/UART.c **** *  This file provides the source code to the API for the SCB Component.
   7:Generated_Source\PSoC4/UART.c **** *
   8:Generated_Source\PSoC4/UART.c **** * Note:
   9:Generated_Source\PSoC4/UART.c **** *
  10:Generated_Source\PSoC4/UART.c **** *******************************************************************************
  11:Generated_Source\PSoC4/UART.c **** * \copyright
  12:Generated_Source\PSoC4/UART.c **** * Copyright 2013-2016, Cypress Semiconductor Corporation.  All rights reserved.
  13:Generated_Source\PSoC4/UART.c **** * You may use this file only in accordance with the license, terms, conditions,
  14:Generated_Source\PSoC4/UART.c **** * disclaimers, and limitations in the end user license agreement accompanying
  15:Generated_Source\PSoC4/UART.c **** * the software package with which this file was provided.
  16:Generated_Source\PSoC4/UART.c **** *******************************************************************************/
  17:Generated_Source\PSoC4/UART.c **** 
  18:Generated_Source\PSoC4/UART.c **** #include "UART_PVT.h"
  19:Generated_Source\PSoC4/UART.c **** 
  20:Generated_Source\PSoC4/UART.c **** #if (UART_SCB_MODE_I2C_INC)
  21:Generated_Source\PSoC4/UART.c ****     #include "UART_I2C_PVT.h"
  22:Generated_Source\PSoC4/UART.c **** #endif /* (UART_SCB_MODE_I2C_INC) */
  23:Generated_Source\PSoC4/UART.c **** 
  24:Generated_Source\PSoC4/UART.c **** #if (UART_SCB_MODE_EZI2C_INC)
  25:Generated_Source\PSoC4/UART.c ****     #include "UART_EZI2C_PVT.h"
  26:Generated_Source\PSoC4/UART.c **** #endif /* (UART_SCB_MODE_EZI2C_INC) */
  27:Generated_Source\PSoC4/UART.c **** 
  28:Generated_Source\PSoC4/UART.c **** #if (UART_SCB_MODE_SPI_INC || UART_SCB_MODE_UART_INC)
  29:Generated_Source\PSoC4/UART.c ****     #include "UART_SPI_UART_PVT.h"
  30:Generated_Source\PSoC4/UART.c **** #endif /* (UART_SCB_MODE_SPI_INC || UART_SCB_MODE_UART_INC) */
  31:Generated_Source\PSoC4/UART.c **** 
  32:Generated_Source\PSoC4/UART.c **** 
ARM GAS  C:\Users\ramanatg\AppData\Local\Temp\ccIPTPo0.s 			page 2


  33:Generated_Source\PSoC4/UART.c **** /***************************************
  34:Generated_Source\PSoC4/UART.c **** *    Run Time Configuration Vars
  35:Generated_Source\PSoC4/UART.c **** ***************************************/
  36:Generated_Source\PSoC4/UART.c **** 
  37:Generated_Source\PSoC4/UART.c **** /* Stores internal component configuration for Unconfigured mode */
  38:Generated_Source\PSoC4/UART.c **** #if (UART_SCB_MODE_UNCONFIG_CONST_CFG)
  39:Generated_Source\PSoC4/UART.c ****     /* Common configuration variables */
  40:Generated_Source\PSoC4/UART.c ****     uint8 UART_scbMode = UART_SCB_MODE_UNCONFIG;
  41:Generated_Source\PSoC4/UART.c ****     uint8 UART_scbEnableWake;
  42:Generated_Source\PSoC4/UART.c ****     uint8 UART_scbEnableIntr;
  43:Generated_Source\PSoC4/UART.c **** 
  44:Generated_Source\PSoC4/UART.c ****     /* I2C configuration variables */
  45:Generated_Source\PSoC4/UART.c ****     uint8 UART_mode;
  46:Generated_Source\PSoC4/UART.c ****     uint8 UART_acceptAddr;
  47:Generated_Source\PSoC4/UART.c **** 
  48:Generated_Source\PSoC4/UART.c ****     /* SPI/UART configuration variables */
  49:Generated_Source\PSoC4/UART.c ****     volatile uint8 * UART_rxBuffer;
  50:Generated_Source\PSoC4/UART.c ****     uint8  UART_rxDataBits;
  51:Generated_Source\PSoC4/UART.c ****     uint32 UART_rxBufferSize;
  52:Generated_Source\PSoC4/UART.c **** 
  53:Generated_Source\PSoC4/UART.c ****     volatile uint8 * UART_txBuffer;
  54:Generated_Source\PSoC4/UART.c ****     uint8  UART_txDataBits;
  55:Generated_Source\PSoC4/UART.c ****     uint32 UART_txBufferSize;
  56:Generated_Source\PSoC4/UART.c **** 
  57:Generated_Source\PSoC4/UART.c ****     /* EZI2C configuration variables */
  58:Generated_Source\PSoC4/UART.c ****     uint8 UART_numberOfAddr;
  59:Generated_Source\PSoC4/UART.c ****     uint8 UART_subAddrSize;
  60:Generated_Source\PSoC4/UART.c **** #endif /* (UART_SCB_MODE_UNCONFIG_CONST_CFG) */
  61:Generated_Source\PSoC4/UART.c **** 
  62:Generated_Source\PSoC4/UART.c **** 
  63:Generated_Source\PSoC4/UART.c **** /***************************************
  64:Generated_Source\PSoC4/UART.c **** *     Common SCB Vars
  65:Generated_Source\PSoC4/UART.c **** ***************************************/
  66:Generated_Source\PSoC4/UART.c **** /**
  67:Generated_Source\PSoC4/UART.c **** * \addtogroup group_general
  68:Generated_Source\PSoC4/UART.c **** * \{
  69:Generated_Source\PSoC4/UART.c **** */
  70:Generated_Source\PSoC4/UART.c **** 
  71:Generated_Source\PSoC4/UART.c **** /** UART_initVar indicates whether the UART 
  72:Generated_Source\PSoC4/UART.c **** *  component has been initialized. The variable is initialized to 0 
  73:Generated_Source\PSoC4/UART.c **** *  and set to 1 the first time SCB_Start() is called. This allows 
  74:Generated_Source\PSoC4/UART.c **** *  the component to restart without reinitialization after the first 
  75:Generated_Source\PSoC4/UART.c **** *  call to the UART_Start() routine.
  76:Generated_Source\PSoC4/UART.c **** *
  77:Generated_Source\PSoC4/UART.c **** *  If re-initialization of the component is required, then the 
  78:Generated_Source\PSoC4/UART.c **** *  UART_Init() function can be called before the 
  79:Generated_Source\PSoC4/UART.c **** *  UART_Start() or UART_Enable() function.
  80:Generated_Source\PSoC4/UART.c **** */
  81:Generated_Source\PSoC4/UART.c **** uint8 UART_initVar = 0u;
  82:Generated_Source\PSoC4/UART.c **** 
  83:Generated_Source\PSoC4/UART.c **** 
  84:Generated_Source\PSoC4/UART.c **** #if (! (UART_SCB_MODE_I2C_CONST_CFG || \
  85:Generated_Source\PSoC4/UART.c ****         UART_SCB_MODE_EZI2C_CONST_CFG))
  86:Generated_Source\PSoC4/UART.c ****     /** This global variable stores TX interrupt sources after 
  87:Generated_Source\PSoC4/UART.c ****     * UART_Stop() is called. Only these TX interrupt sources 
  88:Generated_Source\PSoC4/UART.c ****     * will be restored on a subsequent UART_Enable() call.
  89:Generated_Source\PSoC4/UART.c ****     */
ARM GAS  C:\Users\ramanatg\AppData\Local\Temp\ccIPTPo0.s 			page 3


  90:Generated_Source\PSoC4/UART.c ****     uint16 UART_IntrTxMask = 0u;
  91:Generated_Source\PSoC4/UART.c **** #endif /* (! (UART_SCB_MODE_I2C_CONST_CFG || \
  92:Generated_Source\PSoC4/UART.c ****               UART_SCB_MODE_EZI2C_CONST_CFG)) */
  93:Generated_Source\PSoC4/UART.c **** /** \} globals */
  94:Generated_Source\PSoC4/UART.c **** 
  95:Generated_Source\PSoC4/UART.c **** #if (UART_SCB_IRQ_INTERNAL)
  96:Generated_Source\PSoC4/UART.c **** #if !defined (CY_REMOVE_UART_CUSTOM_INTR_HANDLER)
  97:Generated_Source\PSoC4/UART.c ****     void (*UART_customIntrHandler)(void) = NULL;
  98:Generated_Source\PSoC4/UART.c **** #endif /* !defined (CY_REMOVE_UART_CUSTOM_INTR_HANDLER) */
  99:Generated_Source\PSoC4/UART.c **** #endif /* (UART_SCB_IRQ_INTERNAL) */
 100:Generated_Source\PSoC4/UART.c **** 
 101:Generated_Source\PSoC4/UART.c **** 
 102:Generated_Source\PSoC4/UART.c **** /***************************************
 103:Generated_Source\PSoC4/UART.c **** *    Private Function Prototypes
 104:Generated_Source\PSoC4/UART.c **** ***************************************/
 105:Generated_Source\PSoC4/UART.c **** 
 106:Generated_Source\PSoC4/UART.c **** static void UART_ScbEnableIntr(void);
 107:Generated_Source\PSoC4/UART.c **** static void UART_ScbModeStop(void);
 108:Generated_Source\PSoC4/UART.c **** static void UART_ScbModePostEnable(void);
 109:Generated_Source\PSoC4/UART.c **** 
 110:Generated_Source\PSoC4/UART.c **** 
 111:Generated_Source\PSoC4/UART.c **** /*******************************************************************************
 112:Generated_Source\PSoC4/UART.c **** * Function Name: UART_Init
 113:Generated_Source\PSoC4/UART.c **** ****************************************************************************//**
 114:Generated_Source\PSoC4/UART.c **** *
 115:Generated_Source\PSoC4/UART.c **** *  Initializes the UART component to operate in one of the selected
 116:Generated_Source\PSoC4/UART.c **** *  configurations: I2C, SPI, UART or EZI2C.
 117:Generated_Source\PSoC4/UART.c **** *  When the configuration is set to "Unconfigured SCB", this function does
 118:Generated_Source\PSoC4/UART.c **** *  not do any initialization. Use mode-specific initialization APIs instead:
 119:Generated_Source\PSoC4/UART.c **** *  UART_I2CInit, UART_SpiInit, 
 120:Generated_Source\PSoC4/UART.c **** *  UART_UartInit or UART_EzI2CInit.
 121:Generated_Source\PSoC4/UART.c **** *
 122:Generated_Source\PSoC4/UART.c **** *******************************************************************************/
 123:Generated_Source\PSoC4/UART.c **** void UART_Init(void)
 124:Generated_Source\PSoC4/UART.c **** {
  26              		.loc 1 124 0
  27              		.cfi_startproc
  28 0000 08B5     		push	{r3, lr}
  29              		.cfi_def_cfa_offset 8
  30              		.cfi_offset 3, -8
  31              		.cfi_offset 14, -4
 125:Generated_Source\PSoC4/UART.c **** #if (UART_SCB_MODE_UNCONFIG_CONST_CFG)
 126:Generated_Source\PSoC4/UART.c ****     if (UART_SCB_MODE_UNCONFIG_RUNTM_CFG)
 127:Generated_Source\PSoC4/UART.c ****     {
 128:Generated_Source\PSoC4/UART.c ****         UART_initVar = 0u;
 129:Generated_Source\PSoC4/UART.c ****     }
 130:Generated_Source\PSoC4/UART.c ****     else
 131:Generated_Source\PSoC4/UART.c ****     {
 132:Generated_Source\PSoC4/UART.c ****         /* Initialization was done before this function call */
 133:Generated_Source\PSoC4/UART.c ****     }
 134:Generated_Source\PSoC4/UART.c **** 
 135:Generated_Source\PSoC4/UART.c **** #elif (UART_SCB_MODE_I2C_CONST_CFG)
 136:Generated_Source\PSoC4/UART.c ****     UART_I2CInit();
 137:Generated_Source\PSoC4/UART.c **** 
 138:Generated_Source\PSoC4/UART.c **** #elif (UART_SCB_MODE_SPI_CONST_CFG)
 139:Generated_Source\PSoC4/UART.c ****     UART_SpiInit();
 140:Generated_Source\PSoC4/UART.c **** 
ARM GAS  C:\Users\ramanatg\AppData\Local\Temp\ccIPTPo0.s 			page 4


 141:Generated_Source\PSoC4/UART.c **** #elif (UART_SCB_MODE_UART_CONST_CFG)
 142:Generated_Source\PSoC4/UART.c ****     UART_UartInit();
  32              		.loc 1 142 0
  33 0002 FFF7FEFF 		bl	UART_UartInit
  34              	.LVL0:
 143:Generated_Source\PSoC4/UART.c **** 
 144:Generated_Source\PSoC4/UART.c **** #elif (UART_SCB_MODE_EZI2C_CONST_CFG)
 145:Generated_Source\PSoC4/UART.c ****     UART_EzI2CInit();
 146:Generated_Source\PSoC4/UART.c **** 
 147:Generated_Source\PSoC4/UART.c **** #endif /* (UART_SCB_MODE_UNCONFIG_CONST_CFG) */
 148:Generated_Source\PSoC4/UART.c **** }
  35              		.loc 1 148 0
  36              		@ sp needed
  37 0006 08BD     		pop	{r3, pc}
  38              		.cfi_endproc
  39              	.LFE2:
  40              		.size	UART_Init, .-UART_Init
  41              		.section	.text.UART_Enable,"ax",%progbits
  42              		.align	2
  43              		.global	UART_Enable
  44              		.code	16
  45              		.thumb_func
  46              		.type	UART_Enable, %function
  47              	UART_Enable:
  48              	.LFB3:
 149:Generated_Source\PSoC4/UART.c **** 
 150:Generated_Source\PSoC4/UART.c **** 
 151:Generated_Source\PSoC4/UART.c **** /*******************************************************************************
 152:Generated_Source\PSoC4/UART.c **** * Function Name: UART_Enable
 153:Generated_Source\PSoC4/UART.c **** ****************************************************************************//**
 154:Generated_Source\PSoC4/UART.c **** *
 155:Generated_Source\PSoC4/UART.c **** *  Enables UART component operation: activates the hardware and 
 156:Generated_Source\PSoC4/UART.c **** *  internal interrupt. It also restores TX interrupt sources disabled after the 
 157:Generated_Source\PSoC4/UART.c **** *  UART_Stop() function was called (note that level-triggered TX 
 158:Generated_Source\PSoC4/UART.c **** *  interrupt sources remain disabled to not cause code lock-up).
 159:Generated_Source\PSoC4/UART.c **** *  For I2C and EZI2C modes the interrupt is internal and mandatory for 
 160:Generated_Source\PSoC4/UART.c **** *  operation. For SPI and UART modes the interrupt can be configured as none, 
 161:Generated_Source\PSoC4/UART.c **** *  internal or external.
 162:Generated_Source\PSoC4/UART.c **** *  The UART configuration should be not changed when the component
 163:Generated_Source\PSoC4/UART.c **** *  is enabled. Any configuration changes should be made after disabling the 
 164:Generated_Source\PSoC4/UART.c **** *  component.
 165:Generated_Source\PSoC4/UART.c **** *  When configuration is set to “Unconfigured UART”, the component 
 166:Generated_Source\PSoC4/UART.c **** *  must first be initialized to operate in one of the following configurations: 
 167:Generated_Source\PSoC4/UART.c **** *  I2C, SPI, UART or EZ I2C, using the mode-specific initialization API. 
 168:Generated_Source\PSoC4/UART.c **** *  Otherwise this function does not enable the component.
 169:Generated_Source\PSoC4/UART.c **** *
 170:Generated_Source\PSoC4/UART.c **** *******************************************************************************/
 171:Generated_Source\PSoC4/UART.c **** void UART_Enable(void)
 172:Generated_Source\PSoC4/UART.c **** {
  49              		.loc 1 172 0
  50              		.cfi_startproc
 173:Generated_Source\PSoC4/UART.c **** #if (UART_SCB_MODE_UNCONFIG_CONST_CFG)
 174:Generated_Source\PSoC4/UART.c ****     /* Enable SCB block, only if it is already configured */
 175:Generated_Source\PSoC4/UART.c ****     if (!UART_SCB_MODE_UNCONFIG_RUNTM_CFG)
 176:Generated_Source\PSoC4/UART.c ****     {
 177:Generated_Source\PSoC4/UART.c ****         UART_CTRL_REG |= UART_CTRL_ENABLED;
 178:Generated_Source\PSoC4/UART.c **** 
ARM GAS  C:\Users\ramanatg\AppData\Local\Temp\ccIPTPo0.s 			page 5


 179:Generated_Source\PSoC4/UART.c ****         UART_ScbEnableIntr();
 180:Generated_Source\PSoC4/UART.c **** 
 181:Generated_Source\PSoC4/UART.c ****         /* Call PostEnable function specific to current operation mode */
 182:Generated_Source\PSoC4/UART.c ****         UART_ScbModePostEnable();
 183:Generated_Source\PSoC4/UART.c ****     }
 184:Generated_Source\PSoC4/UART.c **** #else
 185:Generated_Source\PSoC4/UART.c ****     UART_CTRL_REG |= UART_CTRL_ENABLED;
  51              		.loc 1 185 0
  52 0000 8021     		mov	r1, #128
  53 0002 044A     		ldr	r2, .L3
 172:Generated_Source\PSoC4/UART.c **** #if (UART_SCB_MODE_UNCONFIG_CONST_CFG)
  54              		.loc 1 172 0
  55 0004 08B5     		push	{r3, lr}
  56              		.cfi_def_cfa_offset 8
  57              		.cfi_offset 3, -8
  58              		.cfi_offset 14, -4
  59              		.loc 1 185 0
  60 0006 1368     		ldr	r3, [r2]
  61 0008 0906     		lsl	r1, r1, #24
  62 000a 0B43     		orr	r3, r1
  63 000c 1360     		str	r3, [r2]
  64              	.LBB14:
  65              	.LBB15:
 186:Generated_Source\PSoC4/UART.c **** 
 187:Generated_Source\PSoC4/UART.c ****     UART_ScbEnableIntr();
 188:Generated_Source\PSoC4/UART.c **** 
 189:Generated_Source\PSoC4/UART.c ****     /* Call PostEnable function specific to current operation mode */
 190:Generated_Source\PSoC4/UART.c ****     UART_ScbModePostEnable();
 191:Generated_Source\PSoC4/UART.c **** #endif /* (UART_SCB_MODE_UNCONFIG_CONST_CFG) */
 192:Generated_Source\PSoC4/UART.c **** }
 193:Generated_Source\PSoC4/UART.c **** 
 194:Generated_Source\PSoC4/UART.c **** 
 195:Generated_Source\PSoC4/UART.c **** /*******************************************************************************
 196:Generated_Source\PSoC4/UART.c **** * Function Name: UART_Start
 197:Generated_Source\PSoC4/UART.c **** ****************************************************************************//**
 198:Generated_Source\PSoC4/UART.c **** *
 199:Generated_Source\PSoC4/UART.c **** *  Invokes UART_Init() and UART_Enable().
 200:Generated_Source\PSoC4/UART.c **** *  After this function call, the component is enabled and ready for operation.
 201:Generated_Source\PSoC4/UART.c **** *  When configuration is set to "Unconfigured SCB", the component must first be
 202:Generated_Source\PSoC4/UART.c **** *  initialized to operate in one of the following configurations: I2C, SPI, UART
 203:Generated_Source\PSoC4/UART.c **** *  or EZI2C. Otherwise this function does not enable the component.
 204:Generated_Source\PSoC4/UART.c **** *
 205:Generated_Source\PSoC4/UART.c **** * \globalvars
 206:Generated_Source\PSoC4/UART.c **** *  UART_initVar - used to check initial configuration, modified
 207:Generated_Source\PSoC4/UART.c **** *  on first function call.
 208:Generated_Source\PSoC4/UART.c **** *
 209:Generated_Source\PSoC4/UART.c **** *******************************************************************************/
 210:Generated_Source\PSoC4/UART.c **** void UART_Start(void)
 211:Generated_Source\PSoC4/UART.c **** {
 212:Generated_Source\PSoC4/UART.c ****     if (0u == UART_initVar)
 213:Generated_Source\PSoC4/UART.c ****     {
 214:Generated_Source\PSoC4/UART.c ****         UART_Init();
 215:Generated_Source\PSoC4/UART.c ****         UART_initVar = 1u; /* Component was initialized */
 216:Generated_Source\PSoC4/UART.c ****     }
 217:Generated_Source\PSoC4/UART.c **** 
 218:Generated_Source\PSoC4/UART.c ****     UART_Enable();
 219:Generated_Source\PSoC4/UART.c **** }
ARM GAS  C:\Users\ramanatg\AppData\Local\Temp\ccIPTPo0.s 			page 6


 220:Generated_Source\PSoC4/UART.c **** 
 221:Generated_Source\PSoC4/UART.c **** 
 222:Generated_Source\PSoC4/UART.c **** /*******************************************************************************
 223:Generated_Source\PSoC4/UART.c **** * Function Name: UART_Stop
 224:Generated_Source\PSoC4/UART.c **** ****************************************************************************//**
 225:Generated_Source\PSoC4/UART.c **** *
 226:Generated_Source\PSoC4/UART.c **** *  Disables the UART component: disable the hardware and internal 
 227:Generated_Source\PSoC4/UART.c **** *  interrupt. It also disables all TX interrupt sources so as not to cause an 
 228:Generated_Source\PSoC4/UART.c **** *  unexpected interrupt trigger because after the component is enabled, the 
 229:Generated_Source\PSoC4/UART.c **** *  TX FIFO is empty.
 230:Generated_Source\PSoC4/UART.c **** *  Refer to the function UART_Enable() for the interrupt 
 231:Generated_Source\PSoC4/UART.c **** *  configuration details.
 232:Generated_Source\PSoC4/UART.c **** *  This function disables the SCB component without checking to see if 
 233:Generated_Source\PSoC4/UART.c **** *  communication is in progress. Before calling this function it may be 
 234:Generated_Source\PSoC4/UART.c **** *  necessary to check the status of communication to make sure communication 
 235:Generated_Source\PSoC4/UART.c **** *  is complete. If this is not done then communication could be stopped mid 
 236:Generated_Source\PSoC4/UART.c **** *  byte and corrupted data could result.
 237:Generated_Source\PSoC4/UART.c **** *
 238:Generated_Source\PSoC4/UART.c **** *******************************************************************************/
 239:Generated_Source\PSoC4/UART.c **** void UART_Stop(void)
 240:Generated_Source\PSoC4/UART.c **** {
 241:Generated_Source\PSoC4/UART.c **** #if (UART_SCB_IRQ_INTERNAL)
 242:Generated_Source\PSoC4/UART.c ****     UART_DisableInt();
 243:Generated_Source\PSoC4/UART.c **** #endif /* (UART_SCB_IRQ_INTERNAL) */
 244:Generated_Source\PSoC4/UART.c **** 
 245:Generated_Source\PSoC4/UART.c ****     /* Call Stop function specific to current operation mode */
 246:Generated_Source\PSoC4/UART.c ****     UART_ScbModeStop();
 247:Generated_Source\PSoC4/UART.c **** 
 248:Generated_Source\PSoC4/UART.c ****     /* Disable SCB IP */
 249:Generated_Source\PSoC4/UART.c ****     UART_CTRL_REG &= (uint32) ~UART_CTRL_ENABLED;
 250:Generated_Source\PSoC4/UART.c **** 
 251:Generated_Source\PSoC4/UART.c ****     /* Disable all TX interrupt sources so as not to cause an unexpected
 252:Generated_Source\PSoC4/UART.c ****     * interrupt trigger after the component will be enabled because the 
 253:Generated_Source\PSoC4/UART.c ****     * TX FIFO is empty.
 254:Generated_Source\PSoC4/UART.c ****     * For SCB IP v0, it is critical as it does not mask-out interrupt
 255:Generated_Source\PSoC4/UART.c ****     * sources when it is disabled. This can cause a code lock-up in the
 256:Generated_Source\PSoC4/UART.c ****     * interrupt handler because TX FIFO cannot be loaded after the block
 257:Generated_Source\PSoC4/UART.c ****     * is disabled.
 258:Generated_Source\PSoC4/UART.c ****     */
 259:Generated_Source\PSoC4/UART.c ****     UART_SetTxInterruptMode(UART_NO_INTR_SOURCES);
 260:Generated_Source\PSoC4/UART.c **** 
 261:Generated_Source\PSoC4/UART.c **** #if (UART_SCB_IRQ_INTERNAL)
 262:Generated_Source\PSoC4/UART.c ****     UART_ClearPendingInt();
 263:Generated_Source\PSoC4/UART.c **** #endif /* (UART_SCB_IRQ_INTERNAL) */
 264:Generated_Source\PSoC4/UART.c **** }
 265:Generated_Source\PSoC4/UART.c **** 
 266:Generated_Source\PSoC4/UART.c **** 
 267:Generated_Source\PSoC4/UART.c **** /*******************************************************************************
 268:Generated_Source\PSoC4/UART.c **** * Function Name: UART_SetRxFifoLevel
 269:Generated_Source\PSoC4/UART.c **** ****************************************************************************//**
 270:Generated_Source\PSoC4/UART.c **** *
 271:Generated_Source\PSoC4/UART.c **** *  Sets level in the RX FIFO to generate a RX level interrupt.
 272:Generated_Source\PSoC4/UART.c **** *  When the RX FIFO has more entries than the RX FIFO level an RX level
 273:Generated_Source\PSoC4/UART.c **** *  interrupt request is generated.
 274:Generated_Source\PSoC4/UART.c **** *
 275:Generated_Source\PSoC4/UART.c **** *  \param level: Level in the RX FIFO to generate RX level interrupt.
 276:Generated_Source\PSoC4/UART.c **** *   The range of valid level values is between 0 and RX FIFO depth - 1.
ARM GAS  C:\Users\ramanatg\AppData\Local\Temp\ccIPTPo0.s 			page 7


 277:Generated_Source\PSoC4/UART.c **** *
 278:Generated_Source\PSoC4/UART.c **** *******************************************************************************/
 279:Generated_Source\PSoC4/UART.c **** void UART_SetRxFifoLevel(uint32 level)
 280:Generated_Source\PSoC4/UART.c **** {
 281:Generated_Source\PSoC4/UART.c ****     uint32 rxFifoCtrl;
 282:Generated_Source\PSoC4/UART.c **** 
 283:Generated_Source\PSoC4/UART.c ****     rxFifoCtrl = UART_RX_FIFO_CTRL_REG;
 284:Generated_Source\PSoC4/UART.c **** 
 285:Generated_Source\PSoC4/UART.c ****     rxFifoCtrl &= ((uint32) ~UART_RX_FIFO_CTRL_TRIGGER_LEVEL_MASK); /* Clear level mask bits */
 286:Generated_Source\PSoC4/UART.c ****     rxFifoCtrl |= ((uint32) (UART_RX_FIFO_CTRL_TRIGGER_LEVEL_MASK & level));
 287:Generated_Source\PSoC4/UART.c **** 
 288:Generated_Source\PSoC4/UART.c ****     UART_RX_FIFO_CTRL_REG = rxFifoCtrl;
 289:Generated_Source\PSoC4/UART.c **** }
 290:Generated_Source\PSoC4/UART.c **** 
 291:Generated_Source\PSoC4/UART.c **** 
 292:Generated_Source\PSoC4/UART.c **** /*******************************************************************************
 293:Generated_Source\PSoC4/UART.c **** * Function Name: UART_SetTxFifoLevel
 294:Generated_Source\PSoC4/UART.c **** ****************************************************************************//**
 295:Generated_Source\PSoC4/UART.c **** *
 296:Generated_Source\PSoC4/UART.c **** *  Sets level in the TX FIFO to generate a TX level interrupt.
 297:Generated_Source\PSoC4/UART.c **** *  When the TX FIFO has less entries than the TX FIFO level an TX level
 298:Generated_Source\PSoC4/UART.c **** *  interrupt request is generated.
 299:Generated_Source\PSoC4/UART.c **** *
 300:Generated_Source\PSoC4/UART.c **** *  \param level: Level in the TX FIFO to generate TX level interrupt.
 301:Generated_Source\PSoC4/UART.c **** *   The range of valid level values is between 0 and TX FIFO depth - 1.
 302:Generated_Source\PSoC4/UART.c **** *
 303:Generated_Source\PSoC4/UART.c **** *******************************************************************************/
 304:Generated_Source\PSoC4/UART.c **** void UART_SetTxFifoLevel(uint32 level)
 305:Generated_Source\PSoC4/UART.c **** {
 306:Generated_Source\PSoC4/UART.c ****     uint32 txFifoCtrl;
 307:Generated_Source\PSoC4/UART.c **** 
 308:Generated_Source\PSoC4/UART.c ****     txFifoCtrl = UART_TX_FIFO_CTRL_REG;
 309:Generated_Source\PSoC4/UART.c **** 
 310:Generated_Source\PSoC4/UART.c ****     txFifoCtrl &= ((uint32) ~UART_TX_FIFO_CTRL_TRIGGER_LEVEL_MASK); /* Clear level mask bits */
 311:Generated_Source\PSoC4/UART.c ****     txFifoCtrl |= ((uint32) (UART_TX_FIFO_CTRL_TRIGGER_LEVEL_MASK & level));
 312:Generated_Source\PSoC4/UART.c **** 
 313:Generated_Source\PSoC4/UART.c ****     UART_TX_FIFO_CTRL_REG = txFifoCtrl;
 314:Generated_Source\PSoC4/UART.c **** }
 315:Generated_Source\PSoC4/UART.c **** 
 316:Generated_Source\PSoC4/UART.c **** 
 317:Generated_Source\PSoC4/UART.c **** #if (UART_SCB_IRQ_INTERNAL)
 318:Generated_Source\PSoC4/UART.c ****     /*******************************************************************************
 319:Generated_Source\PSoC4/UART.c ****     * Function Name: UART_SetCustomInterruptHandler
 320:Generated_Source\PSoC4/UART.c ****     ****************************************************************************//**
 321:Generated_Source\PSoC4/UART.c ****     *
 322:Generated_Source\PSoC4/UART.c ****     *  Registers a function to be called by the internal interrupt handler.
 323:Generated_Source\PSoC4/UART.c ****     *  First the function that is registered is called, then the internal interrupt
 324:Generated_Source\PSoC4/UART.c ****     *  handler performs any operation such as software buffer management functions
 325:Generated_Source\PSoC4/UART.c ****     *  before the interrupt returns.  It is the user's responsibility not to break
 326:Generated_Source\PSoC4/UART.c ****     *  the software buffer operations. Only one custom handler is supported, which
 327:Generated_Source\PSoC4/UART.c ****     *  is the function provided by the most recent call.
 328:Generated_Source\PSoC4/UART.c ****     *  At the initialization time no custom handler is registered.
 329:Generated_Source\PSoC4/UART.c ****     *
 330:Generated_Source\PSoC4/UART.c ****     *  \param func: Pointer to the function to register.
 331:Generated_Source\PSoC4/UART.c ****     *        The value NULL indicates to remove the current custom interrupt
 332:Generated_Source\PSoC4/UART.c ****     *        handler.
 333:Generated_Source\PSoC4/UART.c ****     *
ARM GAS  C:\Users\ramanatg\AppData\Local\Temp\ccIPTPo0.s 			page 8


 334:Generated_Source\PSoC4/UART.c ****     *******************************************************************************/
 335:Generated_Source\PSoC4/UART.c ****     void UART_SetCustomInterruptHandler(void (*func)(void))
 336:Generated_Source\PSoC4/UART.c ****     {
 337:Generated_Source\PSoC4/UART.c ****     #if !defined (CY_REMOVE_UART_CUSTOM_INTR_HANDLER)
 338:Generated_Source\PSoC4/UART.c ****         UART_customIntrHandler = func; /* Register interrupt handler */
 339:Generated_Source\PSoC4/UART.c ****     #else
 340:Generated_Source\PSoC4/UART.c ****         if (NULL != func)
 341:Generated_Source\PSoC4/UART.c ****         {
 342:Generated_Source\PSoC4/UART.c ****             /* Suppress compiler warning */
 343:Generated_Source\PSoC4/UART.c ****         }
 344:Generated_Source\PSoC4/UART.c ****     #endif /* !defined (CY_REMOVE_UART_CUSTOM_INTR_HANDLER) */
 345:Generated_Source\PSoC4/UART.c ****     }
 346:Generated_Source\PSoC4/UART.c **** #endif /* (UART_SCB_IRQ_INTERNAL) */
 347:Generated_Source\PSoC4/UART.c **** 
 348:Generated_Source\PSoC4/UART.c **** 
 349:Generated_Source\PSoC4/UART.c **** /*******************************************************************************
 350:Generated_Source\PSoC4/UART.c **** * Function Name: UART_ScbModeEnableIntr
 351:Generated_Source\PSoC4/UART.c **** ****************************************************************************//**
 352:Generated_Source\PSoC4/UART.c **** *
 353:Generated_Source\PSoC4/UART.c **** *  Enables an interrupt for a specific mode.
 354:Generated_Source\PSoC4/UART.c **** *
 355:Generated_Source\PSoC4/UART.c **** *******************************************************************************/
 356:Generated_Source\PSoC4/UART.c **** static void UART_ScbEnableIntr(void)
 357:Generated_Source\PSoC4/UART.c **** {
 358:Generated_Source\PSoC4/UART.c **** #if (UART_SCB_IRQ_INTERNAL)
 359:Generated_Source\PSoC4/UART.c ****     /* Enable interrupt in NVIC */
 360:Generated_Source\PSoC4/UART.c ****     #if (UART_SCB_MODE_UNCONFIG_CONST_CFG)
 361:Generated_Source\PSoC4/UART.c ****         if (0u != UART_scbEnableIntr)
 362:Generated_Source\PSoC4/UART.c ****         {
 363:Generated_Source\PSoC4/UART.c ****             UART_EnableInt();
 364:Generated_Source\PSoC4/UART.c ****         }
 365:Generated_Source\PSoC4/UART.c **** 
 366:Generated_Source\PSoC4/UART.c ****     #else
 367:Generated_Source\PSoC4/UART.c ****         UART_EnableInt();
 368:Generated_Source\PSoC4/UART.c **** 
 369:Generated_Source\PSoC4/UART.c ****     #endif /* (UART_SCB_MODE_UNCONFIG_CONST_CFG) */
 370:Generated_Source\PSoC4/UART.c **** #endif /* (UART_SCB_IRQ_INTERNAL) */
 371:Generated_Source\PSoC4/UART.c **** }
 372:Generated_Source\PSoC4/UART.c **** 
 373:Generated_Source\PSoC4/UART.c **** 
 374:Generated_Source\PSoC4/UART.c **** /*******************************************************************************
 375:Generated_Source\PSoC4/UART.c **** * Function Name: UART_ScbModePostEnable
 376:Generated_Source\PSoC4/UART.c **** ****************************************************************************//**
 377:Generated_Source\PSoC4/UART.c **** *
 378:Generated_Source\PSoC4/UART.c **** *  Calls the PostEnable function for a specific operation mode.
 379:Generated_Source\PSoC4/UART.c **** *
 380:Generated_Source\PSoC4/UART.c **** *******************************************************************************/
 381:Generated_Source\PSoC4/UART.c **** static void UART_ScbModePostEnable(void)
 382:Generated_Source\PSoC4/UART.c **** {
 383:Generated_Source\PSoC4/UART.c **** #if (UART_SCB_MODE_UNCONFIG_CONST_CFG)
 384:Generated_Source\PSoC4/UART.c **** #if (!UART_CY_SCBIP_V1)
 385:Generated_Source\PSoC4/UART.c ****     if (UART_SCB_MODE_SPI_RUNTM_CFG)
 386:Generated_Source\PSoC4/UART.c ****     {
 387:Generated_Source\PSoC4/UART.c ****         UART_SpiPostEnable();
 388:Generated_Source\PSoC4/UART.c ****     }
 389:Generated_Source\PSoC4/UART.c ****     else if (UART_SCB_MODE_UART_RUNTM_CFG)
 390:Generated_Source\PSoC4/UART.c ****     {
ARM GAS  C:\Users\ramanatg\AppData\Local\Temp\ccIPTPo0.s 			page 9


 391:Generated_Source\PSoC4/UART.c ****         UART_UartPostEnable();
 392:Generated_Source\PSoC4/UART.c ****     }
 393:Generated_Source\PSoC4/UART.c ****     else
 394:Generated_Source\PSoC4/UART.c ****     {
 395:Generated_Source\PSoC4/UART.c ****         /* Unknown mode: do nothing */
 396:Generated_Source\PSoC4/UART.c ****     }
 397:Generated_Source\PSoC4/UART.c **** #endif /* (!UART_CY_SCBIP_V1) */
 398:Generated_Source\PSoC4/UART.c **** 
 399:Generated_Source\PSoC4/UART.c **** #elif (UART_SCB_MODE_SPI_CONST_CFG)
 400:Generated_Source\PSoC4/UART.c ****     UART_SpiPostEnable();
 401:Generated_Source\PSoC4/UART.c **** 
 402:Generated_Source\PSoC4/UART.c **** #elif (UART_SCB_MODE_UART_CONST_CFG)
 403:Generated_Source\PSoC4/UART.c ****     UART_UartPostEnable();
  66              		.loc 1 403 0
  67 000e FFF7FEFF 		bl	UART_UartPostEnable
  68              	.LVL1:
  69              	.LBE15:
  70              	.LBE14:
 192:Generated_Source\PSoC4/UART.c **** 
  71              		.loc 1 192 0
  72              		@ sp needed
  73 0012 08BD     		pop	{r3, pc}
  74              	.L4:
  75              		.align	2
  76              	.L3:
  77 0014 00002440 		.word	1076101120
  78              		.cfi_endproc
  79              	.LFE3:
  80              		.size	UART_Enable, .-UART_Enable
  81              		.section	.text.UART_Start,"ax",%progbits
  82              		.align	2
  83              		.global	UART_Start
  84              		.code	16
  85              		.thumb_func
  86              		.type	UART_Start, %function
  87              	UART_Start:
  88              	.LFB4:
 211:Generated_Source\PSoC4/UART.c ****     if (0u == UART_initVar)
  89              		.loc 1 211 0
  90              		.cfi_startproc
  91 0000 10B5     		push	{r4, lr}
  92              		.cfi_def_cfa_offset 8
  93              		.cfi_offset 4, -8
  94              		.cfi_offset 14, -4
 212:Generated_Source\PSoC4/UART.c ****     {
  95              		.loc 1 212 0
  96 0002 084C     		ldr	r4, .L8
  97 0004 2378     		ldrb	r3, [r4]
  98 0006 002B     		cmp	r3, #0
  99 0008 03D1     		bne	.L6
 100              	.LBB16:
 101              	.LBB17:
 142:Generated_Source\PSoC4/UART.c **** 
 102              		.loc 1 142 0
 103 000a FFF7FEFF 		bl	UART_UartInit
 104              	.LVL2:
 105              	.LBE17:
ARM GAS  C:\Users\ramanatg\AppData\Local\Temp\ccIPTPo0.s 			page 10


 106              	.LBE16:
 215:Generated_Source\PSoC4/UART.c ****     }
 107              		.loc 1 215 0
 108 000e 0123     		mov	r3, #1
 109 0010 2370     		strb	r3, [r4]
 110              	.L6:
 111              	.LBB18:
 112              	.LBB19:
 185:Generated_Source\PSoC4/UART.c **** 
 113              		.loc 1 185 0
 114 0012 8021     		mov	r1, #128
 115 0014 044A     		ldr	r2, .L8+4
 116 0016 0906     		lsl	r1, r1, #24
 117 0018 1368     		ldr	r3, [r2]
 118              	.LBE19:
 119              	.LBE18:
 219:Generated_Source\PSoC4/UART.c **** 
 120              		.loc 1 219 0
 121              		@ sp needed
 122              	.LBB23:
 123              	.LBB22:
 185:Generated_Source\PSoC4/UART.c **** 
 124              		.loc 1 185 0
 125 001a 0B43     		orr	r3, r1
 126 001c 1360     		str	r3, [r2]
 127              	.LBB20:
 128              	.LBB21:
 129              		.loc 1 403 0
 130 001e FFF7FEFF 		bl	UART_UartPostEnable
 131              	.LVL3:
 132              	.LBE21:
 133              	.LBE20:
 134              	.LBE22:
 135              	.LBE23:
 219:Generated_Source\PSoC4/UART.c **** 
 136              		.loc 1 219 0
 137 0022 10BD     		pop	{r4, pc}
 138              	.L9:
 139              		.align	2
 140              	.L8:
 141 0024 00000000 		.word	.LANCHOR0
 142 0028 00002440 		.word	1076101120
 143              		.cfi_endproc
 144              	.LFE4:
 145              		.size	UART_Start, .-UART_Start
 146              		.section	.text.UART_Stop,"ax",%progbits
 147              		.align	2
 148              		.global	UART_Stop
 149              		.code	16
 150              		.thumb_func
 151              		.type	UART_Stop, %function
 152              	UART_Stop:
 153              	.LFB5:
 240:Generated_Source\PSoC4/UART.c **** #if (UART_SCB_IRQ_INTERNAL)
 154              		.loc 1 240 0
 155              		.cfi_startproc
 156 0000 08B5     		push	{r3, lr}
ARM GAS  C:\Users\ramanatg\AppData\Local\Temp\ccIPTPo0.s 			page 11


 157              		.cfi_def_cfa_offset 8
 158              		.cfi_offset 3, -8
 159              		.cfi_offset 14, -4
 160              	.LBB24:
 161              	.LBB25:
 404:Generated_Source\PSoC4/UART.c **** 
 405:Generated_Source\PSoC4/UART.c **** #else
 406:Generated_Source\PSoC4/UART.c ****     /* Unknown mode: do nothing */
 407:Generated_Source\PSoC4/UART.c **** #endif /* (UART_SCB_MODE_UNCONFIG_CONST_CFG) */
 408:Generated_Source\PSoC4/UART.c **** }
 409:Generated_Source\PSoC4/UART.c **** 
 410:Generated_Source\PSoC4/UART.c **** 
 411:Generated_Source\PSoC4/UART.c **** /*******************************************************************************
 412:Generated_Source\PSoC4/UART.c **** * Function Name: UART_ScbModeStop
 413:Generated_Source\PSoC4/UART.c **** ****************************************************************************//**
 414:Generated_Source\PSoC4/UART.c **** *
 415:Generated_Source\PSoC4/UART.c **** *  Calls the Stop function for a specific operation mode.
 416:Generated_Source\PSoC4/UART.c **** *
 417:Generated_Source\PSoC4/UART.c **** *******************************************************************************/
 418:Generated_Source\PSoC4/UART.c **** static void UART_ScbModeStop(void)
 419:Generated_Source\PSoC4/UART.c **** {
 420:Generated_Source\PSoC4/UART.c **** #if (UART_SCB_MODE_UNCONFIG_CONST_CFG)
 421:Generated_Source\PSoC4/UART.c ****     if (UART_SCB_MODE_I2C_RUNTM_CFG)
 422:Generated_Source\PSoC4/UART.c ****     {
 423:Generated_Source\PSoC4/UART.c ****         UART_I2CStop();
 424:Generated_Source\PSoC4/UART.c ****     }
 425:Generated_Source\PSoC4/UART.c ****     else if (UART_SCB_MODE_EZI2C_RUNTM_CFG)
 426:Generated_Source\PSoC4/UART.c ****     {
 427:Generated_Source\PSoC4/UART.c ****         UART_EzI2CStop();
 428:Generated_Source\PSoC4/UART.c ****     }
 429:Generated_Source\PSoC4/UART.c **** #if (!UART_CY_SCBIP_V1)
 430:Generated_Source\PSoC4/UART.c ****     else if (UART_SCB_MODE_SPI_RUNTM_CFG)
 431:Generated_Source\PSoC4/UART.c ****     {
 432:Generated_Source\PSoC4/UART.c ****         UART_SpiStop();
 433:Generated_Source\PSoC4/UART.c ****     }
 434:Generated_Source\PSoC4/UART.c ****     else if (UART_SCB_MODE_UART_RUNTM_CFG)
 435:Generated_Source\PSoC4/UART.c ****     {
 436:Generated_Source\PSoC4/UART.c ****         UART_UartStop();
 437:Generated_Source\PSoC4/UART.c ****     }
 438:Generated_Source\PSoC4/UART.c **** #endif /* (!UART_CY_SCBIP_V1) */
 439:Generated_Source\PSoC4/UART.c ****     else
 440:Generated_Source\PSoC4/UART.c ****     {
 441:Generated_Source\PSoC4/UART.c ****         /* Unknown mode: do nothing */
 442:Generated_Source\PSoC4/UART.c ****     }
 443:Generated_Source\PSoC4/UART.c **** #elif (UART_SCB_MODE_I2C_CONST_CFG)
 444:Generated_Source\PSoC4/UART.c ****     UART_I2CStop();
 445:Generated_Source\PSoC4/UART.c **** 
 446:Generated_Source\PSoC4/UART.c **** #elif (UART_SCB_MODE_EZI2C_CONST_CFG)
 447:Generated_Source\PSoC4/UART.c ****     UART_EzI2CStop();
 448:Generated_Source\PSoC4/UART.c **** 
 449:Generated_Source\PSoC4/UART.c **** #elif (UART_SCB_MODE_SPI_CONST_CFG)
 450:Generated_Source\PSoC4/UART.c ****     UART_SpiStop();
 451:Generated_Source\PSoC4/UART.c **** 
 452:Generated_Source\PSoC4/UART.c **** #elif (UART_SCB_MODE_UART_CONST_CFG)
 453:Generated_Source\PSoC4/UART.c ****     UART_UartStop();
 162              		.loc 1 453 0
 163 0002 FFF7FEFF 		bl	UART_UartStop
ARM GAS  C:\Users\ramanatg\AppData\Local\Temp\ccIPTPo0.s 			page 12


 164              	.LVL4:
 165              	.LBE25:
 166              	.LBE24:
 249:Generated_Source\PSoC4/UART.c **** 
 167              		.loc 1 249 0
 168 0006 044A     		ldr	r2, .L11
 264:Generated_Source\PSoC4/UART.c **** 
 169              		.loc 1 264 0
 170              		@ sp needed
 249:Generated_Source\PSoC4/UART.c **** 
 171              		.loc 1 249 0
 172 0008 1368     		ldr	r3, [r2]
 173 000a 5B00     		lsl	r3, r3, #1
 174 000c 5B08     		lsr	r3, r3, #1
 175 000e 1360     		str	r3, [r2]
 259:Generated_Source\PSoC4/UART.c **** 
 176              		.loc 1 259 0
 177 0010 0022     		mov	r2, #0
 178 0012 024B     		ldr	r3, .L11+4
 179 0014 1A60     		str	r2, [r3]
 264:Generated_Source\PSoC4/UART.c **** 
 180              		.loc 1 264 0
 181 0016 08BD     		pop	{r3, pc}
 182              	.L12:
 183              		.align	2
 184              	.L11:
 185 0018 00002440 		.word	1076101120
 186 001c 880F2440 		.word	1076105096
 187              		.cfi_endproc
 188              	.LFE5:
 189              		.size	UART_Stop, .-UART_Stop
 190              		.section	.text.UART_SetRxFifoLevel,"ax",%progbits
 191              		.align	2
 192              		.global	UART_SetRxFifoLevel
 193              		.code	16
 194              		.thumb_func
 195              		.type	UART_SetRxFifoLevel, %function
 196              	UART_SetRxFifoLevel:
 197              	.LFB6:
 280:Generated_Source\PSoC4/UART.c ****     uint32 rxFifoCtrl;
 198              		.loc 1 280 0
 199              		.cfi_startproc
 200              	.LVL5:
 285:Generated_Source\PSoC4/UART.c ****     rxFifoCtrl |= ((uint32) (UART_RX_FIFO_CTRL_TRIGGER_LEVEL_MASK & level));
 201              		.loc 1 285 0
 202 0000 0F21     		mov	r1, #15
 283:Generated_Source\PSoC4/UART.c **** 
 203              		.loc 1 283 0
 204 0002 034A     		ldr	r2, .L14
 286:Generated_Source\PSoC4/UART.c **** 
 205              		.loc 1 286 0
 206 0004 0840     		and	r0, r1
 207              	.LVL6:
 283:Generated_Source\PSoC4/UART.c **** 
 208              		.loc 1 283 0
 209 0006 1368     		ldr	r3, [r2]
 210              	.LVL7:
ARM GAS  C:\Users\ramanatg\AppData\Local\Temp\ccIPTPo0.s 			page 13


 289:Generated_Source\PSoC4/UART.c **** 
 211              		.loc 1 289 0
 212              		@ sp needed
 285:Generated_Source\PSoC4/UART.c ****     rxFifoCtrl |= ((uint32) (UART_RX_FIFO_CTRL_TRIGGER_LEVEL_MASK & level));
 213              		.loc 1 285 0
 214 0008 8B43     		bic	r3, r1
 215              	.LVL8:
 286:Generated_Source\PSoC4/UART.c **** 
 216              		.loc 1 286 0
 217 000a 1843     		orr	r0, r3
 218              	.LVL9:
 288:Generated_Source\PSoC4/UART.c **** }
 219              		.loc 1 288 0
 220 000c 1060     		str	r0, [r2]
 289:Generated_Source\PSoC4/UART.c **** 
 221              		.loc 1 289 0
 222 000e 7047     		bx	lr
 223              	.L15:
 224              		.align	2
 225              	.L14:
 226 0010 04032440 		.word	1076101892
 227              		.cfi_endproc
 228              	.LFE6:
 229              		.size	UART_SetRxFifoLevel, .-UART_SetRxFifoLevel
 230              		.section	.text.UART_SetTxFifoLevel,"ax",%progbits
 231              		.align	2
 232              		.global	UART_SetTxFifoLevel
 233              		.code	16
 234              		.thumb_func
 235              		.type	UART_SetTxFifoLevel, %function
 236              	UART_SetTxFifoLevel:
 237              	.LFB7:
 305:Generated_Source\PSoC4/UART.c ****     uint32 txFifoCtrl;
 238              		.loc 1 305 0
 239              		.cfi_startproc
 240              	.LVL10:
 310:Generated_Source\PSoC4/UART.c ****     txFifoCtrl |= ((uint32) (UART_TX_FIFO_CTRL_TRIGGER_LEVEL_MASK & level));
 241              		.loc 1 310 0
 242 0000 0F21     		mov	r1, #15
 308:Generated_Source\PSoC4/UART.c **** 
 243              		.loc 1 308 0
 244 0002 034A     		ldr	r2, .L17
 311:Generated_Source\PSoC4/UART.c **** 
 245              		.loc 1 311 0
 246 0004 0840     		and	r0, r1
 247              	.LVL11:
 308:Generated_Source\PSoC4/UART.c **** 
 248              		.loc 1 308 0
 249 0006 1368     		ldr	r3, [r2]
 250              	.LVL12:
 314:Generated_Source\PSoC4/UART.c **** 
 251              		.loc 1 314 0
 252              		@ sp needed
 310:Generated_Source\PSoC4/UART.c ****     txFifoCtrl |= ((uint32) (UART_TX_FIFO_CTRL_TRIGGER_LEVEL_MASK & level));
 253              		.loc 1 310 0
 254 0008 8B43     		bic	r3, r1
 255              	.LVL13:
ARM GAS  C:\Users\ramanatg\AppData\Local\Temp\ccIPTPo0.s 			page 14


 311:Generated_Source\PSoC4/UART.c **** 
 256              		.loc 1 311 0
 257 000a 1843     		orr	r0, r3
 258              	.LVL14:
 313:Generated_Source\PSoC4/UART.c **** }
 259              		.loc 1 313 0
 260 000c 1060     		str	r0, [r2]
 314:Generated_Source\PSoC4/UART.c **** 
 261              		.loc 1 314 0
 262 000e 7047     		bx	lr
 263              	.L18:
 264              		.align	2
 265              	.L17:
 266 0010 04022440 		.word	1076101636
 267              		.cfi_endproc
 268              	.LFE7:
 269              		.size	UART_SetTxFifoLevel, .-UART_SetTxFifoLevel
 270              		.global	UART_IntrTxMask
 271              		.global	UART_initVar
 272              		.bss
 273              		.align	1
 274              		.set	.LANCHOR0,. + 0
 275              		.type	UART_initVar, %object
 276              		.size	UART_initVar, 1
 277              	UART_initVar:
 278 0000 00       		.space	1
 279 0001 00       		.space	1
 280              		.type	UART_IntrTxMask, %object
 281              		.size	UART_IntrTxMask, 2
 282              	UART_IntrTxMask:
 283 0002 0000     		.space	2
 284              		.text
 285              	.Letext0:
 286              		.file 2 "Generated_Source\\PSoC4/cytypes.h"
 287              		.file 3 "Generated_Source\\PSoC4\\UART_SPI_UART_PVT.h"
 288              		.section	.debug_info,"",%progbits
 289              	.Ldebug_info0:
 290 0000 5E020000 		.4byte	0x25e
 291 0004 0400     		.2byte	0x4
 292 0006 00000000 		.4byte	.Ldebug_abbrev0
 293 000a 04       		.byte	0x4
 294 000b 01       		.uleb128 0x1
 295 000c 74010000 		.4byte	.LASF34
 296 0010 01       		.byte	0x1
 297 0011 4F010000 		.4byte	.LASF35
 298 0015 E8000000 		.4byte	.LASF36
 299 0019 18000000 		.4byte	.Ldebug_ranges0+0x18
 300 001d 00000000 		.4byte	0
 301 0021 00000000 		.4byte	.Ldebug_line0
 302 0025 02       		.uleb128 0x2
 303 0026 01       		.byte	0x1
 304 0027 06       		.byte	0x6
 305 0028 B0020000 		.4byte	.LASF0
 306 002c 02       		.uleb128 0x2
 307 002d 01       		.byte	0x1
 308 002e 08       		.byte	0x8
 309 002f 84000000 		.4byte	.LASF1
ARM GAS  C:\Users\ramanatg\AppData\Local\Temp\ccIPTPo0.s 			page 15


 310 0033 02       		.uleb128 0x2
 311 0034 02       		.byte	0x2
 312 0035 05       		.byte	0x5
 313 0036 7F020000 		.4byte	.LASF2
 314 003a 02       		.uleb128 0x2
 315 003b 02       		.byte	0x2
 316 003c 07       		.byte	0x7
 317 003d 52000000 		.4byte	.LASF3
 318 0041 02       		.uleb128 0x2
 319 0042 04       		.byte	0x4
 320 0043 05       		.byte	0x5
 321 0044 A7020000 		.4byte	.LASF4
 322 0048 02       		.uleb128 0x2
 323 0049 04       		.byte	0x4
 324 004a 07       		.byte	0x7
 325 004b B0000000 		.4byte	.LASF5
 326 004f 02       		.uleb128 0x2
 327 0050 08       		.byte	0x8
 328 0051 05       		.byte	0x5
 329 0052 58020000 		.4byte	.LASF6
 330 0056 02       		.uleb128 0x2
 331 0057 08       		.byte	0x8
 332 0058 07       		.byte	0x7
 333 0059 2E020000 		.4byte	.LASF7
 334 005d 03       		.uleb128 0x3
 335 005e 04       		.byte	0x4
 336 005f 05       		.byte	0x5
 337 0060 696E7400 		.ascii	"int\000"
 338 0064 02       		.uleb128 0x2
 339 0065 04       		.byte	0x4
 340 0066 07       		.byte	0x7
 341 0067 13020000 		.4byte	.LASF8
 342 006b 04       		.uleb128 0x4
 343 006c D0000000 		.4byte	.LASF9
 344 0070 02       		.byte	0x2
 345 0071 B901     		.2byte	0x1b9
 346 0073 2C000000 		.4byte	0x2c
 347 0077 04       		.uleb128 0x4
 348 0078 48010000 		.4byte	.LASF10
 349 007c 02       		.byte	0x2
 350 007d BA01     		.2byte	0x1ba
 351 007f 3A000000 		.4byte	0x3a
 352 0083 04       		.uleb128 0x4
 353 0084 6D010000 		.4byte	.LASF11
 354 0088 02       		.byte	0x2
 355 0089 BB01     		.2byte	0x1bb
 356 008b 48000000 		.4byte	0x48
 357 008f 02       		.uleb128 0x2
 358 0090 04       		.byte	0x4
 359 0091 04       		.byte	0x4
 360 0092 72000000 		.4byte	.LASF12
 361 0096 02       		.uleb128 0x2
 362 0097 08       		.byte	0x8
 363 0098 04       		.byte	0x4
 364 0099 E1000000 		.4byte	.LASF13
 365 009d 02       		.uleb128 0x2
 366 009e 01       		.byte	0x1
ARM GAS  C:\Users\ramanatg\AppData\Local\Temp\ccIPTPo0.s 			page 16


 367 009f 08       		.byte	0x8
 368 00a0 7A020000 		.4byte	.LASF14
 369 00a4 04       		.uleb128 0x4
 370 00a5 00000000 		.4byte	.LASF15
 371 00a9 02       		.byte	0x2
 372 00aa 6502     		.2byte	0x265
 373 00ac B0000000 		.4byte	0xb0
 374 00b0 05       		.uleb128 0x5
 375 00b1 83000000 		.4byte	0x83
 376 00b5 02       		.uleb128 0x2
 377 00b6 04       		.byte	0x4
 378 00b7 07       		.byte	0x7
 379 00b8 4F020000 		.4byte	.LASF16
 380 00bc 06       		.uleb128 0x6
 381 00bd 89020000 		.4byte	.LASF17
 382 00c1 01       		.byte	0x1
 383 00c2 6401     		.2byte	0x164
 384 00c4 01       		.byte	0x1
 385 00c5 06       		.uleb128 0x6
 386 00c6 3B000000 		.4byte	.LASF18
 387 00ca 01       		.byte	0x1
 388 00cb 7D01     		.2byte	0x17d
 389 00cd 01       		.byte	0x1
 390 00ce 07       		.uleb128 0x7
 391 00cf 92000000 		.4byte	.LASF19
 392 00d3 01       		.byte	0x1
 393 00d4 7B       		.byte	0x7b
 394 00d5 01       		.byte	0x1
 395 00d6 07       		.uleb128 0x7
 396 00d7 78000000 		.4byte	.LASF20
 397 00db 01       		.byte	0x1
 398 00dc AB       		.byte	0xab
 399 00dd 01       		.byte	0x1
 400 00de 06       		.uleb128 0x6
 401 00df 02020000 		.4byte	.LASF21
 402 00e3 01       		.byte	0x1
 403 00e4 A201     		.2byte	0x1a2
 404 00e6 01       		.byte	0x1
 405 00e7 08       		.uleb128 0x8
 406 00e8 CE000000 		.4byte	0xce
 407 00ec 00000000 		.4byte	.LFB2
 408 00f0 08000000 		.4byte	.LFE2-.LFB2
 409 00f4 01       		.uleb128 0x1
 410 00f5 9C       		.byte	0x9c
 411 00f6 04010000 		.4byte	0x104
 412 00fa 09       		.uleb128 0x9
 413 00fb 06000000 		.4byte	.LVL0
 414 00ff 4C020000 		.4byte	0x24c
 415 0103 00       		.byte	0
 416 0104 08       		.uleb128 0x8
 417 0105 D6000000 		.4byte	0xd6
 418 0109 00000000 		.4byte	.LFB3
 419 010d 18000000 		.4byte	.LFE3-.LFB3
 420 0111 01       		.uleb128 0x1
 421 0112 9C       		.byte	0x9c
 422 0113 31010000 		.4byte	0x131
 423 0117 0A       		.uleb128 0xa
ARM GAS  C:\Users\ramanatg\AppData\Local\Temp\ccIPTPo0.s 			page 17


 424 0118 C5000000 		.4byte	0xc5
 425 011c 0E000000 		.4byte	.LBB14
 426 0120 04000000 		.4byte	.LBE14-.LBB14
 427 0124 01       		.byte	0x1
 428 0125 BE       		.byte	0xbe
 429 0126 09       		.uleb128 0x9
 430 0127 12000000 		.4byte	.LVL1
 431 012b 53020000 		.4byte	0x253
 432 012f 00       		.byte	0
 433 0130 00       		.byte	0
 434 0131 0B       		.uleb128 0xb
 435 0132 D6000000 		.4byte	.LASF22
 436 0136 01       		.byte	0x1
 437 0137 D2       		.byte	0xd2
 438 0138 00000000 		.4byte	.LFB4
 439 013c 2C000000 		.4byte	.LFE4-.LFB4
 440 0140 01       		.uleb128 0x1
 441 0141 9C       		.byte	0x9c
 442 0142 8D010000 		.4byte	0x18d
 443 0146 0C       		.uleb128 0xc
 444 0147 CE000000 		.4byte	0xce
 445 014b 0A000000 		.4byte	.LBB16
 446 014f 04000000 		.4byte	.LBE16-.LBB16
 447 0153 01       		.byte	0x1
 448 0154 D6       		.byte	0xd6
 449 0155 63010000 		.4byte	0x163
 450 0159 09       		.uleb128 0x9
 451 015a 0E000000 		.4byte	.LVL2
 452 015e 4C020000 		.4byte	0x24c
 453 0162 00       		.byte	0
 454 0163 0D       		.uleb128 0xd
 455 0164 D6000000 		.4byte	0xd6
 456 0168 12000000 		.4byte	.LBB18
 457 016c 00000000 		.4byte	.Ldebug_ranges0+0
 458 0170 01       		.byte	0x1
 459 0171 DA       		.byte	0xda
 460 0172 0A       		.uleb128 0xa
 461 0173 C5000000 		.4byte	0xc5
 462 0177 1E000000 		.4byte	.LBB20
 463 017b 04000000 		.4byte	.LBE20-.LBB20
 464 017f 01       		.byte	0x1
 465 0180 BE       		.byte	0xbe
 466 0181 09       		.uleb128 0x9
 467 0182 22000000 		.4byte	.LVL3
 468 0186 53020000 		.4byte	0x253
 469 018a 00       		.byte	0
 470 018b 00       		.byte	0
 471 018c 00       		.byte	0
 472 018d 0B       		.uleb128 0xb
 473 018e 45020000 		.4byte	.LASF23
 474 0192 01       		.byte	0x1
 475 0193 EF       		.byte	0xef
 476 0194 00000000 		.4byte	.LFB5
 477 0198 20000000 		.4byte	.LFE5-.LFB5
 478 019c 01       		.uleb128 0x1
 479 019d 9C       		.byte	0x9c
 480 019e BC010000 		.4byte	0x1bc
ARM GAS  C:\Users\ramanatg\AppData\Local\Temp\ccIPTPo0.s 			page 18


 481 01a2 0A       		.uleb128 0xa
 482 01a3 DE000000 		.4byte	0xde
 483 01a7 02000000 		.4byte	.LBB24
 484 01ab 04000000 		.4byte	.LBE24-.LBB24
 485 01af 01       		.byte	0x1
 486 01b0 F6       		.byte	0xf6
 487 01b1 09       		.uleb128 0x9
 488 01b2 06000000 		.4byte	.LVL4
 489 01b6 5A020000 		.4byte	0x25a
 490 01ba 00       		.byte	0
 491 01bb 00       		.byte	0
 492 01bc 0E       		.uleb128 0xe
 493 01bd 66020000 		.4byte	.LASF24
 494 01c1 01       		.byte	0x1
 495 01c2 1701     		.2byte	0x117
 496 01c4 00000000 		.4byte	.LFB6
 497 01c8 14000000 		.4byte	.LFE6-.LFB6
 498 01cc 01       		.uleb128 0x1
 499 01cd 9C       		.byte	0x9c
 500 01ce F3010000 		.4byte	0x1f3
 501 01d2 0F       		.uleb128 0xf
 502 01d3 35000000 		.4byte	.LASF26
 503 01d7 01       		.byte	0x1
 504 01d8 1701     		.2byte	0x117
 505 01da 83000000 		.4byte	0x83
 506 01de 00000000 		.4byte	.LLST0
 507 01e2 10       		.uleb128 0x10
 508 01e3 9C020000 		.4byte	.LASF27
 509 01e7 01       		.byte	0x1
 510 01e8 1901     		.2byte	0x119
 511 01ea 83000000 		.4byte	0x83
 512 01ee 21000000 		.4byte	.LLST1
 513 01f2 00       		.byte	0
 514 01f3 0E       		.uleb128 0xe
 515 01f4 21000000 		.4byte	.LASF25
 516 01f8 01       		.byte	0x1
 517 01f9 3001     		.2byte	0x130
 518 01fb 00000000 		.4byte	.LFB7
 519 01ff 14000000 		.4byte	.LFE7-.LFB7
 520 0203 01       		.uleb128 0x1
 521 0204 9C       		.byte	0x9c
 522 0205 2A020000 		.4byte	0x22a
 523 0209 0F       		.uleb128 0xf
 524 020a 35000000 		.4byte	.LASF26
 525 020e 01       		.byte	0x1
 526 020f 3001     		.2byte	0x130
 527 0211 83000000 		.4byte	0x83
 528 0215 3F000000 		.4byte	.LLST2
 529 0219 10       		.uleb128 0x10
 530 021a 06000000 		.4byte	.LASF28
 531 021e 01       		.byte	0x1
 532 021f 3201     		.2byte	0x132
 533 0221 83000000 		.4byte	0x83
 534 0225 60000000 		.4byte	.LLST3
 535 0229 00       		.byte	0
 536 022a 11       		.uleb128 0x11
 537 022b 65000000 		.4byte	.LASF29
ARM GAS  C:\Users\ramanatg\AppData\Local\Temp\ccIPTPo0.s 			page 19


 538 022f 01       		.byte	0x1
 539 0230 51       		.byte	0x51
 540 0231 6B000000 		.4byte	0x6b
 541 0235 05       		.uleb128 0x5
 542 0236 03       		.byte	0x3
 543 0237 00000000 		.4byte	UART_initVar
 544 023b 11       		.uleb128 0x11
 545 023c 11000000 		.4byte	.LASF30
 546 0240 01       		.byte	0x1
 547 0241 5A       		.byte	0x5a
 548 0242 77000000 		.4byte	0x77
 549 0246 05       		.uleb128 0x5
 550 0247 03       		.byte	0x3
 551 0248 00000000 		.4byte	UART_IntrTxMask
 552 024c 12       		.uleb128 0x12
 553 024d 20020000 		.4byte	.LASF31
 554 0251 03       		.byte	0x3
 555 0252 50       		.byte	0x50
 556 0253 12       		.uleb128 0x12
 557 0254 9C000000 		.4byte	.LASF32
 558 0258 03       		.byte	0x3
 559 0259 4C       		.byte	0x4c
 560 025a 12       		.uleb128 0x12
 561 025b C2000000 		.4byte	.LASF33
 562 025f 03       		.byte	0x3
 563 0260 4D       		.byte	0x4d
 564 0261 00       		.byte	0
 565              		.section	.debug_abbrev,"",%progbits
 566              	.Ldebug_abbrev0:
 567 0000 01       		.uleb128 0x1
 568 0001 11       		.uleb128 0x11
 569 0002 01       		.byte	0x1
 570 0003 25       		.uleb128 0x25
 571 0004 0E       		.uleb128 0xe
 572 0005 13       		.uleb128 0x13
 573 0006 0B       		.uleb128 0xb
 574 0007 03       		.uleb128 0x3
 575 0008 0E       		.uleb128 0xe
 576 0009 1B       		.uleb128 0x1b
 577 000a 0E       		.uleb128 0xe
 578 000b 55       		.uleb128 0x55
 579 000c 17       		.uleb128 0x17
 580 000d 11       		.uleb128 0x11
 581 000e 01       		.uleb128 0x1
 582 000f 10       		.uleb128 0x10
 583 0010 17       		.uleb128 0x17
 584 0011 00       		.byte	0
 585 0012 00       		.byte	0
 586 0013 02       		.uleb128 0x2
 587 0014 24       		.uleb128 0x24
 588 0015 00       		.byte	0
 589 0016 0B       		.uleb128 0xb
 590 0017 0B       		.uleb128 0xb
 591 0018 3E       		.uleb128 0x3e
 592 0019 0B       		.uleb128 0xb
 593 001a 03       		.uleb128 0x3
 594 001b 0E       		.uleb128 0xe
ARM GAS  C:\Users\ramanatg\AppData\Local\Temp\ccIPTPo0.s 			page 20


 595 001c 00       		.byte	0
 596 001d 00       		.byte	0
 597 001e 03       		.uleb128 0x3
 598 001f 24       		.uleb128 0x24
 599 0020 00       		.byte	0
 600 0021 0B       		.uleb128 0xb
 601 0022 0B       		.uleb128 0xb
 602 0023 3E       		.uleb128 0x3e
 603 0024 0B       		.uleb128 0xb
 604 0025 03       		.uleb128 0x3
 605 0026 08       		.uleb128 0x8
 606 0027 00       		.byte	0
 607 0028 00       		.byte	0
 608 0029 04       		.uleb128 0x4
 609 002a 16       		.uleb128 0x16
 610 002b 00       		.byte	0
 611 002c 03       		.uleb128 0x3
 612 002d 0E       		.uleb128 0xe
 613 002e 3A       		.uleb128 0x3a
 614 002f 0B       		.uleb128 0xb
 615 0030 3B       		.uleb128 0x3b
 616 0031 05       		.uleb128 0x5
 617 0032 49       		.uleb128 0x49
 618 0033 13       		.uleb128 0x13
 619 0034 00       		.byte	0
 620 0035 00       		.byte	0
 621 0036 05       		.uleb128 0x5
 622 0037 35       		.uleb128 0x35
 623 0038 00       		.byte	0
 624 0039 49       		.uleb128 0x49
 625 003a 13       		.uleb128 0x13
 626 003b 00       		.byte	0
 627 003c 00       		.byte	0
 628 003d 06       		.uleb128 0x6
 629 003e 2E       		.uleb128 0x2e
 630 003f 00       		.byte	0
 631 0040 03       		.uleb128 0x3
 632 0041 0E       		.uleb128 0xe
 633 0042 3A       		.uleb128 0x3a
 634 0043 0B       		.uleb128 0xb
 635 0044 3B       		.uleb128 0x3b
 636 0045 05       		.uleb128 0x5
 637 0046 27       		.uleb128 0x27
 638 0047 19       		.uleb128 0x19
 639 0048 20       		.uleb128 0x20
 640 0049 0B       		.uleb128 0xb
 641 004a 00       		.byte	0
 642 004b 00       		.byte	0
 643 004c 07       		.uleb128 0x7
 644 004d 2E       		.uleb128 0x2e
 645 004e 00       		.byte	0
 646 004f 3F       		.uleb128 0x3f
 647 0050 19       		.uleb128 0x19
 648 0051 03       		.uleb128 0x3
 649 0052 0E       		.uleb128 0xe
 650 0053 3A       		.uleb128 0x3a
 651 0054 0B       		.uleb128 0xb
ARM GAS  C:\Users\ramanatg\AppData\Local\Temp\ccIPTPo0.s 			page 21


 652 0055 3B       		.uleb128 0x3b
 653 0056 0B       		.uleb128 0xb
 654 0057 27       		.uleb128 0x27
 655 0058 19       		.uleb128 0x19
 656 0059 20       		.uleb128 0x20
 657 005a 0B       		.uleb128 0xb
 658 005b 00       		.byte	0
 659 005c 00       		.byte	0
 660 005d 08       		.uleb128 0x8
 661 005e 2E       		.uleb128 0x2e
 662 005f 01       		.byte	0x1
 663 0060 31       		.uleb128 0x31
 664 0061 13       		.uleb128 0x13
 665 0062 11       		.uleb128 0x11
 666 0063 01       		.uleb128 0x1
 667 0064 12       		.uleb128 0x12
 668 0065 06       		.uleb128 0x6
 669 0066 40       		.uleb128 0x40
 670 0067 18       		.uleb128 0x18
 671 0068 9742     		.uleb128 0x2117
 672 006a 19       		.uleb128 0x19
 673 006b 01       		.uleb128 0x1
 674 006c 13       		.uleb128 0x13
 675 006d 00       		.byte	0
 676 006e 00       		.byte	0
 677 006f 09       		.uleb128 0x9
 678 0070 898201   		.uleb128 0x4109
 679 0073 00       		.byte	0
 680 0074 11       		.uleb128 0x11
 681 0075 01       		.uleb128 0x1
 682 0076 31       		.uleb128 0x31
 683 0077 13       		.uleb128 0x13
 684 0078 00       		.byte	0
 685 0079 00       		.byte	0
 686 007a 0A       		.uleb128 0xa
 687 007b 1D       		.uleb128 0x1d
 688 007c 01       		.byte	0x1
 689 007d 31       		.uleb128 0x31
 690 007e 13       		.uleb128 0x13
 691 007f 11       		.uleb128 0x11
 692 0080 01       		.uleb128 0x1
 693 0081 12       		.uleb128 0x12
 694 0082 06       		.uleb128 0x6
 695 0083 58       		.uleb128 0x58
 696 0084 0B       		.uleb128 0xb
 697 0085 59       		.uleb128 0x59
 698 0086 0B       		.uleb128 0xb
 699 0087 00       		.byte	0
 700 0088 00       		.byte	0
 701 0089 0B       		.uleb128 0xb
 702 008a 2E       		.uleb128 0x2e
 703 008b 01       		.byte	0x1
 704 008c 3F       		.uleb128 0x3f
 705 008d 19       		.uleb128 0x19
 706 008e 03       		.uleb128 0x3
 707 008f 0E       		.uleb128 0xe
 708 0090 3A       		.uleb128 0x3a
ARM GAS  C:\Users\ramanatg\AppData\Local\Temp\ccIPTPo0.s 			page 22


 709 0091 0B       		.uleb128 0xb
 710 0092 3B       		.uleb128 0x3b
 711 0093 0B       		.uleb128 0xb
 712 0094 27       		.uleb128 0x27
 713 0095 19       		.uleb128 0x19
 714 0096 11       		.uleb128 0x11
 715 0097 01       		.uleb128 0x1
 716 0098 12       		.uleb128 0x12
 717 0099 06       		.uleb128 0x6
 718 009a 40       		.uleb128 0x40
 719 009b 18       		.uleb128 0x18
 720 009c 9742     		.uleb128 0x2117
 721 009e 19       		.uleb128 0x19
 722 009f 01       		.uleb128 0x1
 723 00a0 13       		.uleb128 0x13
 724 00a1 00       		.byte	0
 725 00a2 00       		.byte	0
 726 00a3 0C       		.uleb128 0xc
 727 00a4 1D       		.uleb128 0x1d
 728 00a5 01       		.byte	0x1
 729 00a6 31       		.uleb128 0x31
 730 00a7 13       		.uleb128 0x13
 731 00a8 11       		.uleb128 0x11
 732 00a9 01       		.uleb128 0x1
 733 00aa 12       		.uleb128 0x12
 734 00ab 06       		.uleb128 0x6
 735 00ac 58       		.uleb128 0x58
 736 00ad 0B       		.uleb128 0xb
 737 00ae 59       		.uleb128 0x59
 738 00af 0B       		.uleb128 0xb
 739 00b0 01       		.uleb128 0x1
 740 00b1 13       		.uleb128 0x13
 741 00b2 00       		.byte	0
 742 00b3 00       		.byte	0
 743 00b4 0D       		.uleb128 0xd
 744 00b5 1D       		.uleb128 0x1d
 745 00b6 01       		.byte	0x1
 746 00b7 31       		.uleb128 0x31
 747 00b8 13       		.uleb128 0x13
 748 00b9 52       		.uleb128 0x52
 749 00ba 01       		.uleb128 0x1
 750 00bb 55       		.uleb128 0x55
 751 00bc 17       		.uleb128 0x17
 752 00bd 58       		.uleb128 0x58
 753 00be 0B       		.uleb128 0xb
 754 00bf 59       		.uleb128 0x59
 755 00c0 0B       		.uleb128 0xb
 756 00c1 00       		.byte	0
 757 00c2 00       		.byte	0
 758 00c3 0E       		.uleb128 0xe
 759 00c4 2E       		.uleb128 0x2e
 760 00c5 01       		.byte	0x1
 761 00c6 3F       		.uleb128 0x3f
 762 00c7 19       		.uleb128 0x19
 763 00c8 03       		.uleb128 0x3
 764 00c9 0E       		.uleb128 0xe
 765 00ca 3A       		.uleb128 0x3a
ARM GAS  C:\Users\ramanatg\AppData\Local\Temp\ccIPTPo0.s 			page 23


 766 00cb 0B       		.uleb128 0xb
 767 00cc 3B       		.uleb128 0x3b
 768 00cd 05       		.uleb128 0x5
 769 00ce 27       		.uleb128 0x27
 770 00cf 19       		.uleb128 0x19
 771 00d0 11       		.uleb128 0x11
 772 00d1 01       		.uleb128 0x1
 773 00d2 12       		.uleb128 0x12
 774 00d3 06       		.uleb128 0x6
 775 00d4 40       		.uleb128 0x40
 776 00d5 18       		.uleb128 0x18
 777 00d6 9742     		.uleb128 0x2117
 778 00d8 19       		.uleb128 0x19
 779 00d9 01       		.uleb128 0x1
 780 00da 13       		.uleb128 0x13
 781 00db 00       		.byte	0
 782 00dc 00       		.byte	0
 783 00dd 0F       		.uleb128 0xf
 784 00de 05       		.uleb128 0x5
 785 00df 00       		.byte	0
 786 00e0 03       		.uleb128 0x3
 787 00e1 0E       		.uleb128 0xe
 788 00e2 3A       		.uleb128 0x3a
 789 00e3 0B       		.uleb128 0xb
 790 00e4 3B       		.uleb128 0x3b
 791 00e5 05       		.uleb128 0x5
 792 00e6 49       		.uleb128 0x49
 793 00e7 13       		.uleb128 0x13
 794 00e8 02       		.uleb128 0x2
 795 00e9 17       		.uleb128 0x17
 796 00ea 00       		.byte	0
 797 00eb 00       		.byte	0
 798 00ec 10       		.uleb128 0x10
 799 00ed 34       		.uleb128 0x34
 800 00ee 00       		.byte	0
 801 00ef 03       		.uleb128 0x3
 802 00f0 0E       		.uleb128 0xe
 803 00f1 3A       		.uleb128 0x3a
 804 00f2 0B       		.uleb128 0xb
 805 00f3 3B       		.uleb128 0x3b
 806 00f4 05       		.uleb128 0x5
 807 00f5 49       		.uleb128 0x49
 808 00f6 13       		.uleb128 0x13
 809 00f7 02       		.uleb128 0x2
 810 00f8 17       		.uleb128 0x17
 811 00f9 00       		.byte	0
 812 00fa 00       		.byte	0
 813 00fb 11       		.uleb128 0x11
 814 00fc 34       		.uleb128 0x34
 815 00fd 00       		.byte	0
 816 00fe 03       		.uleb128 0x3
 817 00ff 0E       		.uleb128 0xe
 818 0100 3A       		.uleb128 0x3a
 819 0101 0B       		.uleb128 0xb
 820 0102 3B       		.uleb128 0x3b
 821 0103 0B       		.uleb128 0xb
 822 0104 49       		.uleb128 0x49
ARM GAS  C:\Users\ramanatg\AppData\Local\Temp\ccIPTPo0.s 			page 24


 823 0105 13       		.uleb128 0x13
 824 0106 3F       		.uleb128 0x3f
 825 0107 19       		.uleb128 0x19
 826 0108 02       		.uleb128 0x2
 827 0109 18       		.uleb128 0x18
 828 010a 00       		.byte	0
 829 010b 00       		.byte	0
 830 010c 12       		.uleb128 0x12
 831 010d 2E       		.uleb128 0x2e
 832 010e 00       		.byte	0
 833 010f 3F       		.uleb128 0x3f
 834 0110 19       		.uleb128 0x19
 835 0111 03       		.uleb128 0x3
 836 0112 0E       		.uleb128 0xe
 837 0113 3A       		.uleb128 0x3a
 838 0114 0B       		.uleb128 0xb
 839 0115 3B       		.uleb128 0x3b
 840 0116 0B       		.uleb128 0xb
 841 0117 27       		.uleb128 0x27
 842 0118 19       		.uleb128 0x19
 843 0119 3C       		.uleb128 0x3c
 844 011a 19       		.uleb128 0x19
 845 011b 00       		.byte	0
 846 011c 00       		.byte	0
 847 011d 00       		.byte	0
 848              		.section	.debug_loc,"",%progbits
 849              	.Ldebug_loc0:
 850              	.LLST0:
 851 0000 00000000 		.4byte	.LVL5
 852 0004 06000000 		.4byte	.LVL6
 853 0008 0100     		.2byte	0x1
 854 000a 50       		.byte	0x50
 855 000b 06000000 		.4byte	.LVL6
 856 000f 14000000 		.4byte	.LFE6
 857 0013 0400     		.2byte	0x4
 858 0015 F3       		.byte	0xf3
 859 0016 01       		.uleb128 0x1
 860 0017 50       		.byte	0x50
 861 0018 9F       		.byte	0x9f
 862 0019 00000000 		.4byte	0
 863 001d 00000000 		.4byte	0
 864              	.LLST1:
 865 0021 08000000 		.4byte	.LVL7
 866 0025 0C000000 		.4byte	.LVL9
 867 0029 0100     		.2byte	0x1
 868 002b 53       		.byte	0x53
 869 002c 0C000000 		.4byte	.LVL9
 870 0030 14000000 		.4byte	.LFE6
 871 0034 0100     		.2byte	0x1
 872 0036 50       		.byte	0x50
 873 0037 00000000 		.4byte	0
 874 003b 00000000 		.4byte	0
 875              	.LLST2:
 876 003f 00000000 		.4byte	.LVL10
 877 0043 06000000 		.4byte	.LVL11
 878 0047 0100     		.2byte	0x1
 879 0049 50       		.byte	0x50
ARM GAS  C:\Users\ramanatg\AppData\Local\Temp\ccIPTPo0.s 			page 25


 880 004a 06000000 		.4byte	.LVL11
 881 004e 14000000 		.4byte	.LFE7
 882 0052 0400     		.2byte	0x4
 883 0054 F3       		.byte	0xf3
 884 0055 01       		.uleb128 0x1
 885 0056 50       		.byte	0x50
 886 0057 9F       		.byte	0x9f
 887 0058 00000000 		.4byte	0
 888 005c 00000000 		.4byte	0
 889              	.LLST3:
 890 0060 08000000 		.4byte	.LVL12
 891 0064 0C000000 		.4byte	.LVL14
 892 0068 0100     		.2byte	0x1
 893 006a 53       		.byte	0x53
 894 006b 0C000000 		.4byte	.LVL14
 895 006f 14000000 		.4byte	.LFE7
 896 0073 0100     		.2byte	0x1
 897 0075 50       		.byte	0x50
 898 0076 00000000 		.4byte	0
 899 007a 00000000 		.4byte	0
 900              		.section	.debug_aranges,"",%progbits
 901 0000 44000000 		.4byte	0x44
 902 0004 0200     		.2byte	0x2
 903 0006 00000000 		.4byte	.Ldebug_info0
 904 000a 04       		.byte	0x4
 905 000b 00       		.byte	0
 906 000c 0000     		.2byte	0
 907 000e 0000     		.2byte	0
 908 0010 00000000 		.4byte	.LFB2
 909 0014 08000000 		.4byte	.LFE2-.LFB2
 910 0018 00000000 		.4byte	.LFB3
 911 001c 18000000 		.4byte	.LFE3-.LFB3
 912 0020 00000000 		.4byte	.LFB4
 913 0024 2C000000 		.4byte	.LFE4-.LFB4
 914 0028 00000000 		.4byte	.LFB5
 915 002c 20000000 		.4byte	.LFE5-.LFB5
 916 0030 00000000 		.4byte	.LFB6
 917 0034 14000000 		.4byte	.LFE6-.LFB6
 918 0038 00000000 		.4byte	.LFB7
 919 003c 14000000 		.4byte	.LFE7-.LFB7
 920 0040 00000000 		.4byte	0
 921 0044 00000000 		.4byte	0
 922              		.section	.debug_ranges,"",%progbits
 923              	.Ldebug_ranges0:
 924 0000 12000000 		.4byte	.LBB18
 925 0004 1A000000 		.4byte	.LBE18
 926 0008 1A000000 		.4byte	.LBB23
 927 000c 22000000 		.4byte	.LBE23
 928 0010 00000000 		.4byte	0
 929 0014 00000000 		.4byte	0
 930 0018 00000000 		.4byte	.LFB2
 931 001c 08000000 		.4byte	.LFE2
 932 0020 00000000 		.4byte	.LFB3
 933 0024 18000000 		.4byte	.LFE3
 934 0028 00000000 		.4byte	.LFB4
 935 002c 2C000000 		.4byte	.LFE4
 936 0030 00000000 		.4byte	.LFB5
ARM GAS  C:\Users\ramanatg\AppData\Local\Temp\ccIPTPo0.s 			page 26


 937 0034 20000000 		.4byte	.LFE5
 938 0038 00000000 		.4byte	.LFB6
 939 003c 14000000 		.4byte	.LFE6
 940 0040 00000000 		.4byte	.LFB7
 941 0044 14000000 		.4byte	.LFE7
 942 0048 00000000 		.4byte	0
 943 004c 00000000 		.4byte	0
 944              		.section	.debug_line,"",%progbits
 945              	.Ldebug_line0:
 946 0000 11010000 		.section	.debug_str,"MS",%progbits,1
 946      02005800 
 946      00000201 
 946      FB0E0D00 
 946      01010101 
 947              	.LASF15:
 948 0000 72656733 		.ascii	"reg32\000"
 948      3200
 949              	.LASF28:
 950 0006 74784669 		.ascii	"txFifoCtrl\000"
 950      666F4374 
 950      726C00
 951              	.LASF30:
 952 0011 55415254 		.ascii	"UART_IntrTxMask\000"
 952      5F496E74 
 952      7254784D 
 952      61736B00 
 953              	.LASF25:
 954 0021 55415254 		.ascii	"UART_SetTxFifoLevel\000"
 954      5F536574 
 954      54784669 
 954      666F4C65 
 954      76656C00 
 955              	.LASF26:
 956 0035 6C657665 		.ascii	"level\000"
 956      6C00
 957              	.LASF18:
 958 003b 55415254 		.ascii	"UART_ScbModePostEnable\000"
 958      5F536362 
 958      4D6F6465 
 958      506F7374 
 958      456E6162 
 959              	.LASF3:
 960 0052 73686F72 		.ascii	"short unsigned int\000"
 960      7420756E 
 960      7369676E 
 960      65642069 
 960      6E7400
 961              	.LASF29:
 962 0065 55415254 		.ascii	"UART_initVar\000"
 962      5F696E69 
 962      74566172 
 962      00
 963              	.LASF12:
 964 0072 666C6F61 		.ascii	"float\000"
 964      7400
 965              	.LASF20:
 966 0078 55415254 		.ascii	"UART_Enable\000"
ARM GAS  C:\Users\ramanatg\AppData\Local\Temp\ccIPTPo0.s 			page 27


 966      5F456E61 
 966      626C6500 
 967              	.LASF1:
 968 0084 756E7369 		.ascii	"unsigned char\000"
 968      676E6564 
 968      20636861 
 968      7200
 969              	.LASF19:
 970 0092 55415254 		.ascii	"UART_Init\000"
 970      5F496E69 
 970      7400
 971              	.LASF32:
 972 009c 55415254 		.ascii	"UART_UartPostEnable\000"
 972      5F556172 
 972      74506F73 
 972      74456E61 
 972      626C6500 
 973              	.LASF5:
 974 00b0 6C6F6E67 		.ascii	"long unsigned int\000"
 974      20756E73 
 974      69676E65 
 974      6420696E 
 974      7400
 975              	.LASF33:
 976 00c2 55415254 		.ascii	"UART_UartStop\000"
 976      5F556172 
 976      7453746F 
 976      7000
 977              	.LASF9:
 978 00d0 75696E74 		.ascii	"uint8\000"
 978      3800
 979              	.LASF22:
 980 00d6 55415254 		.ascii	"UART_Start\000"
 980      5F537461 
 980      727400
 981              	.LASF13:
 982 00e1 646F7562 		.ascii	"double\000"
 982      6C6500
 983              	.LASF36:
 984 00e8 443A5C52 		.ascii	"D:\\Research\\GitHubRepos\\smart-sensing\\cypress-s"
 984      65736561 
 984      7263685C 
 984      47697448 
 984      75625265 
 985 0117 6F6C6172 		.ascii	"olar-ble\\Solar_BLE_Sensor\\Solar_BLE_Sensor.cydsn\000"
 985      2D626C65 
 985      5C536F6C 
 985      61725F42 
 985      4C455F53 
 986              	.LASF10:
 987 0148 75696E74 		.ascii	"uint16\000"
 987      313600
 988              	.LASF35:
 989 014f 47656E65 		.ascii	"Generated_Source\\PSoC4\\UART.c\000"
 989      72617465 
 989      645F536F 
 989      75726365 
ARM GAS  C:\Users\ramanatg\AppData\Local\Temp\ccIPTPo0.s 			page 28


 989      5C50536F 
 990              	.LASF11:
 991 016d 75696E74 		.ascii	"uint32\000"
 991      333200
 992              	.LASF34:
 993 0174 474E5520 		.ascii	"GNU C 4.9.3 20150303 (release) [ARM/embedded-4_9-br"
 993      4320342E 
 993      392E3320 
 993      32303135 
 993      30333033 
 994 01a7 616E6368 		.ascii	"anch revision 221220] -mcpu=cortex-m0 -mthumb -g -O"
 994      20726576 
 994      6973696F 
 994      6E203232 
 994      31323230 
 995 01da 33202D66 		.ascii	"3 -ffunction-sections -ffat-lto-objects\000"
 995      66756E63 
 995      74696F6E 
 995      2D736563 
 995      74696F6E 
 996              	.LASF21:
 997 0202 55415254 		.ascii	"UART_ScbModeStop\000"
 997      5F536362 
 997      4D6F6465 
 997      53746F70 
 997      00
 998              	.LASF8:
 999 0213 756E7369 		.ascii	"unsigned int\000"
 999      676E6564 
 999      20696E74 
 999      00
 1000              	.LASF31:
 1001 0220 55415254 		.ascii	"UART_UartInit\000"
 1001      5F556172 
 1001      74496E69 
 1001      7400
 1002              	.LASF7:
 1003 022e 6C6F6E67 		.ascii	"long long unsigned int\000"
 1003      206C6F6E 
 1003      6720756E 
 1003      7369676E 
 1003      65642069 
 1004              	.LASF23:
 1005 0245 55415254 		.ascii	"UART_Stop\000"
 1005      5F53746F 
 1005      7000
 1006              	.LASF16:
 1007 024f 73697A65 		.ascii	"sizetype\000"
 1007      74797065 
 1007      00
 1008              	.LASF6:
 1009 0258 6C6F6E67 		.ascii	"long long int\000"
 1009      206C6F6E 
 1009      6720696E 
 1009      7400
 1010              	.LASF24:
 1011 0266 55415254 		.ascii	"UART_SetRxFifoLevel\000"
ARM GAS  C:\Users\ramanatg\AppData\Local\Temp\ccIPTPo0.s 			page 29


 1011      5F536574 
 1011      52784669 
 1011      666F4C65 
 1011      76656C00 
 1012              	.LASF14:
 1013 027a 63686172 		.ascii	"char\000"
 1013      00
 1014              	.LASF2:
 1015 027f 73686F72 		.ascii	"short int\000"
 1015      7420696E 
 1015      7400
 1016              	.LASF17:
 1017 0289 55415254 		.ascii	"UART_ScbEnableIntr\000"
 1017      5F536362 
 1017      456E6162 
 1017      6C65496E 
 1017      747200
 1018              	.LASF27:
 1019 029c 72784669 		.ascii	"rxFifoCtrl\000"
 1019      666F4374 
 1019      726C00
 1020              	.LASF4:
 1021 02a7 6C6F6E67 		.ascii	"long int\000"
 1021      20696E74 
 1021      00
 1022              	.LASF0:
 1023 02b0 7369676E 		.ascii	"signed char\000"
 1023      65642063 
 1023      68617200 
 1024              		.ident	"GCC: (GNU Tools for ARM Embedded Processors) 4.9.3 20150303 (release) [ARM/embedded-4_9-br
