ARM GAS  C:\Users\ramanatg\AppData\Local\Temp\ccXvaBr7.s 			page 1


   1              		.cpu cortex-m0
   2              		.fpu softvfp
   3              		.eabi_attribute 20, 1
   4              		.eabi_attribute 21, 1
   5              		.eabi_attribute 23, 3
   6              		.eabi_attribute 24, 1
   7              		.eabi_attribute 25, 1
   8              		.eabi_attribute 26, 1
   9              		.eabi_attribute 30, 2
  10              		.eabi_attribute 34, 0
  11              		.eabi_attribute 18, 4
  12              		.code	16
  13              		.file	"BLE_custom.c"
  14              		.text
  15              	.Ltext0:
  16              		.cfi_sections	.debug_frame
  17              		.section	.text.CyBle_CustomInit,"ax",%progbits
  18              		.align	2
  19              		.global	CyBle_CustomInit
  20              		.code	16
  21              		.thumb_func
  22              		.type	CyBle_CustomInit, %function
  23              	CyBle_CustomInit:
  24              	.LFB2:
  25              		.file 1 "Generated_Source\\PSoC4\\BLE_custom.c"
   1:Generated_Source\PSoC4/BLE_custom.c **** /***************************************************************************//**
   2:Generated_Source\PSoC4/BLE_custom.c **** * \file CYBLE_custom.c
   3:Generated_Source\PSoC4/BLE_custom.c **** * \version 3.30
   4:Generated_Source\PSoC4/BLE_custom.c **** * 
   5:Generated_Source\PSoC4/BLE_custom.c **** * \brief
   6:Generated_Source\PSoC4/BLE_custom.c **** *  Contains the source code for the Custom Service.
   7:Generated_Source\PSoC4/BLE_custom.c **** * 
   8:Generated_Source\PSoC4/BLE_custom.c **** ********************************************************************************
   9:Generated_Source\PSoC4/BLE_custom.c **** * \copyright
  10:Generated_Source\PSoC4/BLE_custom.c **** * Copyright 2014-2016, Cypress Semiconductor Corporation.  All rights reserved.
  11:Generated_Source\PSoC4/BLE_custom.c **** * You may use this file only in accordance with the license, terms, conditions,
  12:Generated_Source\PSoC4/BLE_custom.c **** * disclaimers, and limitations in the end user license agreement accompanying
  13:Generated_Source\PSoC4/BLE_custom.c **** * the software package with which this file was provided.
  14:Generated_Source\PSoC4/BLE_custom.c **** *******************************************************************************/
  15:Generated_Source\PSoC4/BLE_custom.c **** 
  16:Generated_Source\PSoC4/BLE_custom.c **** 
  17:Generated_Source\PSoC4/BLE_custom.c **** #include "BLE_eventHandler.h"
  18:Generated_Source\PSoC4/BLE_custom.c **** 
  19:Generated_Source\PSoC4/BLE_custom.c **** #ifdef CYBLE_CUSTOM_SERVER
  20:Generated_Source\PSoC4/BLE_custom.c **** 
  21:Generated_Source\PSoC4/BLE_custom.c **** /* If any custom service with custom characterisctis is defined in the
  22:Generated_Source\PSoC4/BLE_custom.c **** * customizer's GUI their handles will be present in this array.
  23:Generated_Source\PSoC4/BLE_custom.c **** */
  24:Generated_Source\PSoC4/BLE_custom.c **** /* This array contains attribute handles for the defined Custom Services and their characteristics 
  25:Generated_Source\PSoC4/BLE_custom.c ****    The array index definitions are located in the CYBLE_custom.h file. */
  26:Generated_Source\PSoC4/BLE_custom.c **** const CYBLE_CUSTOMS_T cyBle_customs[0x01u] = {
  27:Generated_Source\PSoC4/BLE_custom.c **** 
  28:Generated_Source\PSoC4/BLE_custom.c ****     /* Eddystone-URL Configuration service */
  29:Generated_Source\PSoC4/BLE_custom.c ****     {
  30:Generated_Source\PSoC4/BLE_custom.c ****         0x000Cu, /* Handle of the Eddystone-URL Configuration service */ 
  31:Generated_Source\PSoC4/BLE_custom.c ****         {
  32:Generated_Source\PSoC4/BLE_custom.c **** 
ARM GAS  C:\Users\ramanatg\AppData\Local\Temp\ccXvaBr7.s 			page 2


  33:Generated_Source\PSoC4/BLE_custom.c ****             /* Lock State characteristic */
  34:Generated_Source\PSoC4/BLE_custom.c ****             {
  35:Generated_Source\PSoC4/BLE_custom.c ****                 0x000Eu, /* Handle of the Lock State characteristic */ 
  36:Generated_Source\PSoC4/BLE_custom.c ****                 
  37:Generated_Source\PSoC4/BLE_custom.c ****                 /* Array of Descriptors handles */
  38:Generated_Source\PSoC4/BLE_custom.c ****                 {
  39:Generated_Source\PSoC4/BLE_custom.c ****                     CYBLE_GATT_INVALID_ATTR_HANDLE_VALUE, 
  40:Generated_Source\PSoC4/BLE_custom.c ****                 }, 
  41:Generated_Source\PSoC4/BLE_custom.c ****             },
  42:Generated_Source\PSoC4/BLE_custom.c **** 
  43:Generated_Source\PSoC4/BLE_custom.c ****             /* Lock characteristic */
  44:Generated_Source\PSoC4/BLE_custom.c ****             {
  45:Generated_Source\PSoC4/BLE_custom.c ****                 0x0010u, /* Handle of the Lock characteristic */ 
  46:Generated_Source\PSoC4/BLE_custom.c ****                 
  47:Generated_Source\PSoC4/BLE_custom.c ****                 /* Array of Descriptors handles */
  48:Generated_Source\PSoC4/BLE_custom.c ****                 {
  49:Generated_Source\PSoC4/BLE_custom.c ****                     CYBLE_GATT_INVALID_ATTR_HANDLE_VALUE, 
  50:Generated_Source\PSoC4/BLE_custom.c ****                 }, 
  51:Generated_Source\PSoC4/BLE_custom.c ****             },
  52:Generated_Source\PSoC4/BLE_custom.c **** 
  53:Generated_Source\PSoC4/BLE_custom.c ****             /* Unlock characteristic */
  54:Generated_Source\PSoC4/BLE_custom.c ****             {
  55:Generated_Source\PSoC4/BLE_custom.c ****                 0x0012u, /* Handle of the Unlock characteristic */ 
  56:Generated_Source\PSoC4/BLE_custom.c ****                 
  57:Generated_Source\PSoC4/BLE_custom.c ****                 /* Array of Descriptors handles */
  58:Generated_Source\PSoC4/BLE_custom.c ****                 {
  59:Generated_Source\PSoC4/BLE_custom.c ****                     CYBLE_GATT_INVALID_ATTR_HANDLE_VALUE, 
  60:Generated_Source\PSoC4/BLE_custom.c ****                 }, 
  61:Generated_Source\PSoC4/BLE_custom.c ****             },
  62:Generated_Source\PSoC4/BLE_custom.c **** 
  63:Generated_Source\PSoC4/BLE_custom.c ****             /* URI Data characteristic */
  64:Generated_Source\PSoC4/BLE_custom.c ****             {
  65:Generated_Source\PSoC4/BLE_custom.c ****                 0x0014u, /* Handle of the URI Data characteristic */ 
  66:Generated_Source\PSoC4/BLE_custom.c ****                 
  67:Generated_Source\PSoC4/BLE_custom.c ****                 /* Array of Descriptors handles */
  68:Generated_Source\PSoC4/BLE_custom.c ****                 {
  69:Generated_Source\PSoC4/BLE_custom.c ****                     CYBLE_GATT_INVALID_ATTR_HANDLE_VALUE, 
  70:Generated_Source\PSoC4/BLE_custom.c ****                 }, 
  71:Generated_Source\PSoC4/BLE_custom.c ****             },
  72:Generated_Source\PSoC4/BLE_custom.c **** 
  73:Generated_Source\PSoC4/BLE_custom.c ****             /* URI Flags characteristic */
  74:Generated_Source\PSoC4/BLE_custom.c ****             {
  75:Generated_Source\PSoC4/BLE_custom.c ****                 0x0016u, /* Handle of the URI Flags characteristic */ 
  76:Generated_Source\PSoC4/BLE_custom.c ****                 
  77:Generated_Source\PSoC4/BLE_custom.c ****                 /* Array of Descriptors handles */
  78:Generated_Source\PSoC4/BLE_custom.c ****                 {
  79:Generated_Source\PSoC4/BLE_custom.c ****                     CYBLE_GATT_INVALID_ATTR_HANDLE_VALUE, 
  80:Generated_Source\PSoC4/BLE_custom.c ****                 }, 
  81:Generated_Source\PSoC4/BLE_custom.c ****             },
  82:Generated_Source\PSoC4/BLE_custom.c **** 
  83:Generated_Source\PSoC4/BLE_custom.c ****             /* Advertised Tx Power Levels characteristic */
  84:Generated_Source\PSoC4/BLE_custom.c ****             {
  85:Generated_Source\PSoC4/BLE_custom.c ****                 0x0018u, /* Handle of the Advertised Tx Power Levels characteristic */ 
  86:Generated_Source\PSoC4/BLE_custom.c ****                 
  87:Generated_Source\PSoC4/BLE_custom.c ****                 /* Array of Descriptors handles */
  88:Generated_Source\PSoC4/BLE_custom.c ****                 {
  89:Generated_Source\PSoC4/BLE_custom.c ****                     CYBLE_GATT_INVALID_ATTR_HANDLE_VALUE, 
ARM GAS  C:\Users\ramanatg\AppData\Local\Temp\ccXvaBr7.s 			page 3


  90:Generated_Source\PSoC4/BLE_custom.c ****                 }, 
  91:Generated_Source\PSoC4/BLE_custom.c ****             },
  92:Generated_Source\PSoC4/BLE_custom.c **** 
  93:Generated_Source\PSoC4/BLE_custom.c ****             /* Tx Power Mode characteristic */
  94:Generated_Source\PSoC4/BLE_custom.c ****             {
  95:Generated_Source\PSoC4/BLE_custom.c ****                 0x001Au, /* Handle of the Tx Power Mode characteristic */ 
  96:Generated_Source\PSoC4/BLE_custom.c ****                 
  97:Generated_Source\PSoC4/BLE_custom.c ****                 /* Array of Descriptors handles */
  98:Generated_Source\PSoC4/BLE_custom.c ****                 {
  99:Generated_Source\PSoC4/BLE_custom.c ****                     CYBLE_GATT_INVALID_ATTR_HANDLE_VALUE, 
 100:Generated_Source\PSoC4/BLE_custom.c ****                 }, 
 101:Generated_Source\PSoC4/BLE_custom.c ****             },
 102:Generated_Source\PSoC4/BLE_custom.c **** 
 103:Generated_Source\PSoC4/BLE_custom.c ****             /* Beacon Period characteristic */
 104:Generated_Source\PSoC4/BLE_custom.c ****             {
 105:Generated_Source\PSoC4/BLE_custom.c ****                 0x001Cu, /* Handle of the Beacon Period characteristic */ 
 106:Generated_Source\PSoC4/BLE_custom.c ****                 
 107:Generated_Source\PSoC4/BLE_custom.c ****                 /* Array of Descriptors handles */
 108:Generated_Source\PSoC4/BLE_custom.c ****                 {
 109:Generated_Source\PSoC4/BLE_custom.c ****                     CYBLE_GATT_INVALID_ATTR_HANDLE_VALUE, 
 110:Generated_Source\PSoC4/BLE_custom.c ****                 }, 
 111:Generated_Source\PSoC4/BLE_custom.c ****             },
 112:Generated_Source\PSoC4/BLE_custom.c **** 
 113:Generated_Source\PSoC4/BLE_custom.c ****             /* Reset characteristic */
 114:Generated_Source\PSoC4/BLE_custom.c ****             {
 115:Generated_Source\PSoC4/BLE_custom.c ****                 0x001Eu, /* Handle of the Reset characteristic */ 
 116:Generated_Source\PSoC4/BLE_custom.c ****                 
 117:Generated_Source\PSoC4/BLE_custom.c ****                 /* Array of Descriptors handles */
 118:Generated_Source\PSoC4/BLE_custom.c ****                 {
 119:Generated_Source\PSoC4/BLE_custom.c ****                     CYBLE_GATT_INVALID_ATTR_HANDLE_VALUE, 
 120:Generated_Source\PSoC4/BLE_custom.c ****                 }, 
 121:Generated_Source\PSoC4/BLE_custom.c ****             },
 122:Generated_Source\PSoC4/BLE_custom.c ****         }, 
 123:Generated_Source\PSoC4/BLE_custom.c ****     },
 124:Generated_Source\PSoC4/BLE_custom.c **** };
 125:Generated_Source\PSoC4/BLE_custom.c **** 
 126:Generated_Source\PSoC4/BLE_custom.c **** 
 127:Generated_Source\PSoC4/BLE_custom.c **** #endif /* (CYBLE_CUSTOM_SERVER) */
 128:Generated_Source\PSoC4/BLE_custom.c **** 
 129:Generated_Source\PSoC4/BLE_custom.c **** #ifdef CYBLE_CUSTOM_CLIENT
 130:Generated_Source\PSoC4/BLE_custom.c ****     
 131:Generated_Source\PSoC4/BLE_custom.c **** 
 132:Generated_Source\PSoC4/BLE_custom.c **** static uint16 cyBle_customDisServIndex;
 133:Generated_Source\PSoC4/BLE_custom.c **** static uint16 cyBle_customDisCharIndex;
 134:Generated_Source\PSoC4/BLE_custom.c **** 
 135:Generated_Source\PSoC4/BLE_custom.c **** #endif /* (CYBLE_CUSTOM_CLIENT) */
 136:Generated_Source\PSoC4/BLE_custom.c **** 
 137:Generated_Source\PSoC4/BLE_custom.c **** 
 138:Generated_Source\PSoC4/BLE_custom.c **** /****************************************************************************** 
 139:Generated_Source\PSoC4/BLE_custom.c **** * Function Name: CyBle_CustomInit
 140:Generated_Source\PSoC4/BLE_custom.c **** ***************************************************************************//**
 141:Generated_Source\PSoC4/BLE_custom.c **** * 
 142:Generated_Source\PSoC4/BLE_custom.c **** *  This function initializes Custom Service.
 143:Generated_Source\PSoC4/BLE_custom.c **** * 
 144:Generated_Source\PSoC4/BLE_custom.c **** * \return
 145:Generated_Source\PSoC4/BLE_custom.c **** *  None
 146:Generated_Source\PSoC4/BLE_custom.c **** * 
ARM GAS  C:\Users\ramanatg\AppData\Local\Temp\ccXvaBr7.s 			page 4


 147:Generated_Source\PSoC4/BLE_custom.c **** ******************************************************************************/
 148:Generated_Source\PSoC4/BLE_custom.c **** void CyBle_CustomInit(void)
 149:Generated_Source\PSoC4/BLE_custom.c **** {
  26              		.loc 1 149 0
  27              		.cfi_startproc
 150:Generated_Source\PSoC4/BLE_custom.c ****     
 151:Generated_Source\PSoC4/BLE_custom.c **** #ifdef CYBLE_CUSTOM_CLIENT
 152:Generated_Source\PSoC4/BLE_custom.c **** 
 153:Generated_Source\PSoC4/BLE_custom.c ****     uint16 locServIndex;
 154:Generated_Source\PSoC4/BLE_custom.c ****     uint16 locCharIndex;
 155:Generated_Source\PSoC4/BLE_custom.c ****     uint16 locDescIndex;
 156:Generated_Source\PSoC4/BLE_custom.c ****     
 157:Generated_Source\PSoC4/BLE_custom.c ****     for(locServIndex = 0u; locServIndex < CYBLE_CUSTOMC_SERVICE_COUNT; locServIndex++)
 158:Generated_Source\PSoC4/BLE_custom.c ****     {
 159:Generated_Source\PSoC4/BLE_custom.c ****         if(cyBle_serverInfo[CYBLE_SRVI_CUSTOMS + locServIndex].range.startHandle == CYBLE_GATT_INVA
 160:Generated_Source\PSoC4/BLE_custom.c ****         {
 161:Generated_Source\PSoC4/BLE_custom.c ****             for(locCharIndex = 0u; locCharIndex < cyBle_customCServ[locServIndex].charCount; locCha
 162:Generated_Source\PSoC4/BLE_custom.c ****             {
 163:Generated_Source\PSoC4/BLE_custom.c ****                 cyBle_customCServ[locServIndex].customServChar[locCharIndex].
 164:Generated_Source\PSoC4/BLE_custom.c ****                     customServCharHandle = 0u;
 165:Generated_Source\PSoC4/BLE_custom.c ****                 
 166:Generated_Source\PSoC4/BLE_custom.c ****                 for(locDescIndex = 0u; locDescIndex < 
 167:Generated_Source\PSoC4/BLE_custom.c ****                     cyBle_customCServ[locServIndex].customServChar[locCharIndex].descCount; 
 168:Generated_Source\PSoC4/BLE_custom.c ****                         locDescIndex++)
 169:Generated_Source\PSoC4/BLE_custom.c ****                 {
 170:Generated_Source\PSoC4/BLE_custom.c ****                     cyBle_customCServ[locServIndex].customServChar[locCharIndex].
 171:Generated_Source\PSoC4/BLE_custom.c ****                         customServCharDesc[locDescIndex].descHandle = 0u;
 172:Generated_Source\PSoC4/BLE_custom.c ****                 }
 173:Generated_Source\PSoC4/BLE_custom.c ****             }
 174:Generated_Source\PSoC4/BLE_custom.c ****         }
 175:Generated_Source\PSoC4/BLE_custom.c ****     }
 176:Generated_Source\PSoC4/BLE_custom.c **** 
 177:Generated_Source\PSoC4/BLE_custom.c **** #endif /* (CYBLE_CUSTOM_CLIENT) */
 178:Generated_Source\PSoC4/BLE_custom.c **** }
  28              		.loc 1 178 0
  29              		@ sp needed
  30 0000 7047     		bx	lr
  31              		.cfi_endproc
  32              	.LFE2:
  33              		.size	CyBle_CustomInit, .-CyBle_CustomInit
  34              		.global	cyBle_customs
  35 0002 C046     		.section	.rodata
  36              		.align	2
  37              		.type	cyBle_customs, %object
  38              		.size	cyBle_customs, 38
  39              	cyBle_customs:
  40 0000 0C00     		.short	12
  41 0002 0E00     		.short	14
  42 0004 0000     		.short	0
  43 0006 1000     		.short	16
  44 0008 0000     		.short	0
  45 000a 1200     		.short	18
  46 000c 0000     		.short	0
  47 000e 1400     		.short	20
  48 0010 0000     		.short	0
  49 0012 1600     		.short	22
  50 0014 0000     		.short	0
ARM GAS  C:\Users\ramanatg\AppData\Local\Temp\ccXvaBr7.s 			page 5


  51 0016 1800     		.short	24
  52 0018 0000     		.short	0
  53 001a 1A00     		.short	26
  54 001c 0000     		.short	0
  55 001e 1C00     		.short	28
  56 0020 0000     		.short	0
  57 0022 1E00     		.short	30
  58 0024 0000     		.short	0
  59 0026 0000     		.text
  60              	.Letext0:
  61              		.file 2 "Generated_Source\\PSoC4\\cytypes.h"
  62              		.file 3 "Generated_Source\\PSoC4\\BLE_StackGatt.h"
  63              		.file 4 "Generated_Source\\PSoC4\\BLE_custom.h"
  64              		.file 5 "Generated_Source\\PSoC4\\BLE_Stack.h"
  65              		.section	.debug_info,"",%progbits
  66              	.Ldebug_info0:
  67 0000 2E030000 		.4byte	0x32e
  68 0004 0400     		.2byte	0x4
  69 0006 00000000 		.4byte	.Ldebug_abbrev0
  70 000a 04       		.byte	0x4
  71 000b 01       		.uleb128 0x1
  72 000c 450A0000 		.4byte	.LASF93
  73 0010 01       		.byte	0x1
  74 0011 C6020000 		.4byte	.LASF94
  75 0015 08050000 		.4byte	.LASF95
  76 0019 00000000 		.4byte	.Ldebug_ranges0+0
  77 001d 00000000 		.4byte	0
  78 0021 00000000 		.4byte	.Ldebug_line0
  79 0025 02       		.uleb128 0x2
  80 0026 01       		.byte	0x1
  81 0027 06       		.byte	0x6
  82 0028 FC040000 		.4byte	.LASF0
  83 002c 02       		.uleb128 0x2
  84 002d 01       		.byte	0x1
  85 002e 08       		.byte	0x8
  86 002f 83040000 		.4byte	.LASF1
  87 0033 02       		.uleb128 0x2
  88 0034 02       		.byte	0x2
  89 0035 05       		.byte	0x5
  90 0036 B7000000 		.4byte	.LASF2
  91 003a 02       		.uleb128 0x2
  92 003b 02       		.byte	0x2
  93 003c 07       		.byte	0x7
  94 003d 64070000 		.4byte	.LASF3
  95 0041 02       		.uleb128 0x2
  96 0042 04       		.byte	0x4
  97 0043 05       		.byte	0x5
  98 0044 37030000 		.4byte	.LASF4
  99 0048 02       		.uleb128 0x2
 100 0049 04       		.byte	0x4
 101 004a 07       		.byte	0x7
 102 004b 15060000 		.4byte	.LASF5
 103 004f 02       		.uleb128 0x2
 104 0050 08       		.byte	0x8
 105 0051 05       		.byte	0x5
 106 0052 23010000 		.4byte	.LASF6
 107 0056 02       		.uleb128 0x2
ARM GAS  C:\Users\ramanatg\AppData\Local\Temp\ccXvaBr7.s 			page 6


 108 0057 08       		.byte	0x8
 109 0058 07       		.byte	0x7
 110 0059 EA020000 		.4byte	.LASF7
 111 005d 03       		.uleb128 0x3
 112 005e 04       		.byte	0x4
 113 005f 05       		.byte	0x5
 114 0060 696E7400 		.ascii	"int\000"
 115 0064 02       		.uleb128 0x2
 116 0065 04       		.byte	0x4
 117 0066 07       		.byte	0x7
 118 0067 ED050000 		.4byte	.LASF8
 119 006b 04       		.uleb128 0x4
 120 006c CE010000 		.4byte	.LASF85
 121 0070 02       		.byte	0x2
 122 0071 BA01     		.2byte	0x1ba
 123 0073 3A000000 		.4byte	0x3a
 124 0077 02       		.uleb128 0x2
 125 0078 04       		.byte	0x4
 126 0079 04       		.byte	0x4
 127 007a 7E020000 		.4byte	.LASF9
 128 007e 02       		.uleb128 0x2
 129 007f 08       		.byte	0x8
 130 0080 04       		.byte	0x4
 131 0081 35080000 		.4byte	.LASF10
 132 0085 02       		.uleb128 0x2
 133 0086 01       		.byte	0x1
 134 0087 08       		.byte	0x8
 135 0088 43070000 		.4byte	.LASF11
 136 008c 02       		.uleb128 0x2
 137 008d 04       		.byte	0x4
 138 008e 07       		.byte	0x7
 139 008f F9000000 		.4byte	.LASF12
 140 0093 05       		.uleb128 0x5
 141 0094 01       		.byte	0x1
 142 0095 05       		.byte	0x5
 143 0096 4D01     		.2byte	0x14d
 144 0098 76020000 		.4byte	0x276
 145 009c 06       		.uleb128 0x6
 146 009d 28020000 		.4byte	.LASF13
 147 00a1 00       		.sleb128 0
 148 00a2 06       		.uleb128 0x6
 149 00a3 68010000 		.4byte	.LASF14
 150 00a7 01       		.sleb128 1
 151 00a8 06       		.uleb128 0x6
 152 00a9 BB090000 		.4byte	.LASF15
 153 00ad 02       		.sleb128 2
 154 00ae 06       		.uleb128 0x6
 155 00af 91080000 		.4byte	.LASF16
 156 00b3 03       		.sleb128 3
 157 00b4 06       		.uleb128 0x6
 158 00b5 42010000 		.4byte	.LASF17
 159 00b9 04       		.sleb128 4
 160 00ba 06       		.uleb128 0x6
 161 00bb C9030000 		.4byte	.LASF18
 162 00bf 05       		.sleb128 5
 163 00c0 06       		.uleb128 0x6
 164 00c1 3E000000 		.4byte	.LASF19
ARM GAS  C:\Users\ramanatg\AppData\Local\Temp\ccXvaBr7.s 			page 7


 165 00c5 06       		.sleb128 6
 166 00c6 06       		.uleb128 0x6
 167 00c7 EF080000 		.4byte	.LASF20
 168 00cb 20       		.sleb128 32
 169 00cc 06       		.uleb128 0x6
 170 00cd 27060000 		.4byte	.LASF21
 171 00d1 21       		.sleb128 33
 172 00d2 06       		.uleb128 0x6
 173 00d3 00000000 		.4byte	.LASF22
 174 00d7 22       		.sleb128 34
 175 00d8 06       		.uleb128 0x6
 176 00d9 E5030000 		.4byte	.LASF23
 177 00dd 23       		.sleb128 35
 178 00de 06       		.uleb128 0x6
 179 00df D1050000 		.4byte	.LASF24
 180 00e3 24       		.sleb128 36
 181 00e4 06       		.uleb128 0x6
 182 00e5 C1000000 		.4byte	.LASF25
 183 00e9 25       		.sleb128 37
 184 00ea 06       		.uleb128 0x6
 185 00eb 80030000 		.4byte	.LASF26
 186 00ef 26       		.sleb128 38
 187 00f0 06       		.uleb128 0x6
 188 00f1 61030000 		.4byte	.LASF27
 189 00f5 27       		.sleb128 39
 190 00f6 06       		.uleb128 0x6
 191 00f7 71000000 		.4byte	.LASF28
 192 00fb 28       		.sleb128 40
 193 00fc 06       		.uleb128 0x6
 194 00fd 5F060000 		.4byte	.LASF29
 195 0101 29       		.sleb128 41
 196 0102 06       		.uleb128 0x6
 197 0103 F3060000 		.4byte	.LASF30
 198 0107 2A       		.sleb128 42
 199 0108 06       		.uleb128 0x6
 200 0109 D5070000 		.4byte	.LASF31
 201 010d 2B       		.sleb128 43
 202 010e 06       		.uleb128 0x6
 203 010f B7060000 		.4byte	.LASF32
 204 0113 2C       		.sleb128 44
 205 0114 06       		.uleb128 0x6
 206 0115 9D020000 		.4byte	.LASF33
 207 0119 2D       		.sleb128 45
 208 011a 06       		.uleb128 0x6
 209 011b 93000000 		.4byte	.LASF34
 210 011f 2E       		.sleb128 46
 211 0120 06       		.uleb128 0x6
 212 0121 330B0000 		.4byte	.LASF35
 213 0125 2F       		.sleb128 47
 214 0126 06       		.uleb128 0x6
 215 0127 02010000 		.4byte	.LASF36
 216 012b 30       		.sleb128 48
 217 012c 06       		.uleb128 0x6
 218 012d 39040000 		.4byte	.LASF37
 219 0131 31       		.sleb128 49
 220 0132 06       		.uleb128 0x6
 221 0133 77070000 		.4byte	.LASF38
ARM GAS  C:\Users\ramanatg\AppData\Local\Temp\ccXvaBr7.s 			page 8


 222 0137 32       		.sleb128 50
 223 0138 06       		.uleb128 0x6
 224 0139 1C070000 		.4byte	.LASF39
 225 013d 33       		.sleb128 51
 226 013e 06       		.uleb128 0x6
 227 013f 7C060000 		.4byte	.LASF40
 228 0143 34       		.sleb128 52
 229 0144 06       		.uleb128 0x6
 230 0145 74080000 		.4byte	.LASF41
 231 0149 35       		.sleb128 53
 232 014a 06       		.uleb128 0x6
 233 014b 16030000 		.4byte	.LASF42
 234 014f 36       		.sleb128 54
 235 0150 06       		.uleb128 0x6
 236 0151 7B010000 		.4byte	.LASF43
 237 0155 37       		.sleb128 55
 238 0156 06       		.uleb128 0x6
 239 0157 57000000 		.4byte	.LASF44
 240 015b C000     		.sleb128 64
 241 015d 06       		.uleb128 0x6
 242 015e FA050000 		.4byte	.LASF45
 243 0162 C100     		.sleb128 65
 244 0164 06       		.uleb128 0x6
 245 0165 DB000000 		.4byte	.LASF46
 246 0169 C200     		.sleb128 66
 247 016b 06       		.uleb128 0x6
 248 016c B0010000 		.4byte	.LASF47
 249 0170 C300     		.sleb128 67
 250 0172 06       		.uleb128 0x6
 251 0173 79090000 		.4byte	.LASF48
 252 0177 C400     		.sleb128 68
 253 0179 06       		.uleb128 0x6
 254 017a 13090000 		.4byte	.LASF49
 255 017e C500     		.sleb128 69
 256 0180 06       		.uleb128 0x6
 257 0181 58090000 		.4byte	.LASF50
 258 0185 C600     		.sleb128 70
 259 0187 06       		.uleb128 0x6
 260 0188 DE040000 		.4byte	.LASF51
 261 018c C700     		.sleb128 71
 262 018e 06       		.uleb128 0x6
 263 018f AA050000 		.4byte	.LASF52
 264 0193 C800     		.sleb128 72
 265 0195 06       		.uleb128 0x6
 266 0196 84020000 		.4byte	.LASF53
 267 019a C900     		.sleb128 73
 268 019c 06       		.uleb128 0x6
 269 019d 98070000 		.4byte	.LASF54
 270 01a1 CA00     		.sleb128 74
 271 01a3 06       		.uleb128 0x6
 272 01a4 E8010000 		.4byte	.LASF55
 273 01a8 CB00     		.sleb128 75
 274 01aa 06       		.uleb128 0x6
 275 01ab 90050000 		.4byte	.LASF56
 276 01af CC00     		.sleb128 76
 277 01b1 06       		.uleb128 0x6
 278 01b2 24000000 		.4byte	.LASF57
ARM GAS  C:\Users\ramanatg\AppData\Local\Temp\ccXvaBr7.s 			page 9


 279 01b6 CD00     		.sleb128 77
 280 01b8 06       		.uleb128 0x6
 281 01b9 3A090000 		.4byte	.LASF58
 282 01bd CE00     		.sleb128 78
 283 01bf 06       		.uleb128 0x6
 284 01c0 A0040000 		.4byte	.LASF59
 285 01c4 CF00     		.sleb128 79
 286 01c6 06       		.uleb128 0x6
 287 01c7 260A0000 		.4byte	.LASF60
 288 01cb D000     		.sleb128 80
 289 01cd 06       		.uleb128 0x6
 290 01ce B6070000 		.4byte	.LASF61
 291 01d2 D100     		.sleb128 81
 292 01d4 06       		.uleb128 0x6
 293 01d5 A8030000 		.4byte	.LASF62
 294 01d9 D200     		.sleb128 82
 295 01db 06       		.uleb128 0x6
 296 01dc 40030000 		.4byte	.LASF63
 297 01e0 D300     		.sleb128 83
 298 01e2 06       		.uleb128 0x6
 299 01e3 07020000 		.4byte	.LASF64
 300 01e7 D400     		.sleb128 84
 301 01e9 06       		.uleb128 0x6
 302 01ea FD0A0000 		.4byte	.LASF65
 303 01ee D500     		.sleb128 85
 304 01f0 06       		.uleb128 0x6
 305 01f1 040A0000 		.4byte	.LASF66
 306 01f5 D600     		.sleb128 86
 307 01f7 06       		.uleb128 0x6
 308 01f8 DB090000 		.4byte	.LASF67
 309 01fc D700     		.sleb128 87
 310 01fe 06       		.uleb128 0x6
 311 01ff 94060000 		.4byte	.LASF68
 312 0203 D800     		.sleb128 88
 313 0205 06       		.uleb128 0x6
 314 0206 5D040000 		.4byte	.LASF69
 315 020a F000     		.sleb128 112
 316 020c 06       		.uleb128 0x6
 317 020d C9080000 		.4byte	.LASF70
 318 0211 F100     		.sleb128 113
 319 0213 06       		.uleb128 0x6
 320 0214 48070000 		.4byte	.LASF71
 321 0218 F200     		.sleb128 114
 322 021a 06       		.uleb128 0x6
 323 021b 3F020000 		.4byte	.LASF72
 324 021f F300     		.sleb128 115
 325 0221 06       		.uleb128 0x6
 326 0222 1B040000 		.4byte	.LASF73
 327 0226 F400     		.sleb128 116
 328 0228 06       		.uleb128 0x6
 329 0229 3E060000 		.4byte	.LASF74
 330 022d F500     		.sleb128 117
 331 022f 06       		.uleb128 0x6
 332 0230 5D020000 		.4byte	.LASF75
 333 0234 F600     		.sleb128 118
 334 0236 06       		.uleb128 0x6
 335 0237 AA080000 		.4byte	.LASF76
ARM GAS  C:\Users\ramanatg\AppData\Local\Temp\ccXvaBr7.s 			page 10


 336 023b F700     		.sleb128 119
 337 023d 06       		.uleb128 0x6
 338 023e 12080000 		.4byte	.LASF77
 339 0242 F800     		.sleb128 120
 340 0244 06       		.uleb128 0x6
 341 0245 3C080000 		.4byte	.LASF78
 342 0249 F900     		.sleb128 121
 343 024b 06       		.uleb128 0x6
 344 024c 97090000 		.4byte	.LASF79
 345 0250 FA00     		.sleb128 122
 346 0252 06       		.uleb128 0x6
 347 0253 F4070000 		.4byte	.LASF80
 348 0257 FA01     		.sleb128 250
 349 0259 06       		.uleb128 0x6
 350 025a BF040000 		.4byte	.LASF81
 351 025e FB01     		.sleb128 251
 352 0260 06       		.uleb128 0x6
 353 0261 210B0000 		.4byte	.LASF82
 354 0265 FC01     		.sleb128 252
 355 0267 06       		.uleb128 0x6
 356 0268 DB060000 		.4byte	.LASF83
 357 026c FD01     		.sleb128 253
 358 026e 06       		.uleb128 0x6
 359 026f CD090000 		.4byte	.LASF84
 360 0273 FF01     		.sleb128 255
 361 0275 00       		.byte	0
 362 0276 04       		.uleb128 0x4
 363 0277 D30A0000 		.4byte	.LASF86
 364 027b 03       		.byte	0x3
 365 027c 8901     		.2byte	0x189
 366 027e 6B000000 		.4byte	0x6b
 367 0282 07       		.uleb128 0x7
 368 0283 04       		.byte	0x4
 369 0284 04       		.byte	0x4
 370 0285 57       		.byte	0x57
 371 0286 A3020000 		.4byte	0x2a3
 372 028a 08       		.uleb128 0x8
 373 028b 5F080000 		.4byte	.LASF87
 374 028f 04       		.byte	0x4
 375 0290 5A       		.byte	0x5a
 376 0291 76020000 		.4byte	0x276
 377 0295 00       		.byte	0
 378 0296 08       		.uleb128 0x8
 379 0297 D5010000 		.4byte	.LASF88
 380 029b 04       		.byte	0x4
 381 029c 5C       		.byte	0x5c
 382 029d A3020000 		.4byte	0x2a3
 383 02a1 02       		.byte	0x2
 384 02a2 00       		.byte	0
 385 02a3 09       		.uleb128 0x9
 386 02a4 76020000 		.4byte	0x276
 387 02a8 B3020000 		.4byte	0x2b3
 388 02ac 0A       		.uleb128 0xa
 389 02ad 8C000000 		.4byte	0x8c
 390 02b1 00       		.byte	0
 391 02b2 00       		.byte	0
 392 02b3 0B       		.uleb128 0xb
ARM GAS  C:\Users\ramanatg\AppData\Local\Temp\ccXvaBr7.s 			page 11


 393 02b4 01030000 		.4byte	.LASF89
 394 02b8 04       		.byte	0x4
 395 02b9 5E       		.byte	0x5e
 396 02ba 82020000 		.4byte	0x282
 397 02be 07       		.uleb128 0x7
 398 02bf 26       		.byte	0x26
 399 02c0 04       		.byte	0x4
 400 02c1 61       		.byte	0x61
 401 02c2 DF020000 		.4byte	0x2df
 402 02c6 08       		.uleb128 0x8
 403 02c7 31010000 		.4byte	.LASF90
 404 02cb 04       		.byte	0x4
 405 02cc 64       		.byte	0x64
 406 02cd 76020000 		.4byte	0x276
 407 02d1 00       		.byte	0
 408 02d2 08       		.uleb128 0x8
 409 02d3 91040000 		.4byte	.LASF91
 410 02d7 04       		.byte	0x4
 411 02d8 67       		.byte	0x67
 412 02d9 DF020000 		.4byte	0x2df
 413 02dd 02       		.byte	0x2
 414 02de 00       		.byte	0
 415 02df 09       		.uleb128 0x9
 416 02e0 B3020000 		.4byte	0x2b3
 417 02e4 EF020000 		.4byte	0x2ef
 418 02e8 0A       		.uleb128 0xa
 419 02e9 8C000000 		.4byte	0x8c
 420 02ed 08       		.byte	0x8
 421 02ee 00       		.byte	0
 422 02ef 0B       		.uleb128 0xb
 423 02f0 0B040000 		.4byte	.LASF92
 424 02f4 04       		.byte	0x4
 425 02f5 69       		.byte	0x69
 426 02f6 BE020000 		.4byte	0x2be
 427 02fa 0C       		.uleb128 0xc
 428 02fb 57010000 		.4byte	.LASF96
 429 02ff 01       		.byte	0x1
 430 0300 94       		.byte	0x94
 431 0301 00000000 		.4byte	.LFB2
 432 0305 02000000 		.4byte	.LFE2-.LFB2
 433 0309 01       		.uleb128 0x1
 434 030a 9C       		.byte	0x9c
 435 030b 09       		.uleb128 0x9
 436 030c EF020000 		.4byte	0x2ef
 437 0310 1B030000 		.4byte	0x31b
 438 0314 0A       		.uleb128 0xa
 439 0315 8C000000 		.4byte	0x8c
 440 0319 00       		.byte	0
 441 031a 00       		.byte	0
 442 031b 0D       		.uleb128 0xd
 443 031c EF0A0000 		.4byte	.LASF97
 444 0320 01       		.byte	0x1
 445 0321 1A       		.byte	0x1a
 446 0322 2C030000 		.4byte	0x32c
 447 0326 05       		.uleb128 0x5
 448 0327 03       		.byte	0x3
 449 0328 00000000 		.4byte	cyBle_customs
ARM GAS  C:\Users\ramanatg\AppData\Local\Temp\ccXvaBr7.s 			page 12


 450 032c 0E       		.uleb128 0xe
 451 032d 0B030000 		.4byte	0x30b
 452 0331 00       		.byte	0
 453              		.section	.debug_abbrev,"",%progbits
 454              	.Ldebug_abbrev0:
 455 0000 01       		.uleb128 0x1
 456 0001 11       		.uleb128 0x11
 457 0002 01       		.byte	0x1
 458 0003 25       		.uleb128 0x25
 459 0004 0E       		.uleb128 0xe
 460 0005 13       		.uleb128 0x13
 461 0006 0B       		.uleb128 0xb
 462 0007 03       		.uleb128 0x3
 463 0008 0E       		.uleb128 0xe
 464 0009 1B       		.uleb128 0x1b
 465 000a 0E       		.uleb128 0xe
 466 000b 55       		.uleb128 0x55
 467 000c 17       		.uleb128 0x17
 468 000d 11       		.uleb128 0x11
 469 000e 01       		.uleb128 0x1
 470 000f 10       		.uleb128 0x10
 471 0010 17       		.uleb128 0x17
 472 0011 00       		.byte	0
 473 0012 00       		.byte	0
 474 0013 02       		.uleb128 0x2
 475 0014 24       		.uleb128 0x24
 476 0015 00       		.byte	0
 477 0016 0B       		.uleb128 0xb
 478 0017 0B       		.uleb128 0xb
 479 0018 3E       		.uleb128 0x3e
 480 0019 0B       		.uleb128 0xb
 481 001a 03       		.uleb128 0x3
 482 001b 0E       		.uleb128 0xe
 483 001c 00       		.byte	0
 484 001d 00       		.byte	0
 485 001e 03       		.uleb128 0x3
 486 001f 24       		.uleb128 0x24
 487 0020 00       		.byte	0
 488 0021 0B       		.uleb128 0xb
 489 0022 0B       		.uleb128 0xb
 490 0023 3E       		.uleb128 0x3e
 491 0024 0B       		.uleb128 0xb
 492 0025 03       		.uleb128 0x3
 493 0026 08       		.uleb128 0x8
 494 0027 00       		.byte	0
 495 0028 00       		.byte	0
 496 0029 04       		.uleb128 0x4
 497 002a 16       		.uleb128 0x16
 498 002b 00       		.byte	0
 499 002c 03       		.uleb128 0x3
 500 002d 0E       		.uleb128 0xe
 501 002e 3A       		.uleb128 0x3a
 502 002f 0B       		.uleb128 0xb
 503 0030 3B       		.uleb128 0x3b
 504 0031 05       		.uleb128 0x5
 505 0032 49       		.uleb128 0x49
 506 0033 13       		.uleb128 0x13
ARM GAS  C:\Users\ramanatg\AppData\Local\Temp\ccXvaBr7.s 			page 13


 507 0034 00       		.byte	0
 508 0035 00       		.byte	0
 509 0036 05       		.uleb128 0x5
 510 0037 04       		.uleb128 0x4
 511 0038 01       		.byte	0x1
 512 0039 0B       		.uleb128 0xb
 513 003a 0B       		.uleb128 0xb
 514 003b 3A       		.uleb128 0x3a
 515 003c 0B       		.uleb128 0xb
 516 003d 3B       		.uleb128 0x3b
 517 003e 05       		.uleb128 0x5
 518 003f 01       		.uleb128 0x1
 519 0040 13       		.uleb128 0x13
 520 0041 00       		.byte	0
 521 0042 00       		.byte	0
 522 0043 06       		.uleb128 0x6
 523 0044 28       		.uleb128 0x28
 524 0045 00       		.byte	0
 525 0046 03       		.uleb128 0x3
 526 0047 0E       		.uleb128 0xe
 527 0048 1C       		.uleb128 0x1c
 528 0049 0D       		.uleb128 0xd
 529 004a 00       		.byte	0
 530 004b 00       		.byte	0
 531 004c 07       		.uleb128 0x7
 532 004d 13       		.uleb128 0x13
 533 004e 01       		.byte	0x1
 534 004f 0B       		.uleb128 0xb
 535 0050 0B       		.uleb128 0xb
 536 0051 3A       		.uleb128 0x3a
 537 0052 0B       		.uleb128 0xb
 538 0053 3B       		.uleb128 0x3b
 539 0054 0B       		.uleb128 0xb
 540 0055 01       		.uleb128 0x1
 541 0056 13       		.uleb128 0x13
 542 0057 00       		.byte	0
 543 0058 00       		.byte	0
 544 0059 08       		.uleb128 0x8
 545 005a 0D       		.uleb128 0xd
 546 005b 00       		.byte	0
 547 005c 03       		.uleb128 0x3
 548 005d 0E       		.uleb128 0xe
 549 005e 3A       		.uleb128 0x3a
 550 005f 0B       		.uleb128 0xb
 551 0060 3B       		.uleb128 0x3b
 552 0061 0B       		.uleb128 0xb
 553 0062 49       		.uleb128 0x49
 554 0063 13       		.uleb128 0x13
 555 0064 38       		.uleb128 0x38
 556 0065 0B       		.uleb128 0xb
 557 0066 00       		.byte	0
 558 0067 00       		.byte	0
 559 0068 09       		.uleb128 0x9
 560 0069 01       		.uleb128 0x1
 561 006a 01       		.byte	0x1
 562 006b 49       		.uleb128 0x49
 563 006c 13       		.uleb128 0x13
ARM GAS  C:\Users\ramanatg\AppData\Local\Temp\ccXvaBr7.s 			page 14


 564 006d 01       		.uleb128 0x1
 565 006e 13       		.uleb128 0x13
 566 006f 00       		.byte	0
 567 0070 00       		.byte	0
 568 0071 0A       		.uleb128 0xa
 569 0072 21       		.uleb128 0x21
 570 0073 00       		.byte	0
 571 0074 49       		.uleb128 0x49
 572 0075 13       		.uleb128 0x13
 573 0076 2F       		.uleb128 0x2f
 574 0077 0B       		.uleb128 0xb
 575 0078 00       		.byte	0
 576 0079 00       		.byte	0
 577 007a 0B       		.uleb128 0xb
 578 007b 16       		.uleb128 0x16
 579 007c 00       		.byte	0
 580 007d 03       		.uleb128 0x3
 581 007e 0E       		.uleb128 0xe
 582 007f 3A       		.uleb128 0x3a
 583 0080 0B       		.uleb128 0xb
 584 0081 3B       		.uleb128 0x3b
 585 0082 0B       		.uleb128 0xb
 586 0083 49       		.uleb128 0x49
 587 0084 13       		.uleb128 0x13
 588 0085 00       		.byte	0
 589 0086 00       		.byte	0
 590 0087 0C       		.uleb128 0xc
 591 0088 2E       		.uleb128 0x2e
 592 0089 00       		.byte	0
 593 008a 3F       		.uleb128 0x3f
 594 008b 19       		.uleb128 0x19
 595 008c 03       		.uleb128 0x3
 596 008d 0E       		.uleb128 0xe
 597 008e 3A       		.uleb128 0x3a
 598 008f 0B       		.uleb128 0xb
 599 0090 3B       		.uleb128 0x3b
 600 0091 0B       		.uleb128 0xb
 601 0092 27       		.uleb128 0x27
 602 0093 19       		.uleb128 0x19
 603 0094 11       		.uleb128 0x11
 604 0095 01       		.uleb128 0x1
 605 0096 12       		.uleb128 0x12
 606 0097 06       		.uleb128 0x6
 607 0098 40       		.uleb128 0x40
 608 0099 18       		.uleb128 0x18
 609 009a 9742     		.uleb128 0x2117
 610 009c 19       		.uleb128 0x19
 611 009d 00       		.byte	0
 612 009e 00       		.byte	0
 613 009f 0D       		.uleb128 0xd
 614 00a0 34       		.uleb128 0x34
 615 00a1 00       		.byte	0
 616 00a2 03       		.uleb128 0x3
 617 00a3 0E       		.uleb128 0xe
 618 00a4 3A       		.uleb128 0x3a
 619 00a5 0B       		.uleb128 0xb
 620 00a6 3B       		.uleb128 0x3b
ARM GAS  C:\Users\ramanatg\AppData\Local\Temp\ccXvaBr7.s 			page 15


 621 00a7 0B       		.uleb128 0xb
 622 00a8 49       		.uleb128 0x49
 623 00a9 13       		.uleb128 0x13
 624 00aa 3F       		.uleb128 0x3f
 625 00ab 19       		.uleb128 0x19
 626 00ac 02       		.uleb128 0x2
 627 00ad 18       		.uleb128 0x18
 628 00ae 00       		.byte	0
 629 00af 00       		.byte	0
 630 00b0 0E       		.uleb128 0xe
 631 00b1 26       		.uleb128 0x26
 632 00b2 00       		.byte	0
 633 00b3 49       		.uleb128 0x49
 634 00b4 13       		.uleb128 0x13
 635 00b5 00       		.byte	0
 636 00b6 00       		.byte	0
 637 00b7 00       		.byte	0
 638              		.section	.debug_aranges,"",%progbits
 639 0000 1C000000 		.4byte	0x1c
 640 0004 0200     		.2byte	0x2
 641 0006 00000000 		.4byte	.Ldebug_info0
 642 000a 04       		.byte	0x4
 643 000b 00       		.byte	0
 644 000c 0000     		.2byte	0
 645 000e 0000     		.2byte	0
 646 0010 00000000 		.4byte	.LFB2
 647 0014 02000000 		.4byte	.LFE2-.LFB2
 648 0018 00000000 		.4byte	0
 649 001c 00000000 		.4byte	0
 650              		.section	.debug_ranges,"",%progbits
 651              	.Ldebug_ranges0:
 652 0000 00000000 		.4byte	.LFB2
 653 0004 02000000 		.4byte	.LFE2
 654 0008 00000000 		.4byte	0
 655 000c 00000000 		.4byte	0
 656              		.section	.debug_line,"",%progbits
 657              	.Ldebug_line0:
 658 0000 92000000 		.section	.debug_str,"MS",%progbits,1
 658      02007900 
 658      00000201 
 658      FB0E0D00 
 658      01010101 
 659              	.LASF22:
 660 0000 4359424C 		.ascii	"CYBLE_EVT_GAP_PASSKEY_ENTRY_REQUEST\000"
 660      455F4556 
 660      545F4741 
 660      505F5041 
 660      53534B45 
 661              	.LASF57:
 662 0024 4359424C 		.ascii	"CYBLE_EVT_GATTC_WRITE_RSP\000"
 662      455F4556 
 662      545F4741 
 662      5454435F 
 662      57524954 
 663              	.LASF19:
 664 003e 4359424C 		.ascii	"CYBLE_EVT_MEMORY_REQUEST\000"
 664      455F4556 
ARM GAS  C:\Users\ramanatg\AppData\Local\Temp\ccXvaBr7.s 			page 16


 664      545F4D45 
 664      4D4F5259 
 664      5F524551 
 665              	.LASF44:
 666 0057 4359424C 		.ascii	"CYBLE_EVT_GATTC_ERROR_RSP\000"
 666      455F4556 
 666      545F4741 
 666      5454435F 
 666      4552524F 
 667              	.LASF28:
 668 0071 4359424C 		.ascii	"CYBLE_EVT_GAP_DEVICE_DISCONNECTED\000"
 668      455F4556 
 668      545F4741 
 668      505F4445 
 668      56494345 
 669              	.LASF34:
 670 0093 4359424C 		.ascii	"CYBLE_EVT_GAP_KEYPRESS_NOTIFICATION\000"
 670      455F4556 
 670      545F4741 
 670      505F4B45 
 670      59505245 
 671              	.LASF2:
 672 00b7 73686F72 		.ascii	"short int\000"
 672      7420696E 
 672      7400
 673              	.LASF25:
 674 00c1 4359424C 		.ascii	"CYBLE_EVT_GAP_AUTH_FAILED\000"
 674      455F4556 
 674      545F4741 
 674      505F4155 
 674      54485F46 
 675              	.LASF46:
 676 00db 4359424C 		.ascii	"CYBLE_EVT_GATT_DISCONNECT_IND\000"
 676      455F4556 
 676      545F4741 
 676      54545F44 
 676      4953434F 
 677              	.LASF12:
 678 00f9 73697A65 		.ascii	"sizetype\000"
 678      74797065 
 678      00
 679              	.LASF36:
 680 0102 4359424C 		.ascii	"CYBLE_EVT_GAP_DATA_LENGTH_CHANGE\000"
 680      455F4556 
 680      545F4741 
 680      505F4441 
 680      54415F4C 
 681              	.LASF6:
 682 0123 6C6F6E67 		.ascii	"long long int\000"
 682      206C6F6E 
 682      6720696E 
 682      7400
 683              	.LASF90:
 684 0131 63757374 		.ascii	"customServHandle\000"
 684      6F6D5365 
 684      72764861 
 684      6E646C65 
ARM GAS  C:\Users\ramanatg\AppData\Local\Temp\ccXvaBr7.s 			page 17


 684      00
 685              	.LASF17:
 686 0142 4359424C 		.ascii	"CYBLE_EVT_HCI_STATUS\000"
 686      455F4556 
 686      545F4843 
 686      495F5354 
 686      41545553 
 687              	.LASF96:
 688 0157 4379426C 		.ascii	"CyBle_CustomInit\000"
 688      655F4375 
 688      73746F6D 
 688      496E6974 
 688      00
 689              	.LASF14:
 690 0168 4359424C 		.ascii	"CYBLE_EVT_STACK_ON\000"
 690      455F4556 
 690      545F5354 
 690      41434B5F 
 690      4F4E00
 691              	.LASF43:
 692 017b 4359424C 		.ascii	"CYBLE_EVT_GAP_SMP_LOC_P256_KEYS_GEN_AND_SET_COMPLET"
 692      455F4556 
 692      545F4741 
 692      505F534D 
 692      505F4C4F 
 693 01ae 4500     		.ascii	"E\000"
 694              	.LASF47:
 695 01b0 4359424C 		.ascii	"CYBLE_EVT_GATTS_XCNHG_MTU_REQ\000"
 695      455F4556 
 695      545F4741 
 695      5454535F 
 695      58434E48 
 696              	.LASF85:
 697 01ce 75696E74 		.ascii	"uint16\000"
 697      313600
 698              	.LASF88:
 699 01d5 63757374 		.ascii	"customServCharDesc\000"
 699      6F6D5365 
 699      72764368 
 699      61724465 
 699      736300
 700              	.LASF55:
 701 01e8 4359424C 		.ascii	"CYBLE_EVT_GATTC_READ_MULTI_RSP\000"
 701      455F4556 
 701      545F4741 
 701      5454435F 
 701      52454144 
 702              	.LASF64:
 703 0207 4359424C 		.ascii	"CYBLE_EVT_GATTS_HANDLE_VALUE_CNF\000"
 703      455F4556 
 703      545F4741 
 703      5454535F 
 703      48414E44 
 704              	.LASF13:
 705 0228 4359424C 		.ascii	"CYBLE_EVT_HOST_INVALID\000"
 705      455F4556 
 705      545F484F 
ARM GAS  C:\Users\ramanatg\AppData\Local\Temp\ccXvaBr7.s 			page 18


 705      53545F49 
 705      4E56414C 
 706              	.LASF72:
 707 023f 4359424C 		.ascii	"CYBLE_EVT_L2CAP_CBFC_CONN_IND\000"
 707      455F4556 
 707      545F4C32 
 707      4341505F 
 707      43424643 
 708              	.LASF75:
 709 025d 4359424C 		.ascii	"CYBLE_EVT_L2CAP_CBFC_DISCONN_CNF\000"
 709      455F4556 
 709      545F4C32 
 709      4341505F 
 709      43424643 
 710              	.LASF9:
 711 027e 666C6F61 		.ascii	"float\000"
 711      7400
 712              	.LASF53:
 713 0284 4359424C 		.ascii	"CYBLE_EVT_GATTC_READ_RSP\000"
 713      455F4556 
 713      545F4741 
 713      5454435F 
 713      52454144 
 714              	.LASF33:
 715 029d 4359424C 		.ascii	"CYBLE_EVT_GAP_NUMERIC_COMPARISON_REQUEST\000"
 715      455F4556 
 715      545F4741 
 715      505F4E55 
 715      4D455249 
 716              	.LASF94:
 717 02c6 47656E65 		.ascii	"Generated_Source\\PSoC4\\BLE_custom.c\000"
 717      72617465 
 717      645F536F 
 717      75726365 
 717      5C50536F 
 718              	.LASF7:
 719 02ea 6C6F6E67 		.ascii	"long long unsigned int\000"
 719      206C6F6E 
 719      6720756E 
 719      7369676E 
 719      65642069 
 720              	.LASF89:
 721 0301 4359424C 		.ascii	"CYBLE_CUSTOMS_INFO_T\000"
 721      455F4355 
 721      53544F4D 
 721      535F494E 
 721      464F5F54 
 722              	.LASF42:
 723 0316 4359424C 		.ascii	"CYBLE_EVT_GAP_AUTH_REQ_REPLY_ERR\000"
 723      455F4556 
 723      545F4741 
 723      505F4155 
 723      54485F52 
 724              	.LASF4:
 725 0337 6C6F6E67 		.ascii	"long int\000"
 725      20696E74 
 725      00
ARM GAS  C:\Users\ramanatg\AppData\Local\Temp\ccXvaBr7.s 			page 19


 726              	.LASF63:
 727 0340 4359424C 		.ascii	"CYBLE_EVT_GATTC_HANDLE_VALUE_IND\000"
 727      455F4556 
 727      545F4741 
 727      5454435F 
 727      48414E44 
 728              	.LASF27:
 729 0361 4359424C 		.ascii	"CYBLE_EVT_GAP_DEVICE_CONNECTED\000"
 729      455F4556 
 729      545F4741 
 729      505F4445 
 729      56494345 
 730              	.LASF26:
 731 0380 4359424C 		.ascii	"CYBLE_EVT_GAPP_ADVERTISEMENT_START_STOP\000"
 731      455F4556 
 731      545F4741 
 731      50505F41 
 731      44564552 
 732              	.LASF62:
 733 03a8 4359424C 		.ascii	"CYBLE_EVT_GATTC_HANDLE_VALUE_NTF\000"
 733      455F4556 
 733      545F4741 
 733      5454435F 
 733      48414E44 
 734              	.LASF18:
 735 03c9 4359424C 		.ascii	"CYBLE_EVT_STACK_BUSY_STATUS\000"
 735      455F4556 
 735      545F5354 
 735      41434B5F 
 735      42555359 
 736              	.LASF23:
 737 03e5 4359424C 		.ascii	"CYBLE_EVT_GAP_PASSKEY_DISPLAY_REQUEST\000"
 737      455F4556 
 737      545F4741 
 737      505F5041 
 737      53534B45 
 738              	.LASF92:
 739 040b 4359424C 		.ascii	"CYBLE_CUSTOMS_T\000"
 739      455F4355 
 739      53544F4D 
 739      535F5400 
 740              	.LASF73:
 741 041b 4359424C 		.ascii	"CYBLE_EVT_L2CAP_CBFC_CONN_CNF\000"
 741      455F4556 
 741      545F4C32 
 741      4341505F 
 741      43424643 
 742              	.LASF37:
 743 0439 4359424C 		.ascii	"CYBLE_EVT_GAP_ENHANCE_CONN_COMPLETE\000"
 743      455F4556 
 743      545F4741 
 743      505F454E 
 743      48414E43 
 744              	.LASF69:
 745 045d 4359424C 		.ascii	"CYBLE_EVT_L2CAP_CONN_PARAM_UPDATE_REQ\000"
 745      455F4556 
 745      545F4C32 
ARM GAS  C:\Users\ramanatg\AppData\Local\Temp\ccXvaBr7.s 			page 20


 745      4341505F 
 745      434F4E4E 
 746              	.LASF1:
 747 0483 756E7369 		.ascii	"unsigned char\000"
 747      676E6564 
 747      20636861 
 747      7200
 748              	.LASF91:
 749 0491 63757374 		.ascii	"customServInfo\000"
 749      6F6D5365 
 749      7276496E 
 749      666F00
 750              	.LASF59:
 751 04a0 4359424C 		.ascii	"CYBLE_EVT_GATTS_PREP_WRITE_REQ\000"
 751      455F4556 
 751      545F4741 
 751      5454535F 
 751      50524550 
 752              	.LASF81:
 753 04bf 4359424C 		.ascii	"CYBLE_EVT_LE_PING_AUTH_TIMEOUT\000"
 753      455F4556 
 753      545F4C45 
 753      5F50494E 
 753      475F4155 
 754              	.LASF51:
 755 04de 4359424C 		.ascii	"CYBLE_EVT_GATTC_FIND_INFO_RSP\000"
 755      455F4556 
 755      545F4741 
 755      5454435F 
 755      46494E44 
 756              	.LASF0:
 757 04fc 7369676E 		.ascii	"signed char\000"
 757      65642063 
 757      68617200 
 758              	.LASF95:
 759 0508 433A5C50 		.ascii	"C:\\Program Files (x86)\\Cypress\\CYALKIT-E02 Solar"
 759      726F6772 
 759      616D2046 
 759      696C6573 
 759      20287838 
 760 0538 2D506F77 		.ascii	"-Powered BLE Sensor Beacon RDK\\1.0\\Firmware\\BLE\\"
 760      65726564 
 760      20424C45 
 760      2053656E 
 760      736F7220 
 761 0568 536F6C61 		.ascii	"Solar_BLE_Sensor\\Solar_BLE_Sensor.cydsn\000"
 761      725F424C 
 761      455F5365 
 761      6E736F72 
 761      5C536F6C 
 762              	.LASF56:
 763 0590 4359424C 		.ascii	"CYBLE_EVT_GATTS_WRITE_REQ\000"
 763      455F4556 
 763      545F4741 
 763      5454535F 
 763      57524954 
 764              	.LASF52:
ARM GAS  C:\Users\ramanatg\AppData\Local\Temp\ccXvaBr7.s 			page 21


 765 05aa 4359424C 		.ascii	"CYBLE_EVT_GATTC_FIND_BY_TYPE_VALUE_RSP\000"
 765      455F4556 
 765      545F4741 
 765      5454435F 
 765      46494E44 
 766              	.LASF24:
 767 05d1 4359424C 		.ascii	"CYBLE_EVT_GAP_AUTH_COMPLETE\000"
 767      455F4556 
 767      545F4741 
 767      505F4155 
 767      54485F43 
 768              	.LASF8:
 769 05ed 756E7369 		.ascii	"unsigned int\000"
 769      676E6564 
 769      20696E74 
 769      00
 770              	.LASF45:
 771 05fa 4359424C 		.ascii	"CYBLE_EVT_GATT_CONNECT_IND\000"
 771      455F4556 
 771      545F4741 
 771      54545F43 
 771      4F4E4E45 
 772              	.LASF5:
 773 0615 6C6F6E67 		.ascii	"long unsigned int\000"
 773      20756E73 
 773      69676E65 
 773      6420696E 
 773      7400
 774              	.LASF21:
 775 0627 4359424C 		.ascii	"CYBLE_EVT_GAP_AUTH_REQ\000"
 775      455F4556 
 775      545F4741 
 775      505F4155 
 775      54485F52 
 776              	.LASF74:
 777 063e 4359424C 		.ascii	"CYBLE_EVT_L2CAP_CBFC_DISCONN_IND\000"
 777      455F4556 
 777      545F4C32 
 777      4341505F 
 777      43424643 
 778              	.LASF29:
 779 065f 4359424C 		.ascii	"CYBLE_EVT_GAP_ENCRYPT_CHANGE\000"
 779      455F4556 
 779      545F4741 
 779      505F454E 
 779      43525950 
 780              	.LASF40:
 781 067c 4359424C 		.ascii	"CYBLE_EVT_GAP_CONN_ESTB\000"
 781      455F4556 
 781      545F4741 
 781      505F434F 
 781      4E4E5F45 
 782              	.LASF68:
 783 0694 4359424C 		.ascii	"CYBLE_EVT_GATTC_LONG_PROCEDURE_END\000"
 783      455F4556 
 783      545F4741 
 783      5454435F 
ARM GAS  C:\Users\ramanatg\AppData\Local\Temp\ccXvaBr7.s 			page 22


 783      4C4F4E47 
 784              	.LASF32:
 785 06b7 4359424C 		.ascii	"CYBLE_EVT_GAP_KEYINFO_EXCHNGE_CMPLT\000"
 785      455F4556 
 785      545F4741 
 785      505F4B45 
 785      59494E46 
 786              	.LASF83:
 787 06db 4359424C 		.ascii	"CYBLE_EVT_FLASH_CORRUPT\000"
 787      455F4556 
 787      545F464C 
 787      4153485F 
 787      434F5252 
 788              	.LASF30:
 789 06f3 4359424C 		.ascii	"CYBLE_EVT_GAP_CONNECTION_UPDATE_COMPLETE\000"
 789      455F4556 
 789      545F4741 
 789      505F434F 
 789      4E4E4543 
 790              	.LASF39:
 791 071c 4359424C 		.ascii	"CYBLE_EVT_GAP_SMP_NEGOTIATED_AUTH_INFO\000"
 791      455F4556 
 791      545F4741 
 791      505F534D 
 791      505F4E45 
 792              	.LASF11:
 793 0743 63686172 		.ascii	"char\000"
 793      00
 794              	.LASF71:
 795 0748 4359424C 		.ascii	"CYBLE_EVT_L2CAP_COMMAND_REJ\000"
 795      455F4556 
 795      545F4C32 
 795      4341505F 
 795      434F4D4D 
 796              	.LASF3:
 797 0764 73686F72 		.ascii	"short unsigned int\000"
 797      7420756E 
 797      7369676E 
 797      65642069 
 797      6E7400
 798              	.LASF38:
 799 0777 4359424C 		.ascii	"CYBLE_EVT_GAPC_DIRECT_ADV_REPORT\000"
 799      455F4556 
 799      545F4741 
 799      50435F44 
 799      49524543 
 800              	.LASF54:
 801 0798 4359424C 		.ascii	"CYBLE_EVT_GATTC_READ_BLOB_RSP\000"
 801      455F4556 
 801      545F4741 
 801      5454435F 
 801      52454144 
 802              	.LASF61:
 803 07b6 4359424C 		.ascii	"CYBLE_EVT_GATTC_EXEC_WRITE_RSP\000"
 803      455F4556 
 803      545F4741 
 803      5454435F 
ARM GAS  C:\Users\ramanatg\AppData\Local\Temp\ccXvaBr7.s 			page 23


 803      45584543 
 804              	.LASF31:
 805 07d5 4359424C 		.ascii	"CYBLE_EVT_GAPC_SCAN_START_STOP\000"
 805      455F4556 
 805      545F4741 
 805      50435F53 
 805      43414E5F 
 806              	.LASF80:
 807 07f4 4359424C 		.ascii	"CYBLE_EVT_PENDING_FLASH_WRITE\000"
 807      455F4556 
 807      545F5045 
 807      4E44494E 
 807      475F464C 
 808              	.LASF77:
 809 0812 4359424C 		.ascii	"CYBLE_EVT_L2CAP_CBFC_RX_CREDIT_IND\000"
 809      455F4556 
 809      545F4C32 
 809      4341505F 
 809      43424643 
 810              	.LASF10:
 811 0835 646F7562 		.ascii	"double\000"
 811      6C6500
 812              	.LASF78:
 813 083c 4359424C 		.ascii	"CYBLE_EVT_L2CAP_CBFC_TX_CREDIT_IND\000"
 813      455F4556 
 813      545F4C32 
 813      4341505F 
 813      43424643 
 814              	.LASF87:
 815 085f 63757374 		.ascii	"customServCharHandle\000"
 815      6F6D5365 
 815      72764368 
 815      61724861 
 815      6E646C65 
 816              	.LASF41:
 817 0874 4359424C 		.ascii	"CYBLE_EVT_GAP_SCAN_REQ_RECVD\000"
 817      455F4556 
 817      545F4741 
 817      505F5343 
 817      414E5F52 
 818              	.LASF16:
 819 0891 4359424C 		.ascii	"CYBLE_EVT_HARDWARE_ERROR\000"
 819      455F4556 
 819      545F4841 
 819      52445741 
 819      52455F45 
 820              	.LASF76:
 821 08aa 4359424C 		.ascii	"CYBLE_EVT_L2CAP_CBFC_DATA_READ\000"
 821      455F4556 
 821      545F4C32 
 821      4341505F 
 821      43424643 
 822              	.LASF70:
 823 08c9 4359424C 		.ascii	"CYBLE_EVT_L2CAP_CONN_PARAM_UPDATE_RSP\000"
 823      455F4556 
 823      545F4C32 
 823      4341505F 
ARM GAS  C:\Users\ramanatg\AppData\Local\Temp\ccXvaBr7.s 			page 24


 823      434F4E4E 
 824              	.LASF20:
 825 08ef 4359424C 		.ascii	"CYBLE_EVT_GAPC_SCAN_PROGRESS_RESULT\000"
 825      455F4556 
 825      545F4741 
 825      50435F53 
 825      43414E5F 
 826              	.LASF49:
 827 0913 4359424C 		.ascii	"CYBLE_EVT_GATTC_READ_BY_GROUP_TYPE_RSP\000"
 827      455F4556 
 827      545F4741 
 827      5454435F 
 827      52454144 
 828              	.LASF58:
 829 093a 4359424C 		.ascii	"CYBLE_EVT_GATTS_WRITE_CMD_REQ\000"
 829      455F4556 
 829      545F4741 
 829      5454535F 
 829      57524954 
 830              	.LASF50:
 831 0958 4359424C 		.ascii	"CYBLE_EVT_GATTC_READ_BY_TYPE_RSP\000"
 831      455F4556 
 831      545F4741 
 831      5454435F 
 831      52454144 
 832              	.LASF48:
 833 0979 4359424C 		.ascii	"CYBLE_EVT_GATTC_XCHNG_MTU_RSP\000"
 833      455F4556 
 833      545F4741 
 833      5454435F 
 833      5843484E 
 834              	.LASF79:
 835 0997 4359424C 		.ascii	"CYBLE_EVT_L2CAP_CBFC_DATA_WRITE_IND\000"
 835      455F4556 
 835      545F4C32 
 835      4341505F 
 835      43424643 
 836              	.LASF15:
 837 09bb 4359424C 		.ascii	"CYBLE_EVT_TIMEOUT\000"
 837      455F4556 
 837      545F5449 
 837      4D454F55 
 837      5400
 838              	.LASF84:
 839 09cd 4359424C 		.ascii	"CYBLE_EVT_MAX\000"
 839      455F4556 
 839      545F4D41 
 839      5800
 840              	.LASF67:
 841 09db 4359424C 		.ascii	"CYBLE_EVT_GATTS_READ_CHAR_VAL_ACCESS_REQ\000"
 841      455F4556 
 841      545F4741 
 841      5454535F 
 841      52454144 
 842              	.LASF66:
 843 0a04 4359424C 		.ascii	"CYBLE_EVT_GATTC_STOP_CMD_COMPLETE\000"
 843      455F4556 
ARM GAS  C:\Users\ramanatg\AppData\Local\Temp\ccXvaBr7.s 			page 25


 843      545F4741 
 843      5454435F 
 843      53544F50 
 844              	.LASF60:
 845 0a26 4359424C 		.ascii	"CYBLE_EVT_GATTS_EXEC_WRITE_REQ\000"
 845      455F4556 
 845      545F4741 
 845      5454535F 
 845      45584543 
 846              	.LASF93:
 847 0a45 474E5520 		.ascii	"GNU C 4.9.3 20150303 (release) [ARM/embedded-4_9-br"
 847      4320342E 
 847      392E3320 
 847      32303135 
 847      30333033 
 848 0a78 616E6368 		.ascii	"anch revision 221220] -mcpu=cortex-m0 -mthumb -g -O"
 848      20726576 
 848      6973696F 
 848      6E203232 
 848      31323230 
 849 0aab 33202D66 		.ascii	"3 -ffunction-sections -ffat-lto-objects\000"
 849      66756E63 
 849      74696F6E 
 849      2D736563 
 849      74696F6E 
 850              	.LASF86:
 851 0ad3 4359424C 		.ascii	"CYBLE_GATT_DB_ATTR_HANDLE_T\000"
 851      455F4741 
 851      54545F44 
 851      425F4154 
 851      54525F48 
 852              	.LASF97:
 853 0aef 6379426C 		.ascii	"cyBle_customs\000"
 853      655F6375 
 853      73746F6D 
 853      7300
 854              	.LASF65:
 855 0afd 4359424C 		.ascii	"CYBLE_EVT_GATTS_DATA_SIGNED_CMD_REQ\000"
 855      455F4556 
 855      545F4741 
 855      5454535F 
 855      44415441 
 856              	.LASF82:
 857 0b21 4359424C 		.ascii	"CYBLE_EVT_HCI_PKT\000"
 857      455F4556 
 857      545F4843 
 857      495F504B 
 857      5400
 858              	.LASF35:
 859 0b33 4359424C 		.ascii	"CYBLE_EVT_GAP_OOB_GENERATED_NOTIFICATION\000"
 859      455F4556 
 859      545F4741 
 859      505F4F4F 
 859      425F4745 
 860              		.ident	"GCC: (GNU Tools for ARM Embedded Processors) 4.9.3 20150303 (release) [ARM/embedded-4_9-br
